ERROR - 2017-04-05 14:33:03 --> 404 Page Not Found: Themes/admin
ERROR - 2017-04-05 14:33:03 --> 404 Page Not Found: Themes/admin
ERROR - 2017-04-05 14:33:08 --> 404 Page Not Found: Themes/admin
ERROR - 2017-04-05 14:33:08 --> 404 Page Not Found: Themes/admin
ERROR - 2017-04-05 14:34:57 --> 404 Page Not Found: Themes/admin
ERROR - 2017-04-05 14:34:57 --> 404 Page Not Found: Themes/admin
ERROR - 2017-04-05 14:35:03 --> 404 Page Not Found: Themes/admin
ERROR - 2017-04-05 14:35:03 --> 404 Page Not Found: Themes/admin
ERROR - 2017-04-05 16:25:03 --> Severity: Warning --> Illegal string offset 'dutch' C:\wamp64\www\myopeneyes\application\views\admin\settings\form.php 79
ERROR - 2017-04-05 16:25:03 --> Severity: Warning --> Illegal string offset 'english' C:\wamp64\www\myopeneyes\application\views\admin\settings\form.php 79
ERROR - 2017-04-05 16:25:03 --> Severity: Warning --> Illegal string offset 'indonesian' C:\wamp64\www\myopeneyes\application\views\admin\settings\form.php 79
ERROR - 2017-04-05 16:25:03 --> Severity: Warning --> Illegal string offset 'russian' C:\wamp64\www\myopeneyes\application\views\admin\settings\form.php 79
ERROR - 2017-04-05 16:25:03 --> Severity: Warning --> Illegal string offset 'simplified-chinese' C:\wamp64\www\myopeneyes\application\views\admin\settings\form.php 79
ERROR - 2017-04-05 16:25:03 --> Severity: Warning --> Illegal string offset 'spanish' C:\wamp64\www\myopeneyes\application\views\admin\settings\form.php 79
ERROR - 2017-04-05 16:25:03 --> Severity: Warning --> Illegal string offset 'turkish' C:\wamp64\www\myopeneyes\application\views\admin\settings\form.php 79
ERROR - 2017-04-05 16:27:24 --> Severity: Parsing Error --> syntax error, unexpected '=>' (T_DOUBLE_ARROW) C:\wamp64\www\myopeneyes\application\views\admin\settings\form.php 119
ERROR - 2017-04-05 15:34:47 --> 404 Page Not Found: admin/Logout/index
ERROR - 2017-04-05 16:43:12 --> Severity: Parsing Error --> syntax error, unexpected 'print_r' (T_STRING), expecting ',' or ';' C:\wamp64\www\myopeneyes\application\views\admin\settings\form.php 82
ERROR - 2017-04-05 16:56:03 --> Severity: Notice --> Array to string conversion C:\wamp64\www\myopeneyes\application\helpers\core_helper.php 212
ERROR - 2017-04-05 19:27:43 --> Could not find the language line "users title user_list"
ERROR - 2017-04-05 19:27:43 --> Could not find the language line "users tooltip add_new_user"
ERROR - 2017-04-05 19:27:43 --> Could not find the language line "users button add_new_user"
ERROR - 2017-04-05 19:27:43 --> Could not find the language line "users col user_id"
ERROR - 2017-04-05 19:27:43 --> Could not find the language line "users col username"
ERROR - 2017-04-05 19:27:43 --> Could not find the language line "users col first_name"
ERROR - 2017-04-05 19:27:43 --> Could not find the language line "users col last_name"
ERROR - 2017-04-05 19:27:43 --> Could not find the language line "users col is_admin"
ERROR - 2017-04-05 19:27:43 --> Could not find the language line "users input username"
ERROR - 2017-04-05 19:27:43 --> Could not find the language line "users input first_name"
ERROR - 2017-04-05 19:27:43 --> Could not find the language line "users input last_name"
ERROR - 2017-04-05 19:27:43 --> Severity: Notice --> Undefined variable: users C:\wamp64\www\myopeneyes\application\views\admin\clients\list.php 77
ERROR - 2017-04-05 19:27:43 --> Severity: Warning --> Invalid argument supplied for foreach() C:\wamp64\www\myopeneyes\application\views\admin\clients\list.php 77
ERROR - 2017-04-05 19:27:43 --> Severity: Notice --> Undefined variable: users C:\wamp64\www\myopeneyes\application\views\admin\clients\list.php 152
ERROR - 2017-04-05 19:27:43 --> Severity: Warning --> Invalid argument supplied for foreach() C:\wamp64\www\myopeneyes\application\views\admin\clients\list.php 152
ERROR - 2017-04-05 19:40:10 --> Could not find the language line "users title user_list"
ERROR - 2017-04-05 19:40:10 --> Could not find the language line "users tooltip add_new_user"
ERROR - 2017-04-05 19:40:10 --> Could not find the language line "users button add_new_user"
ERROR - 2017-04-05 19:40:10 --> Could not find the language line "users col user_id"
ERROR - 2017-04-05 19:40:10 --> Could not find the language line "users col username"
ERROR - 2017-04-05 19:40:10 --> Could not find the language line "users col first_name"
ERROR - 2017-04-05 19:40:10 --> Could not find the language line "users col last_name"
ERROR - 2017-04-05 19:40:10 --> Could not find the language line "users col is_admin"
ERROR - 2017-04-05 19:40:10 --> Could not find the language line "users input username"
ERROR - 2017-04-05 19:40:10 --> Could not find the language line "users input first_name"
ERROR - 2017-04-05 19:40:10 --> Could not find the language line "users input last_name"
ERROR - 2017-04-05 19:40:10 --> Severity: Notice --> Undefined variable: users C:\wamp64\www\myopeneyes\application\views\admin\clients\list.php 77
ERROR - 2017-04-05 19:40:10 --> Severity: Warning --> Invalid argument supplied for foreach() C:\wamp64\www\myopeneyes\application\views\admin\clients\list.php 77
ERROR - 2017-04-05 19:40:10 --> Severity: Notice --> Undefined variable: users C:\wamp64\www\myopeneyes\application\views\admin\clients\list.php 152
ERROR - 2017-04-05 19:40:10 --> Severity: Warning --> Invalid argument supplied for foreach() C:\wamp64\www\myopeneyes\application\views\admin\clients\list.php 152
ERROR - 2017-04-05 19:41:30 --> Could not find the language line "users title user_list"
ERROR - 2017-04-05 19:41:30 --> Could not find the language line "users tooltip add_new_user"
ERROR - 2017-04-05 19:41:30 --> Could not find the language line "users button add_new_user"
ERROR - 2017-04-05 19:41:30 --> Could not find the language line "users col user_id"
ERROR - 2017-04-05 19:41:30 --> Could not find the language line "users col username"
ERROR - 2017-04-05 19:41:30 --> Could not find the language line "users col first_name"
ERROR - 2017-04-05 19:41:30 --> Could not find the language line "users col last_name"
ERROR - 2017-04-05 19:41:30 --> Could not find the language line "users col is_admin"
ERROR - 2017-04-05 19:41:30 --> Could not find the language line "users input username"
ERROR - 2017-04-05 19:41:30 --> Could not find the language line "users input first_name"
ERROR - 2017-04-05 19:41:30 --> Could not find the language line "users input last_name"
ERROR - 2017-04-05 19:41:30 --> Severity: Notice --> Undefined variable: users C:\wamp64\www\myopeneyes\application\views\admin\clients\list.php 77
ERROR - 2017-04-05 19:41:30 --> Severity: Warning --> Invalid argument supplied for foreach() C:\wamp64\www\myopeneyes\application\views\admin\clients\list.php 77
ERROR - 2017-04-05 19:41:30 --> Severity: Notice --> Undefined variable: users C:\wamp64\www\myopeneyes\application\views\admin\clients\list.php 152
ERROR - 2017-04-05 19:41:30 --> Severity: Warning --> Invalid argument supplied for foreach() C:\wamp64\www\myopeneyes\application\views\admin\clients\list.php 152
ERROR - 2017-04-05 19:42:37 --> Could not find the language line "users title user_list"
ERROR - 2017-04-05 19:42:37 --> Could not find the language line "users tooltip add_new_user"
ERROR - 2017-04-05 19:42:37 --> Could not find the language line "users button add_new_user"
ERROR - 2017-04-05 19:42:37 --> Could not find the language line "users col user_id"
ERROR - 2017-04-05 19:42:37 --> Could not find the language line "users col username"
ERROR - 2017-04-05 19:42:37 --> Could not find the language line "users col first_name"
ERROR - 2017-04-05 19:42:37 --> Could not find the language line "users col last_name"
ERROR - 2017-04-05 19:42:37 --> Could not find the language line "users col is_admin"
ERROR - 2017-04-05 19:42:37 --> Could not find the language line "users input username"
ERROR - 2017-04-05 19:42:37 --> Could not find the language line "users input first_name"
ERROR - 2017-04-05 19:42:37 --> Could not find the language line "users input last_name"
ERROR - 2017-04-05 19:42:37 --> Severity: Notice --> Undefined variable: users C:\wamp64\www\myopeneyes\application\views\admin\clients\list.php 77
ERROR - 2017-04-05 19:42:37 --> Severity: Warning --> Invalid argument supplied for foreach() C:\wamp64\www\myopeneyes\application\views\admin\clients\list.php 77
ERROR - 2017-04-05 19:42:37 --> Severity: Notice --> Undefined variable: users C:\wamp64\www\myopeneyes\application\views\admin\clients\list.php 152
ERROR - 2017-04-05 19:42:37 --> Severity: Warning --> Invalid argument supplied for foreach() C:\wamp64\www\myopeneyes\application\views\admin\clients\list.php 152
ERROR - 2017-04-05 19:46:57 --> Severity: Notice --> Undefined index: company_id C:\wamp64\www\myopeneyes\application\views\admin\clients\list.php 80
ERROR - 2017-04-05 19:46:57 --> Severity: Notice --> Undefined index: name C:\wamp64\www\myopeneyes\application\views\admin\clients\list.php 83
ERROR - 2017-04-05 19:46:57 --> Severity: Notice --> Undefined index: city C:\wamp64\www\myopeneyes\application\views\admin\clients\list.php 86
ERROR - 2017-04-05 19:46:57 --> Severity: Notice --> Undefined variable: user C:\wamp64\www\myopeneyes\application\views\admin\clients\list.php 92
ERROR - 2017-04-05 19:46:57 --> Severity: Notice --> Undefined variable: user C:\wamp64\www\myopeneyes\application\views\admin\clients\list.php 95
ERROR - 2017-04-05 19:46:57 --> Severity: Notice --> Undefined variable: user C:\wamp64\www\myopeneyes\application\views\admin\clients\list.php 100
ERROR - 2017-04-05 19:46:57 --> Severity: Notice --> Undefined index: company_id C:\wamp64\www\myopeneyes\application\views\admin\clients\list.php 103
ERROR - 2017-04-05 19:46:57 --> Severity: Notice --> Undefined index: company_id C:\wamp64\www\myopeneyes\application\views\admin\clients\list.php 80
ERROR - 2017-04-05 19:46:57 --> Severity: Notice --> Undefined index: name C:\wamp64\www\myopeneyes\application\views\admin\clients\list.php 83
ERROR - 2017-04-05 19:46:57 --> Severity: Notice --> Undefined index: city C:\wamp64\www\myopeneyes\application\views\admin\clients\list.php 86
ERROR - 2017-04-05 19:46:57 --> Severity: Notice --> Undefined variable: user C:\wamp64\www\myopeneyes\application\views\admin\clients\list.php 92
ERROR - 2017-04-05 19:46:57 --> Severity: Notice --> Undefined variable: user C:\wamp64\www\myopeneyes\application\views\admin\clients\list.php 95
ERROR - 2017-04-05 19:46:57 --> Severity: Notice --> Undefined variable: user C:\wamp64\www\myopeneyes\application\views\admin\clients\list.php 100
ERROR - 2017-04-05 19:46:57 --> Severity: Notice --> Undefined index: company_id C:\wamp64\www\myopeneyes\application\views\admin\clients\list.php 103
ERROR - 2017-04-05 19:46:57 --> Severity: Notice --> Undefined index: company_id C:\wamp64\www\myopeneyes\application\views\admin\clients\list.php 153
ERROR - 2017-04-05 19:46:57 --> Severity: Notice --> Undefined index: company_id C:\wamp64\www\myopeneyes\application\views\admin\clients\list.php 153
ERROR - 2017-04-05 19:46:58 --> Severity: Notice --> Undefined index: company_id C:\wamp64\www\myopeneyes\application\views\admin\clients\list.php 158
ERROR - 2017-04-05 19:46:58 --> Severity: Notice --> Undefined index: city C:\wamp64\www\myopeneyes\application\views\admin\clients\list.php 161
ERROR - 2017-04-05 19:46:58 --> Severity: Notice --> Undefined index: company_id C:\wamp64\www\myopeneyes\application\views\admin\clients\list.php 165
ERROR - 2017-04-05 19:46:58 --> Severity: Notice --> Undefined index: company_id C:\wamp64\www\myopeneyes\application\views\admin\clients\list.php 153
ERROR - 2017-04-05 19:46:58 --> Severity: Notice --> Undefined index: company_id C:\wamp64\www\myopeneyes\application\views\admin\clients\list.php 153
ERROR - 2017-04-05 19:46:58 --> Severity: Notice --> Undefined index: company_id C:\wamp64\www\myopeneyes\application\views\admin\clients\list.php 158
ERROR - 2017-04-05 19:46:58 --> Severity: Notice --> Undefined index: city C:\wamp64\www\myopeneyes\application\views\admin\clients\list.php 161
ERROR - 2017-04-05 19:46:58 --> Severity: Notice --> Undefined index: company_id C:\wamp64\www\myopeneyes\application\views\admin\clients\list.php 165
ERROR - 2017-04-05 19:49:16 --> Could not find the language line "clients col state"
ERROR - 2017-04-05 19:49:16 --> Severity: Notice --> Undefined index: company_id C:\wamp64\www\myopeneyes\application\views\admin\clients\list.php 71
ERROR - 2017-04-05 19:49:16 --> Severity: Notice --> Undefined index: name C:\wamp64\www\myopeneyes\application\views\admin\clients\list.php 74
ERROR - 2017-04-05 19:49:16 --> Severity: Notice --> Undefined index: city C:\wamp64\www\myopeneyes\application\views\admin\clients\list.php 77
ERROR - 2017-04-05 19:49:16 --> Severity: Notice --> Undefined index: state C:\wamp64\www\myopeneyes\application\views\admin\clients\list.php 80
ERROR - 2017-04-05 19:49:16 --> Severity: Notice --> Undefined variable: user C:\wamp64\www\myopeneyes\application\views\admin\clients\list.php 83
ERROR - 2017-04-05 19:49:16 --> Severity: Notice --> Undefined variable: user C:\wamp64\www\myopeneyes\application\views\admin\clients\list.php 86
ERROR - 2017-04-05 19:49:16 --> Severity: Notice --> Undefined variable: user C:\wamp64\www\myopeneyes\application\views\admin\clients\list.php 91
ERROR - 2017-04-05 19:49:16 --> Severity: Notice --> Undefined index: company_id C:\wamp64\www\myopeneyes\application\views\admin\clients\list.php 94
ERROR - 2017-04-05 19:49:16 --> Severity: Notice --> Undefined index: company_id C:\wamp64\www\myopeneyes\application\views\admin\clients\list.php 71
ERROR - 2017-04-05 19:49:16 --> Severity: Notice --> Undefined index: name C:\wamp64\www\myopeneyes\application\views\admin\clients\list.php 74
ERROR - 2017-04-05 19:49:16 --> Severity: Notice --> Undefined index: city C:\wamp64\www\myopeneyes\application\views\admin\clients\list.php 77
ERROR - 2017-04-05 19:49:16 --> Severity: Notice --> Undefined index: state C:\wamp64\www\myopeneyes\application\views\admin\clients\list.php 80
ERROR - 2017-04-05 19:49:16 --> Severity: Notice --> Undefined variable: user C:\wamp64\www\myopeneyes\application\views\admin\clients\list.php 83
ERROR - 2017-04-05 19:49:16 --> Severity: Notice --> Undefined variable: user C:\wamp64\www\myopeneyes\application\views\admin\clients\list.php 86
ERROR - 2017-04-05 19:49:16 --> Severity: Notice --> Undefined variable: user C:\wamp64\www\myopeneyes\application\views\admin\clients\list.php 91
ERROR - 2017-04-05 19:49:16 --> Severity: Notice --> Undefined index: company_id C:\wamp64\www\myopeneyes\application\views\admin\clients\list.php 94
ERROR - 2017-04-05 19:49:16 --> Severity: Notice --> Undefined index: company_id C:\wamp64\www\myopeneyes\application\views\admin\clients\list.php 144
ERROR - 2017-04-05 19:49:16 --> Severity: Notice --> Undefined index: company_id C:\wamp64\www\myopeneyes\application\views\admin\clients\list.php 144
ERROR - 2017-04-05 19:49:16 --> Severity: Notice --> Undefined index: company_id C:\wamp64\www\myopeneyes\application\views\admin\clients\list.php 149
ERROR - 2017-04-05 19:49:16 --> Severity: Notice --> Undefined index: city C:\wamp64\www\myopeneyes\application\views\admin\clients\list.php 152
ERROR - 2017-04-05 19:49:16 --> Severity: Notice --> Undefined index: state C:\wamp64\www\myopeneyes\application\views\admin\clients\list.php 152
ERROR - 2017-04-05 19:49:16 --> Severity: Notice --> Undefined index: company_id C:\wamp64\www\myopeneyes\application\views\admin\clients\list.php 156
ERROR - 2017-04-05 19:49:16 --> Severity: Notice --> Undefined index: company_id C:\wamp64\www\myopeneyes\application\views\admin\clients\list.php 144
ERROR - 2017-04-05 19:49:16 --> Severity: Notice --> Undefined index: company_id C:\wamp64\www\myopeneyes\application\views\admin\clients\list.php 144
ERROR - 2017-04-05 19:49:16 --> Severity: Notice --> Undefined index: company_id C:\wamp64\www\myopeneyes\application\views\admin\clients\list.php 149
ERROR - 2017-04-05 19:49:16 --> Severity: Notice --> Undefined index: city C:\wamp64\www\myopeneyes\application\views\admin\clients\list.php 152
ERROR - 2017-04-05 19:49:16 --> Severity: Notice --> Undefined index: state C:\wamp64\www\myopeneyes\application\views\admin\clients\list.php 152
ERROR - 2017-04-05 19:49:16 --> Severity: Notice --> Undefined index: company_id C:\wamp64\www\myopeneyes\application\views\admin\clients\list.php 156
ERROR - 2017-04-05 19:49:36 --> Severity: Notice --> Undefined index: company_id C:\wamp64\www\myopeneyes\application\views\admin\clients\list.php 67
ERROR - 2017-04-05 19:49:36 --> Severity: Notice --> Undefined index: name C:\wamp64\www\myopeneyes\application\views\admin\clients\list.php 70
ERROR - 2017-04-05 19:49:36 --> Severity: Notice --> Undefined index: city C:\wamp64\www\myopeneyes\application\views\admin\clients\list.php 73
ERROR - 2017-04-05 19:49:36 --> Severity: Notice --> Undefined index: state C:\wamp64\www\myopeneyes\application\views\admin\clients\list.php 76
ERROR - 2017-04-05 19:49:36 --> Severity: Notice --> Undefined variable: user C:\wamp64\www\myopeneyes\application\views\admin\clients\list.php 79
ERROR - 2017-04-05 19:49:36 --> Severity: Notice --> Undefined variable: user C:\wamp64\www\myopeneyes\application\views\admin\clients\list.php 82
ERROR - 2017-04-05 19:49:36 --> Severity: Notice --> Undefined variable: user C:\wamp64\www\myopeneyes\application\views\admin\clients\list.php 87
ERROR - 2017-04-05 19:49:36 --> Severity: Notice --> Undefined index: company_id C:\wamp64\www\myopeneyes\application\views\admin\clients\list.php 90
ERROR - 2017-04-05 19:49:36 --> Severity: Notice --> Undefined index: company_id C:\wamp64\www\myopeneyes\application\views\admin\clients\list.php 67
ERROR - 2017-04-05 19:49:36 --> Severity: Notice --> Undefined index: name C:\wamp64\www\myopeneyes\application\views\admin\clients\list.php 70
ERROR - 2017-04-05 19:49:36 --> Severity: Notice --> Undefined index: city C:\wamp64\www\myopeneyes\application\views\admin\clients\list.php 73
ERROR - 2017-04-05 19:49:36 --> Severity: Notice --> Undefined index: state C:\wamp64\www\myopeneyes\application\views\admin\clients\list.php 76
ERROR - 2017-04-05 19:49:36 --> Severity: Notice --> Undefined variable: user C:\wamp64\www\myopeneyes\application\views\admin\clients\list.php 79
ERROR - 2017-04-05 19:49:36 --> Severity: Notice --> Undefined variable: user C:\wamp64\www\myopeneyes\application\views\admin\clients\list.php 82
ERROR - 2017-04-05 19:49:36 --> Severity: Notice --> Undefined variable: user C:\wamp64\www\myopeneyes\application\views\admin\clients\list.php 87
ERROR - 2017-04-05 19:49:36 --> Severity: Notice --> Undefined index: company_id C:\wamp64\www\myopeneyes\application\views\admin\clients\list.php 90
ERROR - 2017-04-05 19:49:36 --> Severity: Notice --> Undefined index: company_id C:\wamp64\www\myopeneyes\application\views\admin\clients\list.php 140
ERROR - 2017-04-05 19:49:36 --> Severity: Notice --> Undefined index: company_id C:\wamp64\www\myopeneyes\application\views\admin\clients\list.php 140
ERROR - 2017-04-05 19:49:36 --> Severity: Notice --> Undefined index: company_id C:\wamp64\www\myopeneyes\application\views\admin\clients\list.php 145
ERROR - 2017-04-05 19:49:36 --> Severity: Notice --> Undefined index: city C:\wamp64\www\myopeneyes\application\views\admin\clients\list.php 148
ERROR - 2017-04-05 19:49:36 --> Severity: Notice --> Undefined index: state C:\wamp64\www\myopeneyes\application\views\admin\clients\list.php 148
ERROR - 2017-04-05 19:49:36 --> Severity: Notice --> Undefined index: company_id C:\wamp64\www\myopeneyes\application\views\admin\clients\list.php 152
ERROR - 2017-04-05 19:49:36 --> Severity: Notice --> Undefined index: company_id C:\wamp64\www\myopeneyes\application\views\admin\clients\list.php 140
ERROR - 2017-04-05 19:49:36 --> Severity: Notice --> Undefined index: company_id C:\wamp64\www\myopeneyes\application\views\admin\clients\list.php 140
ERROR - 2017-04-05 19:49:36 --> Severity: Notice --> Undefined index: company_id C:\wamp64\www\myopeneyes\application\views\admin\clients\list.php 145
ERROR - 2017-04-05 19:49:36 --> Severity: Notice --> Undefined index: city C:\wamp64\www\myopeneyes\application\views\admin\clients\list.php 148
ERROR - 2017-04-05 19:49:36 --> Severity: Notice --> Undefined index: state C:\wamp64\www\myopeneyes\application\views\admin\clients\list.php 148
ERROR - 2017-04-05 19:49:36 --> Severity: Notice --> Undefined index: company_id C:\wamp64\www\myopeneyes\application\views\admin\clients\list.php 152
ERROR - 2017-04-05 19:50:28 --> Severity: Notice --> Undefined index: company_id C:\wamp64\www\myopeneyes\application\views\admin\clients\list.php 67
ERROR - 2017-04-05 19:50:28 --> Severity: Notice --> Undefined index: name C:\wamp64\www\myopeneyes\application\views\admin\clients\list.php 70
ERROR - 2017-04-05 19:50:28 --> Severity: Notice --> Undefined index: city C:\wamp64\www\myopeneyes\application\views\admin\clients\list.php 73
ERROR - 2017-04-05 19:50:28 --> Severity: Notice --> Undefined index: state C:\wamp64\www\myopeneyes\application\views\admin\clients\list.php 76
ERROR - 2017-04-05 19:50:28 --> Severity: Notice --> Undefined variable: user C:\wamp64\www\myopeneyes\application\views\admin\clients\list.php 79
ERROR - 2017-04-05 19:50:28 --> Severity: Notice --> Undefined variable: user C:\wamp64\www\myopeneyes\application\views\admin\clients\list.php 82
ERROR - 2017-04-05 19:50:28 --> Severity: Notice --> Undefined variable: user C:\wamp64\www\myopeneyes\application\views\admin\clients\list.php 87
ERROR - 2017-04-05 19:50:28 --> Severity: Notice --> Undefined index: company_id C:\wamp64\www\myopeneyes\application\views\admin\clients\list.php 90
ERROR - 2017-04-05 19:50:28 --> Severity: Notice --> Undefined index: company_id C:\wamp64\www\myopeneyes\application\views\admin\clients\list.php 67
ERROR - 2017-04-05 19:50:28 --> Severity: Notice --> Undefined index: name C:\wamp64\www\myopeneyes\application\views\admin\clients\list.php 70
ERROR - 2017-04-05 19:50:28 --> Severity: Notice --> Undefined index: city C:\wamp64\www\myopeneyes\application\views\admin\clients\list.php 73
ERROR - 2017-04-05 19:50:28 --> Severity: Notice --> Undefined index: state C:\wamp64\www\myopeneyes\application\views\admin\clients\list.php 76
ERROR - 2017-04-05 19:50:28 --> Severity: Notice --> Undefined variable: user C:\wamp64\www\myopeneyes\application\views\admin\clients\list.php 79
ERROR - 2017-04-05 19:50:28 --> Severity: Notice --> Undefined variable: user C:\wamp64\www\myopeneyes\application\views\admin\clients\list.php 82
ERROR - 2017-04-05 19:50:28 --> Severity: Notice --> Undefined variable: user C:\wamp64\www\myopeneyes\application\views\admin\clients\list.php 87
ERROR - 2017-04-05 19:50:28 --> Severity: Notice --> Undefined index: company_id C:\wamp64\www\myopeneyes\application\views\admin\clients\list.php 90
ERROR - 2017-04-05 19:50:28 --> Severity: Notice --> Undefined index: company_id C:\wamp64\www\myopeneyes\application\views\admin\clients\list.php 140
ERROR - 2017-04-05 19:50:28 --> Severity: Notice --> Undefined index: company_id C:\wamp64\www\myopeneyes\application\views\admin\clients\list.php 140
ERROR - 2017-04-05 19:50:28 --> Severity: Notice --> Undefined index: company_id C:\wamp64\www\myopeneyes\application\views\admin\clients\list.php 145
ERROR - 2017-04-05 19:50:28 --> Severity: Notice --> Undefined index: city C:\wamp64\www\myopeneyes\application\views\admin\clients\list.php 148
ERROR - 2017-04-05 19:50:28 --> Severity: Notice --> Undefined index: state C:\wamp64\www\myopeneyes\application\views\admin\clients\list.php 148
ERROR - 2017-04-05 19:50:28 --> Severity: Notice --> Undefined index: company_id C:\wamp64\www\myopeneyes\application\views\admin\clients\list.php 152
ERROR - 2017-04-05 19:50:28 --> Severity: Notice --> Undefined index: company_id C:\wamp64\www\myopeneyes\application\views\admin\clients\list.php 140
ERROR - 2017-04-05 19:50:28 --> Severity: Notice --> Undefined index: company_id C:\wamp64\www\myopeneyes\application\views\admin\clients\list.php 140
ERROR - 2017-04-05 19:50:28 --> Severity: Notice --> Undefined index: company_id C:\wamp64\www\myopeneyes\application\views\admin\clients\list.php 145
ERROR - 2017-04-05 19:50:28 --> Severity: Notice --> Undefined index: city C:\wamp64\www\myopeneyes\application\views\admin\clients\list.php 148
ERROR - 2017-04-05 19:50:28 --> Severity: Notice --> Undefined index: state C:\wamp64\www\myopeneyes\application\views\admin\clients\list.php 148
ERROR - 2017-04-05 19:50:28 --> Severity: Notice --> Undefined index: company_id C:\wamp64\www\myopeneyes\application\views\admin\clients\list.php 152
ERROR - 2017-04-05 19:54:51 --> Severity: Notice --> Undefined variable: user C:\wamp64\www\myopeneyes\application\views\admin\clients\list.php 79
ERROR - 2017-04-05 19:54:51 --> Severity: Notice --> Undefined variable: user C:\wamp64\www\myopeneyes\application\views\admin\clients\list.php 82
ERROR - 2017-04-05 19:54:51 --> Severity: Notice --> Undefined variable: user C:\wamp64\www\myopeneyes\application\views\admin\clients\list.php 87
ERROR - 2017-04-05 19:54:51 --> Severity: Notice --> Undefined variable: user C:\wamp64\www\myopeneyes\application\views\admin\clients\list.php 79
ERROR - 2017-04-05 19:54:51 --> Severity: Notice --> Undefined variable: user C:\wamp64\www\myopeneyes\application\views\admin\clients\list.php 82
ERROR - 2017-04-05 19:54:51 --> Severity: Notice --> Undefined variable: user C:\wamp64\www\myopeneyes\application\views\admin\clients\list.php 87
ERROR - 2017-04-05 19:54:51 --> Severity: Notice --> Undefined variable: user C:\wamp64\www\myopeneyes\application\views\admin\clients\list.php 79
ERROR - 2017-04-05 19:54:51 --> Severity: Notice --> Undefined variable: user C:\wamp64\www\myopeneyes\application\views\admin\clients\list.php 82
ERROR - 2017-04-05 19:54:51 --> Severity: Notice --> Undefined variable: user C:\wamp64\www\myopeneyes\application\views\admin\clients\list.php 87
ERROR - 2017-04-05 19:54:51 --> Severity: Notice --> Undefined variable: user C:\wamp64\www\myopeneyes\application\views\admin\clients\list.php 79
ERROR - 2017-04-05 19:54:51 --> Severity: Notice --> Undefined variable: user C:\wamp64\www\myopeneyes\application\views\admin\clients\list.php 82
ERROR - 2017-04-05 19:54:51 --> Severity: Notice --> Undefined variable: user C:\wamp64\www\myopeneyes\application\views\admin\clients\list.php 87
ERROR - 2017-04-05 19:55:56 --> Severity: Notice --> Undefined variable: user C:\wamp64\www\myopeneyes\application\views\admin\clients\list.php 80
ERROR - 2017-04-05 19:55:56 --> Severity: Notice --> Undefined variable: user C:\wamp64\www\myopeneyes\application\views\admin\clients\list.php 85
ERROR - 2017-04-05 19:55:56 --> Severity: Notice --> Undefined variable: user C:\wamp64\www\myopeneyes\application\views\admin\clients\list.php 80
ERROR - 2017-04-05 19:55:56 --> Severity: Notice --> Undefined variable: user C:\wamp64\www\myopeneyes\application\views\admin\clients\list.php 85
ERROR - 2017-04-05 19:55:56 --> Severity: Notice --> Undefined variable: user C:\wamp64\www\myopeneyes\application\views\admin\clients\list.php 80
ERROR - 2017-04-05 19:55:56 --> Severity: Notice --> Undefined variable: user C:\wamp64\www\myopeneyes\application\views\admin\clients\list.php 85
ERROR - 2017-04-05 19:55:56 --> Severity: Notice --> Undefined variable: user C:\wamp64\www\myopeneyes\application\views\admin\clients\list.php 80
ERROR - 2017-04-05 19:55:56 --> Severity: Notice --> Undefined variable: user C:\wamp64\www\myopeneyes\application\views\admin\clients\list.php 85
ERROR - 2017-04-05 19:56:10 --> Severity: Notice --> Undefined variable: user C:\wamp64\www\myopeneyes\application\views\admin\clients\list.php 83
ERROR - 2017-04-05 19:56:10 --> Severity: Notice --> Undefined variable: user C:\wamp64\www\myopeneyes\application\views\admin\clients\list.php 83
ERROR - 2017-04-05 19:56:10 --> Severity: Notice --> Undefined variable: user C:\wamp64\www\myopeneyes\application\views\admin\clients\list.php 83
ERROR - 2017-04-05 19:56:10 --> Severity: Notice --> Undefined variable: user C:\wamp64\www\myopeneyes\application\views\admin\clients\list.php 83
ERROR - 2017-04-05 20:53:15 --> Could not find the language line "clients input username"
ERROR - 2017-04-05 20:53:15 --> Could not find the language line "clients input first_name"
ERROR - 2017-04-05 20:53:15 --> Could not find the language line "clients input last_name"
ERROR - 2017-04-05 20:53:15 --> Could not find the language line "clients input username"
ERROR - 2017-04-05 20:55:29 --> Could not find the language line "clients input username"
ERROR - 2017-04-05 20:55:29 --> Could not find the language line "clients input first_name"
ERROR - 2017-04-05 20:55:29 --> Could not find the language line "clients input last_name"
ERROR - 2017-04-05 20:56:24 --> Could not find the language line "clients input username"
ERROR - 2017-04-05 20:56:24 --> Could not find the language line "clients input first_name"
ERROR - 2017-04-05 20:56:24 --> Could not find the language line "clients input last_name"
ERROR - 2017-04-05 20:58:34 --> Could not find the language line "clients input username"
ERROR - 2017-04-05 20:58:34 --> Could not find the language line "clients input first_name"
ERROR - 2017-04-05 20:58:34 --> Could not find the language line "clients input last_name"
ERROR - 2017-04-05 20:58:34 --> Could not find the language line "clients input email"
ERROR - 2017-04-05 20:58:34 --> Could not find the language line "clients input language"
ERROR - 2017-04-05 20:58:34 --> Could not find the language line "clients input status"
ERROR - 2017-04-05 20:58:34 --> Could not find the language line "clients input is_admin"
ERROR - 2017-04-05 20:58:34 --> Could not find the language line "clients input password"
ERROR - 2017-04-05 20:58:34 --> Could not find the language line "clients input password_repeat"
ERROR - 2017-04-05 20:58:34 --> Could not find the language line "clients input company primary phone"
ERROR - 2017-04-05 20:58:34 --> Could not find the language line "clients input state"
ERROR - 2017-04-05 20:58:34 --> Could not find the language line "clients input language"
ERROR - 2017-04-05 20:58:34 --> Could not find the language line "clients input email"
ERROR - 2017-04-05 20:58:34 --> Could not find the language line "clients input email"
ERROR - 2017-04-05 20:58:34 --> Could not find the language line "clients input status"
ERROR - 2017-04-05 20:58:34 --> Could not find the language line "clients input is_admin"
ERROR - 2017-04-05 20:58:34 --> Could not find the language line "clients input password"
ERROR - 2017-04-05 20:58:34 --> Could not find the language line "clients input password_repeat"
ERROR - 2017-04-05 20:59:04 --> Could not find the language line "clients input username"
ERROR - 2017-04-05 20:59:04 --> Could not find the language line "clients input first_name"
ERROR - 2017-04-05 20:59:04 --> Could not find the language line "clients input last_name"
ERROR - 2017-04-05 20:59:04 --> Could not find the language line "clients input email"
ERROR - 2017-04-05 20:59:04 --> Could not find the language line "clients input language"
ERROR - 2017-04-05 20:59:04 --> Could not find the language line "clients input status"
ERROR - 2017-04-05 20:59:04 --> Could not find the language line "clients input is_admin"
ERROR - 2017-04-05 20:59:04 --> Could not find the language line "clients input password"
ERROR - 2017-04-05 20:59:04 --> Could not find the language line "clients input password_repeat"
ERROR - 2017-04-05 20:59:04 --> Could not find the language line "clients input company primary phone"
ERROR - 2017-04-05 20:59:04 --> Could not find the language line "clients input state"
ERROR - 2017-04-05 20:59:04 --> Could not find the language line "clients input language"
ERROR - 2017-04-05 20:59:04 --> Could not find the language line "clients input email"
ERROR - 2017-04-05 20:59:04 --> Could not find the language line "clients input email"
ERROR - 2017-04-05 20:59:04 --> Could not find the language line "clients input status"
ERROR - 2017-04-05 20:59:04 --> Could not find the language line "clients input is_admin"
ERROR - 2017-04-05 20:59:04 --> Could not find the language line "clients input password"
ERROR - 2017-04-05 20:59:04 --> Could not find the language line "clients input password_repeat"
ERROR - 2017-04-05 21:00:03 --> Could not find the language line "clients input username"
ERROR - 2017-04-05 21:00:03 --> Could not find the language line "clients input first_name"
ERROR - 2017-04-05 21:00:03 --> Could not find the language line "clients input last_name"
ERROR - 2017-04-05 21:00:03 --> Could not find the language line "clients input email"
ERROR - 2017-04-05 21:00:03 --> Could not find the language line "clients input language"
ERROR - 2017-04-05 21:00:03 --> Could not find the language line "clients input status"
ERROR - 2017-04-05 21:00:03 --> Could not find the language line "clients input is_admin"
ERROR - 2017-04-05 21:00:03 --> Could not find the language line "clients input password"
ERROR - 2017-04-05 21:00:03 --> Could not find the language line "clients input password_repeat"
ERROR - 2017-04-05 21:00:03 --> Could not find the language line "clients input state"
ERROR - 2017-04-05 21:00:03 --> Could not find the language line "clients input language"
ERROR - 2017-04-05 21:00:03 --> Could not find the language line "clients input email"
ERROR - 2017-04-05 21:00:03 --> Could not find the language line "clients input email"
ERROR - 2017-04-05 21:00:03 --> Could not find the language line "clients input status"
ERROR - 2017-04-05 21:00:03 --> Could not find the language line "clients input is_admin"
ERROR - 2017-04-05 21:00:03 --> Could not find the language line "clients input password"
ERROR - 2017-04-05 21:00:03 --> Could not find the language line "clients input password_repeat"
ERROR - 2017-04-05 21:04:47 --> Could not find the language line "clients input username"
ERROR - 2017-04-05 21:04:47 --> Could not find the language line "clients input first_name"
ERROR - 2017-04-05 21:04:47 --> Could not find the language line "clients input last_name"
ERROR - 2017-04-05 21:04:47 --> Could not find the language line "clients input email"
ERROR - 2017-04-05 21:04:47 --> Could not find the language line "clients input language"
ERROR - 2017-04-05 21:04:47 --> Could not find the language line "clients input status"
ERROR - 2017-04-05 21:04:47 --> Could not find the language line "clients input is_admin"
ERROR - 2017-04-05 21:04:47 --> Could not find the language line "clients input password"
ERROR - 2017-04-05 21:04:47 --> Could not find the language line "clients input password_repeat"
ERROR - 2017-04-05 21:04:47 --> Could not find the language line "clients input email"
ERROR - 2017-04-05 21:04:47 --> Could not find the language line "clients input email"
ERROR - 2017-04-05 21:04:47 --> Could not find the language line "clients input status"
ERROR - 2017-04-05 21:04:47 --> Could not find the language line "clients input is_admin"
ERROR - 2017-04-05 21:04:47 --> Could not find the language line "clients input password"
ERROR - 2017-04-05 21:04:47 --> Could not find the language line "clients input password_repeat"
ERROR - 2017-04-05 21:06:03 --> Could not find the language line "clients input username"
ERROR - 2017-04-05 21:06:03 --> Could not find the language line "clients input first_name"
ERROR - 2017-04-05 21:06:03 --> Could not find the language line "clients input last_name"
ERROR - 2017-04-05 21:06:03 --> Could not find the language line "clients input email"
ERROR - 2017-04-05 21:06:03 --> Could not find the language line "clients input language"
ERROR - 2017-04-05 21:06:03 --> Could not find the language line "clients input status"
ERROR - 2017-04-05 21:06:03 --> Could not find the language line "clients input is_admin"
ERROR - 2017-04-05 21:06:03 --> Could not find the language line "clients input password"
ERROR - 2017-04-05 21:06:03 --> Could not find the language line "clients input password_repeat"
ERROR - 2017-04-05 21:06:03 --> Could not find the language line "clients input email"
ERROR - 2017-04-05 21:06:03 --> Could not find the language line "clients input email"
ERROR - 2017-04-05 21:06:03 --> Could not find the language line "clients input status"
ERROR - 2017-04-05 21:06:03 --> Could not find the language line "clients input is_admin"
ERROR - 2017-04-05 21:06:03 --> Could not find the language line "clients input password"
ERROR - 2017-04-05 21:06:03 --> Could not find the language line "clients input password_repeat"
ERROR - 2017-04-05 21:08:58 --> Could not find the language line "clients input username"
ERROR - 2017-04-05 21:08:58 --> Could not find the language line "clients input first_name"
ERROR - 2017-04-05 21:08:58 --> Could not find the language line "clients input last_name"
ERROR - 2017-04-05 21:08:58 --> Could not find the language line "clients input email"
ERROR - 2017-04-05 21:08:58 --> Could not find the language line "clients input language"
ERROR - 2017-04-05 21:08:58 --> Could not find the language line "clients input status"
ERROR - 2017-04-05 21:08:58 --> Could not find the language line "clients input is_admin"
ERROR - 2017-04-05 21:08:58 --> Could not find the language line "clients input password"
ERROR - 2017-04-05 21:08:58 --> Could not find the language line "clients input password_repeat"
ERROR - 2017-04-05 21:08:58 --> Could not find the language line "clients input company city"
ERROR - 2017-04-05 21:08:58 --> Could not find the language line "clients input status"
ERROR - 2017-04-05 21:08:58 --> Could not find the language line "clients input is_admin"
ERROR - 2017-04-05 21:08:58 --> Could not find the language line "clients input password"
ERROR - 2017-04-05 21:08:58 --> Could not find the language line "clients input password_repeat"
ERROR - 2017-04-05 21:09:11 --> Could not find the language line "clients input username"
ERROR - 2017-04-05 21:09:11 --> Could not find the language line "clients input first_name"
ERROR - 2017-04-05 21:09:11 --> Could not find the language line "clients input last_name"
ERROR - 2017-04-05 21:09:11 --> Could not find the language line "clients input email"
ERROR - 2017-04-05 21:09:11 --> Could not find the language line "clients input language"
ERROR - 2017-04-05 21:09:11 --> Could not find the language line "clients input status"
ERROR - 2017-04-05 21:09:11 --> Could not find the language line "clients input is_admin"
ERROR - 2017-04-05 21:09:11 --> Could not find the language line "clients input password"
ERROR - 2017-04-05 21:09:11 --> Could not find the language line "clients input password_repeat"
ERROR - 2017-04-05 21:09:11 --> Could not find the language line "clients input status"
ERROR - 2017-04-05 21:09:11 --> Could not find the language line "clients input is_admin"
ERROR - 2017-04-05 21:09:11 --> Could not find the language line "clients input password"
ERROR - 2017-04-05 21:09:11 --> Could not find the language line "clients input password_repeat"
ERROR - 2017-04-05 21:13:40 --> Could not find the language line "clients input username"
ERROR - 2017-04-05 21:13:40 --> Could not find the language line "clients input first_name"
ERROR - 2017-04-05 21:13:40 --> Could not find the language line "clients input last_name"
ERROR - 2017-04-05 21:13:40 --> Could not find the language line "clients input email"
ERROR - 2017-04-05 21:13:40 --> Could not find the language line "clients input language"
ERROR - 2017-04-05 21:13:40 --> Could not find the language line "clients input status"
ERROR - 2017-04-05 21:13:40 --> Could not find the language line "clients input is_admin"
ERROR - 2017-04-05 21:13:40 --> Could not find the language line "clients input password"
ERROR - 2017-04-05 21:13:40 --> Could not find the language line "clients input password_repeat"
ERROR - 2017-04-05 21:18:53 --> Could not find the language line "clients input username"
ERROR - 2017-04-05 21:18:53 --> Could not find the language line "clients input first_name"
ERROR - 2017-04-05 21:18:53 --> Could not find the language line "clients input last_name"
ERROR - 2017-04-05 21:18:53 --> Could not find the language line "clients input email"
ERROR - 2017-04-05 21:18:53 --> Could not find the language line "clients input language"
ERROR - 2017-04-05 21:18:53 --> Could not find the language line "clients input status"
ERROR - 2017-04-05 21:18:53 --> Could not find the language line "clients input is_admin"
ERROR - 2017-04-05 21:18:53 --> Could not find the language line "clients input password"
ERROR - 2017-04-05 21:18:53 --> Could not find the language line "clients input password_repeat"
ERROR - 2017-04-05 21:18:53 --> Could not find the language line "clients input company hot company"
ERROR - 2017-04-05 21:19:05 --> Could not find the language line "clients input username"
ERROR - 2017-04-05 21:19:05 --> Could not find the language line "clients input first_name"
ERROR - 2017-04-05 21:19:05 --> Could not find the language line "clients input last_name"
ERROR - 2017-04-05 21:19:05 --> Could not find the language line "clients input email"
ERROR - 2017-04-05 21:19:05 --> Could not find the language line "clients input language"
ERROR - 2017-04-05 21:19:05 --> Could not find the language line "clients input status"
ERROR - 2017-04-05 21:19:05 --> Could not find the language line "clients input is_admin"
ERROR - 2017-04-05 21:19:05 --> Could not find the language line "clients input password"
ERROR - 2017-04-05 21:19:05 --> Could not find the language line "clients input password_repeat"
ERROR - 2017-04-05 21:22:22 --> Could not find the language line "clients input username"
ERROR - 2017-04-05 21:22:22 --> Could not find the language line "clients input first_name"
ERROR - 2017-04-05 21:22:22 --> Could not find the language line "clients input last_name"
ERROR - 2017-04-05 21:22:22 --> Could not find the language line "clients input email"
ERROR - 2017-04-05 21:22:22 --> Could not find the language line "clients input language"
ERROR - 2017-04-05 21:22:22 --> Could not find the language line "clients input status"
ERROR - 2017-04-05 21:22:22 --> Could not find the language line "clients input is_admin"
ERROR - 2017-04-05 21:22:22 --> Could not find the language line "clients input password"
ERROR - 2017-04-05 21:22:22 --> Could not find the language line "clients input password_repeat"
ERROR - 2017-04-05 21:25:51 --> Could not find the language line "clients input username"
ERROR - 2017-04-05 21:25:51 --> Could not find the language line "clients input first_name"
ERROR - 2017-04-05 21:25:51 --> Could not find the language line "clients input last_name"
ERROR - 2017-04-05 21:25:51 --> Could not find the language line "clients input email"
ERROR - 2017-04-05 21:25:51 --> Could not find the language line "clients input language"
ERROR - 2017-04-05 21:25:51 --> Could not find the language line "clients input status"
ERROR - 2017-04-05 21:25:51 --> Could not find the language line "clients input is_admin"
ERROR - 2017-04-05 21:25:51 --> Could not find the language line "clients input password"
ERROR - 2017-04-05 21:25:51 --> Could not find the language line "clients input password_repeat"
ERROR - 2017-04-05 21:26:16 --> Could not find the language line "clients input username"
ERROR - 2017-04-05 21:26:16 --> Could not find the language line "clients input first_name"
ERROR - 2017-04-05 21:26:16 --> Could not find the language line "clients input last_name"
ERROR - 2017-04-05 21:26:16 --> Could not find the language line "clients input email"
ERROR - 2017-04-05 21:26:16 --> Could not find the language line "clients input language"
ERROR - 2017-04-05 21:26:16 --> Could not find the language line "clients input status"
ERROR - 2017-04-05 21:26:16 --> Could not find the language line "clients input is_admin"
ERROR - 2017-04-05 21:26:16 --> Could not find the language line "clients input password"
ERROR - 2017-04-05 21:26:16 --> Could not find the language line "clients input password_repeat"
ERROR - 2017-04-05 21:26:30 --> Could not find the language line "clients input username"
ERROR - 2017-04-05 21:26:30 --> Could not find the language line "clients input first_name"
ERROR - 2017-04-05 21:26:30 --> Could not find the language line "clients input last_name"
ERROR - 2017-04-05 21:26:30 --> Could not find the language line "clients input email"
ERROR - 2017-04-05 21:26:30 --> Could not find the language line "clients input language"
ERROR - 2017-04-05 21:26:30 --> Could not find the language line "clients input status"
ERROR - 2017-04-05 21:26:30 --> Could not find the language line "clients input is_admin"
ERROR - 2017-04-05 21:26:30 --> Could not find the language line "clients input password"
ERROR - 2017-04-05 21:26:30 --> Could not find the language line "clients input password_repeat"
ERROR - 2017-04-05 21:29:35 --> Could not find the language line "clients input username"
ERROR - 2017-04-05 21:29:35 --> Could not find the language line "clients input first_name"
ERROR - 2017-04-05 21:29:35 --> Could not find the language line "clients input last_name"
ERROR - 2017-04-05 21:29:35 --> Could not find the language line "clients input email"
ERROR - 2017-04-05 21:29:35 --> Could not find the language line "clients input language"
ERROR - 2017-04-05 21:29:35 --> Could not find the language line "clients input status"
ERROR - 2017-04-05 21:29:35 --> Could not find the language line "clients input is_admin"
ERROR - 2017-04-05 21:29:35 --> Could not find the language line "clients input password"
ERROR - 2017-04-05 21:29:35 --> Could not find the language line "clients input password_repeat"
ERROR - 2017-04-05 21:54:52 --> Severity: Parsing Error --> syntax error, unexpected 'echo' (T_ECHO) C:\wamp64\www\myopeneyes\application\views\admin\clients\form.php 65
ERROR - 2017-04-05 22:05:56 --> Query error: Unknown column 'id' in 'field list' - Invalid query: 
            SELECT id
            FROM company
            WHERE username = 'Company 1'
            LIMIT 1
        
ERROR - 2017-04-05 22:16:07 --> Severity: Notice --> Undefined index: isHot C:\wamp64\www\myopeneyes\application\models\Clients_model.php 149
ERROR - 2017-04-05 22:16:08 --> Could not find the language line "clients input name"
ERROR - 2017-04-05 22:16:08 --> Could not find the language line "clients input city"
ERROR - 2017-04-05 22:16:08 --> Could not find the language line "clients input state"
ERROR - 2017-04-05 22:16:13 --> Query error: Unknown column 'id' in 'where clause' - Invalid query: 
                SELECT *
                FROM company
                WHERE id = '6'
                    AND deleted = '0'
            
ERROR - 2017-04-05 22:19:19 --> Severity: Error --> Call to undefined method Clients_model::get_user() C:\wamp64\www\myopeneyes\application\controllers\admin\Clients.php 217
ERROR - 2017-04-05 22:19:25 --> Could not find the language line "clients input name"
ERROR - 2017-04-05 22:19:25 --> Could not find the language line "clients input city"
ERROR - 2017-04-05 22:19:25 --> Could not find the language line "clients input state"
ERROR - 2017-04-05 22:19:27 --> Could not find the language line "clients input name"
ERROR - 2017-04-05 22:19:27 --> Could not find the language line "clients input city"
ERROR - 2017-04-05 22:19:27 --> Could not find the language line "clients input state"
ERROR - 2017-04-05 22:19:31 --> Severity: Error --> Call to undefined method Clients_model::get_user() C:\wamp64\www\myopeneyes\application\controllers\admin\Clients.php 217
ERROR - 2017-04-05 22:20:21 --> Severity: Notice --> Undefined index: username C:\wamp64\www\myopeneyes\application\views\admin\clients\form.php 15
ERROR - 2017-04-05 22:23:10 --> Severity: Parsing Error --> syntax error, unexpected '=>' (T_DOUBLE_ARROW) C:\wamp64\www\myopeneyes\application\views\admin\clients\form.php 65
ERROR - 2017-04-05 22:23:25 --> Severity: Parsing Error --> syntax error, unexpected '=>' (T_DOUBLE_ARROW) C:\wamp64\www\myopeneyes\application\views\admin\clients\form.php 65
ERROR - 2017-04-05 22:24:03 --> Severity: Parsing Error --> syntax error, unexpected '=>' (T_DOUBLE_ARROW) C:\wamp64\www\myopeneyes\application\views\admin\clients\form.php 65
ERROR - 2017-04-05 22:26:25 --> Severity: Notice --> Undefined index: isHot C:\wamp64\www\myopeneyes\application\views\admin\clients\form.php 66
ERROR - 2017-04-05 22:41:40 --> Severity: Notice --> Array to string conversion C:\wamp64\www\myopeneyes\application\models\Clients_model.php 90
ERROR - 2017-04-05 22:41:40 --> Query error: Unknown column 'Array' in 'where clause' - Invalid query: 
                SELECT *
                FROM company
                WHERE company_id = Array
                    AND deleted = '0'
            
ERROR - 2017-04-05 22:47:17 --> Severity: Notice --> Array to string conversion C:\wamp64\www\myopeneyes\application\models\Clients_model.php 91
ERROR - 2017-04-05 22:47:17 --> Query error: Unknown column 'Array' in 'where clause' - Invalid query: 
                SELECT *
                FROM company
                WHERE company_id = Array
                    AND deleted = '0'
            
ERROR - 2017-04-05 22:49:36 --> Severity: Notice --> Array to string conversion C:\wamp64\www\myopeneyes\application\models\Clients_model.php 91
ERROR - 2017-04-05 22:49:36 --> Query error: Unknown column 'Array' in 'where clause' - Invalid query: 
                SELECT *
                FROM company
                WHERE company_id = Array
                    AND deleted = '0'
            
ERROR - 2017-04-05 22:50:39 --> Severity: Notice --> Array to string conversion C:\wamp64\www\myopeneyes\application\models\Clients_model.php 91
ERROR - 2017-04-05 22:50:39 --> Query error: Unknown column 'Array' in 'where clause' - Invalid query: 
                SELECT *
                FROM company
                WHERE company_id = Array
                    AND deleted = '0'
            
ERROR - 2017-04-05 22:52:11 --> Severity: Notice --> Undefined variable: sql C:\wamp64\www\myopeneyes\application\models\Clients_model.php 200
ERROR - 2017-04-05 22:52:11 --> Query error: You have an error in your SQL syntax; check the manual that corresponds to your MySQL server version for the right syntax to use near 'name = 'Company 1',
                    address = 'Baroda1',
                   ' at line 1 - Invalid query: 
                    name = 'Company 1',
                    address = 'Baroda1',
                    city = 'Baroda',
                    state = 'Guajrat',
                    zip = '390019',
                    phone1 = '123456789',
					phone2 = '987456321',
					url = 'http://cognizapt.com/',
					key_technologies = 'abc,ccd',
					notes = 'B,v,v,',					
					fax_number = '258741963',
					is_hot = '1',
					notes = 'B,v,v,',					
                    date_modified = '2017-04-05 22:52:11'                    
					WHERE company_id = '6'
                    AND deleted = '0'
            
ERROR - 2017-04-05 22:53:36 --> Could not find the language line "clients input name"
ERROR - 2017-04-05 22:53:36 --> Could not find the language line "clients input city"
ERROR - 2017-04-05 22:53:36 --> Could not find the language line "clients input state"
ERROR - 2017-04-05 22:53:47 --> Severity: Notice --> Undefined index: is_hot C:\wamp64\www\myopeneyes\application\models\Clients_model.php 200
ERROR - 2017-04-05 22:53:47 --> Could not find the language line "clients input name"
ERROR - 2017-04-05 22:53:47 --> Could not find the language line "clients input city"
ERROR - 2017-04-05 22:53:47 --> Could not find the language line "clients input state"
ERROR - 2017-04-05 22:54:37 --> Could not find the language line "clients input name"
ERROR - 2017-04-05 22:54:37 --> Could not find the language line "clients input city"
ERROR - 2017-04-05 22:54:37 --> Could not find the language line "clients input state"
ERROR - 2017-04-05 22:54:44 --> Severity: Notice --> Undefined index: is_hot C:\wamp64\www\myopeneyes\application\models\Clients_model.php 200
ERROR - 2017-04-05 22:54:44 --> Could not find the language line "clients input name"
ERROR - 2017-04-05 22:54:44 --> Could not find the language line "clients input city"
ERROR - 2017-04-05 22:54:44 --> Could not find the language line "clients input state"
ERROR - 2017-04-05 22:54:55 --> Could not find the language line "clients input name"
ERROR - 2017-04-05 22:54:55 --> Could not find the language line "clients input city"
ERROR - 2017-04-05 22:54:55 --> Could not find the language line "clients input state"
ERROR - 2017-04-05 22:55:02 --> Could not find the language line "clients input name"
ERROR - 2017-04-05 22:55:02 --> Could not find the language line "clients input city"
ERROR - 2017-04-05 22:55:02 --> Could not find the language line "clients input state"
ERROR - 2017-04-05 22:56:26 --> Could not find the language line "clients input name"
ERROR - 2017-04-05 22:56:26 --> Could not find the language line "clients input city"
ERROR - 2017-04-05 22:56:26 --> Could not find the language line "clients input state"
ERROR - 2017-04-05 22:56:39 --> Could not find the language line "clients input name"
ERROR - 2017-04-05 22:56:39 --> Could not find the language line "clients input city"
ERROR - 2017-04-05 22:56:39 --> Could not find the language line "clients input state"
ERROR - 2017-04-05 22:56:41 --> Could not find the language line "clients input name"
ERROR - 2017-04-05 22:56:41 --> Could not find the language line "clients input city"
ERROR - 2017-04-05 22:56:41 --> Could not find the language line "clients input state"
ERROR - 2017-04-05 22:56:46 --> Could not find the language line "clients input name"
ERROR - 2017-04-05 22:56:46 --> Could not find the language line "clients input city"
ERROR - 2017-04-05 22:56:46 --> Could not find the language line "clients input state"
ERROR - 2017-04-05 22:56:48 --> Could not find the language line "clients input name"
ERROR - 2017-04-05 22:56:48 --> Could not find the language line "clients input city"
ERROR - 2017-04-05 22:56:48 --> Could not find the language line "clients input state"
ERROR - 2017-04-05 22:56:52 --> Could not find the language line "clients input name"
ERROR - 2017-04-05 22:56:52 --> Could not find the language line "clients input city"
ERROR - 2017-04-05 22:56:52 --> Could not find the language line "clients input state"
ERROR - 2017-04-05 22:56:54 --> Could not find the language line "clients input name"
ERROR - 2017-04-05 22:56:54 --> Could not find the language line "clients input city"
ERROR - 2017-04-05 22:56:54 --> Could not find the language line "clients input state"
ERROR - 2017-04-05 22:57:00 --> Could not find the language line "clients input name"
ERROR - 2017-04-05 22:57:00 --> Could not find the language line "clients input city"
ERROR - 2017-04-05 22:57:00 --> Could not find the language line "clients input state"
ERROR - 2017-04-05 22:57:08 --> Could not find the language line "clients input name"
ERROR - 2017-04-05 22:57:08 --> Could not find the language line "clients input city"
ERROR - 2017-04-05 22:57:08 --> Could not find the language line "clients input state"
ERROR - 2017-04-05 22:57:14 --> Could not find the language line "clients input name"
ERROR - 2017-04-05 22:57:14 --> Could not find the language line "clients input city"
ERROR - 2017-04-05 22:57:14 --> Could not find the language line "clients input state"
ERROR - 2017-04-05 22:57:22 --> Could not find the language line "clients input name"
ERROR - 2017-04-05 22:57:22 --> Could not find the language line "clients input city"
ERROR - 2017-04-05 22:57:22 --> Could not find the language line "clients input state"
ERROR - 2017-04-05 22:57:30 --> Could not find the language line "clients input name"
ERROR - 2017-04-05 22:57:30 --> Could not find the language line "clients input city"
ERROR - 2017-04-05 22:57:30 --> Could not find the language line "clients input state"
ERROR - 2017-04-05 23:02:39 --> Could not find the language line "clients input name"
ERROR - 2017-04-05 23:02:39 --> Could not find the language line "clients input city"
ERROR - 2017-04-05 23:02:39 --> Could not find the language line "clients input state"
ERROR - 2017-04-05 23:02:55 --> Could not find the language line "clients input name"
ERROR - 2017-04-05 23:02:55 --> Could not find the language line "clients input city"
ERROR - 2017-04-05 23:02:55 --> Could not find the language line "clients input state"
ERROR - 2017-04-05 23:02:55 --> Could not find the language line "clients input name"
ERROR - 2017-04-05 23:02:55 --> Could not find the language line "clients input city"
ERROR - 2017-04-05 23:02:55 --> Could not find the language line "clients input state"
ERROR - 2017-04-05 23:06:48 --> Could not find the language line "clients input name"
ERROR - 2017-04-05 23:06:48 --> Could not find the language line "clients input city"
ERROR - 2017-04-05 23:06:48 --> Could not find the language line "clients input state"
ERROR - 2017-04-05 23:16:28 --> Could not find the language line "clients input name"
ERROR - 2017-04-05 23:16:28 --> Could not find the language line "clients input city"
ERROR - 2017-04-05 23:16:28 --> Could not find the language line "clients input state"
ERROR - 2017-04-05 23:19:18 --> Could not find the language line "clients input name"
ERROR - 2017-04-05 23:19:18 --> Could not find the language line "clients input city"
ERROR - 2017-04-05 23:19:18 --> Could not find the language line "clients input state"
ERROR - 2017-04-05 23:29:50 --> Could not find the language line "clients input name"
ERROR - 2017-04-05 23:29:50 --> Could not find the language line "clients input city"
ERROR - 2017-04-05 23:29:50 --> Could not find the language line "clients input state"
