ERROR - 2017-04-25 14:38:11 --> 404 Page Not Found: Themes/admin
ERROR - 2017-04-25 15:38:49 --> Could not find the language line "joborders input company date created"
ERROR - 2017-04-25 15:38:49 --> Could not find the language line "joborders input company date created"
ERROR - 2017-04-25 15:38:58 --> Could not find the language line "joborders input title"
ERROR - 2017-04-25 15:38:58 --> Could not find the language line "joborders input company_id"
ERROR - 2017-04-25 15:38:58 --> Could not find the language line "joborders input city"
ERROR - 2017-04-25 15:38:58 --> Could not find the language line "joborders input state"
ERROR - 2017-04-25 15:38:58 --> Could not find the language line "joborders input recruiter"
ERROR - 2017-04-25 15:38:58 --> Could not find the language line "joborders input owner"
ERROR - 2017-04-25 15:43:57 --> Could not find the language line "joborders input company date created"
ERROR - 2017-04-25 15:43:57 --> Could not find the language line "joborders input company date created"
ERROR - 2017-04-25 15:43:59 --> Could not find the language line "joborders input title"
ERROR - 2017-04-25 15:43:59 --> Could not find the language line "joborders input company_id"
ERROR - 2017-04-25 15:43:59 --> Could not find the language line "joborders input city"
ERROR - 2017-04-25 15:43:59 --> Could not find the language line "joborders input state"
ERROR - 2017-04-25 15:43:59 --> Could not find the language line "joborders input recruiter"
ERROR - 2017-04-25 15:43:59 --> Could not find the language line "joborders input owner"
ERROR - 2017-04-25 16:03:36 --> Could not find the language line "joborders input company date created"
ERROR - 2017-04-25 16:03:36 --> Could not find the language line "joborders input company date created"
ERROR - 2017-04-25 16:03:39 --> Could not find the language line "joborders input title"
ERROR - 2017-04-25 16:03:39 --> Could not find the language line "joborders input company_id"
ERROR - 2017-04-25 16:03:39 --> Could not find the language line "joborders input city"
ERROR - 2017-04-25 16:03:39 --> Could not find the language line "joborders input state"
ERROR - 2017-04-25 16:03:39 --> Could not find the language line "joborders input recruiter"
ERROR - 2017-04-25 16:03:39 --> Could not find the language line "joborders input owner"
ERROR - 2017-04-25 16:05:47 --> Could not find the language line "joborders input company date created"
ERROR - 2017-04-25 16:05:47 --> Could not find the language line "joborders input company date created"
ERROR - 2017-04-25 19:44:01 --> 404 Page Not Found: Themes/admin
ERROR - 2017-04-25 20:44:18 --> Could not find the language line "joborders input company date created"
ERROR - 2017-04-25 20:44:18 --> Could not find the language line "joborders input company date created"
