ERROR - 2017-04-20 15:52:58 --> 404 Page Not Found: Themes/admin
ERROR - 2017-04-20 15:52:59 --> 404 Page Not Found: Themes/admin
ERROR - 2017-04-20 17:45:01 --> 404 Page Not Found: Themes/admin
ERROR - 2017-04-20 18:45:15 --> Could not find the language line "joborders input company date created"
ERROR - 2017-04-20 18:45:15 --> Could not find the language line "joborders input company date created"
ERROR - 2017-04-20 18:45:17 --> Could not find the language line "joborders input title"
ERROR - 2017-04-20 18:45:17 --> Could not find the language line "joborders input company_id"
ERROR - 2017-04-20 18:45:17 --> Could not find the language line "joborders input city"
ERROR - 2017-04-20 18:45:17 --> Could not find the language line "joborders input state"
ERROR - 2017-04-20 18:45:17 --> Could not find the language line "joborders input recruiter"
ERROR - 2017-04-20 18:45:17 --> Could not find the language line "joborders input owner"
ERROR - 2017-04-20 17:49:32 --> 404 Page Not Found: Themes/admin
ERROR - 2017-04-20 18:49:44 --> Could not find the language line "joborders input company date created"
ERROR - 2017-04-20 18:49:44 --> Could not find the language line "joborders input company date created"
ERROR - 2017-04-20 18:49:46 --> Could not find the language line "joborders input title"
ERROR - 2017-04-20 18:49:46 --> Could not find the language line "joborders input company_id"
ERROR - 2017-04-20 18:49:46 --> Could not find the language line "joborders input city"
ERROR - 2017-04-20 18:49:46 --> Could not find the language line "joborders input state"
ERROR - 2017-04-20 18:49:46 --> Could not find the language line "joborders input recruiter"
ERROR - 2017-04-20 18:49:46 --> Could not find the language line "joborders input owner"
