ERROR - 2017-05-10 14:27:05 --> 404 Page Not Found: Themes/admin
ERROR - 2017-05-10 15:27:38 --> Could not find the language line "clients col client_id"
ERROR - 2017-05-10 15:27:39 --> Could not find the language line "contacts col contact_id"
ERROR - 2017-05-10 15:27:40 --> Could not find the language line "menus input name"
ERROR - 2017-05-10 15:29:50 --> Could not find the language line "menus input name"
ERROR - 2017-05-10 15:31:34 --> Could not find the language line "menus input name"
ERROR - 2017-05-10 15:34:20 --> Could not find the language line "contacts col contact_id"
ERROR - 2017-05-10 15:50:03 --> Could not find the language line "contacts col contact_id"
ERROR - 2017-05-10 15:50:04 --> Could not find the language line "categorys input first name"
ERROR - 2017-05-10 15:51:12 --> Could not find the language line "categorys input first name"
ERROR - 2017-05-10 15:51:50 --> Could not find the language line "menus input name"
ERROR - 2017-05-10 15:52:19 --> Could not find the language line "menus input name"
ERROR - 2017-05-10 15:52:19 --> Could not find the language line "categorys input first name"
ERROR - 2017-05-10 15:52:22 --> Could not find the language line "categorys input first name"
ERROR - 2017-05-10 15:52:25 --> Could not find the language line "categorys input first name"
ERROR - 2017-05-10 15:52:37 --> Could not find the language line "users input status"
ERROR - 2017-05-10 16:17:10 --> Could not find the language line "categorys input first name"
ERROR - 2017-05-10 16:32:27 --> Could not find the language line "clients col client_id"
ERROR - 2017-05-10 16:35:17 --> Severity: Parsing Error --> syntax error, unexpected ',' C:\wamp64\www\myopeneyes\application\views\admin\candidates\list.php 213
ERROR - 2017-05-10 20:56:36 --> Could not find the language line "categorys input first name"
ERROR - 2017-05-10 20:03:36 --> 404 Page Not Found: admin/Subcategorys/index
ERROR - 2017-05-10 20:06:56 --> 404 Page Not Found: admin/Subcategorys/index
ERROR - 2017-05-10 20:15:20 --> 404 Page Not Found: admin/Subcategorys/index
ERROR - 2017-05-10 20:15:24 --> 404 Page Not Found: admin/Subcategory/index
ERROR - 2017-05-10 20:15:27 --> 404 Page Not Found: admin/Subcategorys/index
ERROR - 2017-05-10 20:16:02 --> 404 Page Not Found: admin/Subcategorys/index
ERROR - 2017-05-10 20:16:27 --> 404 Page Not Found: admin/Subcategorys/index
ERROR - 2017-05-10 20:16:39 --> 404 Page Not Found: admin/Subsategorys/index
ERROR - 2017-05-10 20:16:59 --> 404 Page Not Found: admin/Subsategorys/index
ERROR - 2017-05-10 20:17:54 --> 404 Page Not Found: Themes/admin
ERROR - 2017-05-10 21:17:56 --> Could not find the language line "categorys input first name"
ERROR - 2017-05-10 20:17:58 --> 404 Page Not Found: admin/Subcategorys/index
ERROR - 2017-05-10 21:18:01 --> Could not find the language line "categorys input first name"
ERROR - 2017-05-10 20:18:10 --> 404 Page Not Found: admin/Subcategorys/index
ERROR - 2017-05-10 20:18:40 --> 404 Page Not Found: admin/Sabcategorys/index
ERROR - 2017-05-10 21:19:50 --> Severity: Warning --> include(C:\wamp64\www\myopeneyes\system\language/english/subsategorys_lang.php): failed to open stream: No such file or directory C:\wamp64\www\myopeneyes\application\core\MY_Lang.php 112
ERROR - 2017-05-10 21:19:50 --> Severity: Warning --> include(): Failed opening 'C:\wamp64\www\myopeneyes\system\language/english/subsategorys_lang.php' for inclusion (include_path='.;C:\php\pear') C:\wamp64\www\myopeneyes\application\core\MY_Lang.php 112
ERROR - 2017-05-10 21:19:50 --> Language file contains no data: language/english/subsategorys_lang.php
ERROR - 2017-05-10 21:19:50 --> Severity: error --> Exception: Unable to locate the model you have specified: Subsategorys_model C:\wamp64\www\myopeneyes\system\core\Loader.php 344
ERROR - 2017-05-10 21:20:36 --> Severity: Warning --> include(C:\wamp64\www\myopeneyes\system\language/english/subsategorys_lang.php): failed to open stream: No such file or directory C:\wamp64\www\myopeneyes\application\core\MY_Lang.php 112
ERROR - 2017-05-10 21:20:36 --> Severity: Warning --> include(): Failed opening 'C:\wamp64\www\myopeneyes\system\language/english/subsategorys_lang.php' for inclusion (include_path='.;C:\php\pear') C:\wamp64\www\myopeneyes\application\core\MY_Lang.php 112
ERROR - 2017-05-10 21:20:36 --> Language file contains no data: language/english/subsategorys_lang.php
ERROR - 2017-05-10 21:20:36 --> Severity: error --> Exception: Unable to locate the model you have specified: Subsategorys_model C:\wamp64\www\myopeneyes\system\core\Loader.php 344
ERROR - 2017-05-10 21:22:19 --> Severity: Warning --> include(C:\wamp64\www\myopeneyes\system\language/english/subcategory_lang.php): failed to open stream: No such file or directory C:\wamp64\www\myopeneyes\application\core\MY_Lang.php 112
ERROR - 2017-05-10 21:22:19 --> Severity: Warning --> include(): Failed opening 'C:\wamp64\www\myopeneyes\system\language/english/subcategory_lang.php' for inclusion (include_path='.;C:\php\pear') C:\wamp64\www\myopeneyes\application\core\MY_Lang.php 112
ERROR - 2017-05-10 21:22:19 --> Language file contains no data: language/english/subcategory_lang.php
ERROR - 2017-05-10 21:22:19 --> Severity: error --> Exception: Unable to locate the model you have specified: Subcategory_model C:\wamp64\www\myopeneyes\system\core\Loader.php 344
ERROR - 2017-05-10 21:22:26 --> Severity: Warning --> include(C:\wamp64\www\myopeneyes\system\language/english/subcategory_lang.php): failed to open stream: No such file or directory C:\wamp64\www\myopeneyes\application\core\MY_Lang.php 112
ERROR - 2017-05-10 21:22:26 --> Severity: Warning --> include(): Failed opening 'C:\wamp64\www\myopeneyes\system\language/english/subcategory_lang.php' for inclusion (include_path='.;C:\php\pear') C:\wamp64\www\myopeneyes\application\core\MY_Lang.php 112
ERROR - 2017-05-10 21:22:26 --> Language file contains no data: language/english/subcategory_lang.php
ERROR - 2017-05-10 21:22:26 --> Severity: error --> Exception: Unable to locate the model you have specified: Subcategory_model C:\wamp64\www\myopeneyes\system\core\Loader.php 344
ERROR - 2017-05-10 20:34:58 --> 404 Page Not Found: admin/Sabcategorys/index
ERROR - 2017-05-10 20:35:03 --> 404 Page Not Found: admin/Sabcategorys/index
ERROR - 2017-05-10 21:35:20 --> Severity: Warning --> include(C:\wamp64\www\myopeneyes\system\language/english/subcategorys_lang.php): failed to open stream: No such file or directory C:\wamp64\www\myopeneyes\application\core\MY_Lang.php 112
ERROR - 2017-05-10 21:35:20 --> Severity: Warning --> include(): Failed opening 'C:\wamp64\www\myopeneyes\system\language/english/subcategorys_lang.php' for inclusion (include_path='.;C:\php\pear') C:\wamp64\www\myopeneyes\application\core\MY_Lang.php 112
ERROR - 2017-05-10 21:35:20 --> Language file contains no data: language/english/subcategorys_lang.php
ERROR - 2017-05-10 21:35:20 --> Could not find the language line "subcategorys title"
ERROR - 2017-05-10 21:35:20 --> Could not find the language line "subcategorys tooltip add_new_user"
ERROR - 2017-05-10 21:35:20 --> Could not find the language line "subcategorys button add_new_user"
ERROR - 2017-05-10 21:35:20 --> Could not find the language line "subcategorys col category_id"
ERROR - 2017-05-10 21:35:20 --> Could not find the language line "subcategorys col name"
ERROR - 2017-05-10 21:35:20 --> Could not find the language line "subcategorys col status"
ERROR - 2017-05-10 21:35:20 --> Could not find the language line "subcategorys input company date created"
ERROR - 2017-05-10 21:35:20 --> Could not find the language line "subcategorys input first name"
ERROR - 2017-05-10 21:35:20 --> Could not find the language line "subcategorys input company date created"
ERROR - 2017-05-10 21:35:20 --> Could not find the language line "subcategorys title client_delete"
ERROR - 2017-05-10 21:35:20 --> Could not find the language line "subcategorys msg delete_confirm"
ERROR - 2017-05-10 21:35:20 --> Could not find the language line "subcategorys title client_delete"
ERROR - 2017-05-10 21:35:20 --> Could not find the language line "subcategorys msg delete_confirm"
ERROR - 2017-05-10 21:35:20 --> Could not find the language line "subcategorys title client_delete"
ERROR - 2017-05-10 21:35:20 --> Could not find the language line "subcategorys msg delete_confirm"
ERROR - 2017-05-10 21:35:20 --> Could not find the language line "subcategorys title client_delete"
ERROR - 2017-05-10 21:35:20 --> Could not find the language line "subcategorys msg delete_confirm"
ERROR - 2017-05-10 21:35:20 --> Could not find the language line "subcategorys title client_delete"
ERROR - 2017-05-10 21:35:20 --> Could not find the language line "subcategorys msg delete_confirm"
ERROR - 2017-05-10 21:35:20 --> Could not find the language line "subcategorys title client_delete"
ERROR - 2017-05-10 21:35:20 --> Could not find the language line "subcategorys msg delete_confirm"
ERROR - 2017-05-10 21:49:27 --> Severity: Warning --> include(C:\wamp64\www\myopeneyes\system\language/english/subcategorys_lang.php): failed to open stream: No such file or directory C:\wamp64\www\myopeneyes\application\core\MY_Lang.php 112
ERROR - 2017-05-10 21:49:27 --> Severity: Warning --> include(): Failed opening 'C:\wamp64\www\myopeneyes\system\language/english/subcategorys_lang.php' for inclusion (include_path='.;C:\php\pear') C:\wamp64\www\myopeneyes\application\core\MY_Lang.php 112
ERROR - 2017-05-10 21:49:27 --> Language file contains no data: language/english/subcategorys_lang.php
ERROR - 2017-05-10 21:49:27 --> Severity: error --> Exception: Unable to locate the model you have specified: Subcategory_model C:\wamp64\www\myopeneyes\system\core\Loader.php 344
ERROR - 2017-05-10 21:50:38 --> Severity: error --> Exception: Unable to locate the model you have specified: Subcategory_model C:\wamp64\www\myopeneyes\system\core\Loader.php 344
ERROR - 2017-05-10 21:52:31 --> Severity: error --> Exception: Unable to locate the model you have specified: Subcategory_model C:\wamp64\www\myopeneyes\system\core\Loader.php 344
ERROR - 2017-05-10 21:52:59 --> Severity: Notice --> Undefined property: Subcategorys::$categorys_model C:\wamp64\www\myopeneyes\application\controllers\admin\Subcategorys.php 131
ERROR - 2017-05-10 21:53:00 --> Severity: Error --> Call to a member function get_all() on null C:\wamp64\www\myopeneyes\application\controllers\admin\Subcategorys.php 131
ERROR - 2017-05-10 21:53:48 --> Query error: Table 'myopeneyes.subcategorys' doesn't exist - Invalid query: 
            SELECT SQL_CALC_FOUND_ROWS *
            FROM subcategorys
            WHERE deleted = '0'
         ORDER BY category_id asc LIMIT 0, 10
ERROR - 2017-05-10 21:54:36 --> Could not find the language line "subcategorys title"
ERROR - 2017-05-10 21:54:36 --> Could not find the language line "subcategorys tooltip add_new_user"
ERROR - 2017-05-10 21:54:36 --> Could not find the language line "subcategorys button add_new_user"
ERROR - 2017-05-10 21:54:36 --> Could not find the language line "subcategorys col category_id"
ERROR - 2017-05-10 21:54:36 --> Could not find the language line "subcategorys col name"
ERROR - 2017-05-10 21:54:36 --> Could not find the language line "subcategorys col status"
ERROR - 2017-05-10 21:54:36 --> Could not find the language line "subcategorys input company date created"
ERROR - 2017-05-10 21:54:36 --> Could not find the language line "subcategorys input first name"
ERROR - 2017-05-10 21:54:36 --> Could not find the language line "subcategorys input company date created"
ERROR - 2017-05-10 21:54:36 --> Could not find the language line "subcategorys title client_delete"
ERROR - 2017-05-10 21:54:36 --> Could not find the language line "subcategorys msg delete_confirm"
ERROR - 2017-05-10 21:54:36 --> Could not find the language line "subcategorys title client_delete"
ERROR - 2017-05-10 21:54:36 --> Could not find the language line "subcategorys msg delete_confirm"
ERROR - 2017-05-10 21:55:14 --> Could not find the language line "subcategorys input first name"
ERROR - 2017-05-10 21:55:34 --> Could not find the language line "subcategorys input first name"
ERROR - 2017-05-10 21:55:55 --> Could not find the language line "subcategorys input first name"
ERROR - 2017-05-10 22:06:41 --> Could not find the language line "subcategorys input first name"
ERROR - 2017-05-10 22:07:04 --> Could not find the language line "users input status"
ERROR - 2017-05-10 22:09:31 --> Could not find the language line "subcategorys input first name"
ERROR - 2017-05-10 22:09:35 --> Severity: Notice --> Undefined property: Subcategorys::$users_model C:\wamp64\www\myopeneyes\application\controllers\admin\Subcategorys.php 240
ERROR - 2017-05-10 22:09:35 --> Severity: Error --> Call to a member function categoryDropDownList() on null C:\wamp64\www\myopeneyes\application\controllers\admin\Subcategorys.php 240
ERROR - 2017-05-10 22:13:27 --> Could not find the language line "subcategorys input subcategory name"
ERROR - 2017-05-10 21:15:57 --> 404 Page Not Found: Ajax/check_category_name
ERROR - 2017-05-10 21:15:59 --> 404 Page Not Found: Ajax/check_category_name
ERROR - 2017-05-10 22:16:01 --> Could not find the language line "subcategorys input first name"
ERROR - 2017-05-10 22:16:09 --> Severity: Notice --> Undefined variable: categoryList C:\wamp64\www\myopeneyes\application\views\admin\subcategorys\form.php 16
ERROR - 2017-05-10 22:17:28 --> Could not find the language line "subcategorys msg edit_client_success"
ERROR - 2017-05-10 22:17:28 --> Could not find the language line "subcategorys input first name"
ERROR - 2017-05-10 22:17:37 --> Could not find the language line "subcategorys input first name"
ERROR - 2017-05-10 22:55:26 --> Could not find the language line "categorys input first name"
ERROR - 2017-05-10 22:55:29 --> Could not find the language line "subcategorys input first name"
ERROR - 2017-05-10 22:58:40 --> Could not find the language line "subcategorys input first name"
ERROR - 2017-05-10 22:58:57 --> Could not find the language line "subcategorys input first name"
ERROR - 2017-05-10 22:59:48 --> Could not find the language line "subcategorys input first name"
ERROR - 2017-05-10 22:59:52 --> Could not find the language line "subcategorys input first name"
ERROR - 2017-05-10 23:00:06 --> Could not find the language line "subcategorys input first name"
ERROR - 2017-05-10 23:00:10 --> Could not find the language line "subcategorys input first name"
ERROR - 2017-05-10 23:01:45 --> Query error: Column 'deleted' in where clause is ambiguous - Invalid query: 
            SELECT SQL_CALC_FOUND_ROWS sc.* , c.name as catname
            FROM subcategorys as sc LEFT JOIN categorys as c ON
			sc.category_id = c.category_id 
            WHERE deleted = '0'
         AND sc.status LIKE '%1%' ORDER BY subcategory_id asc LIMIT 0, 10
ERROR - 2017-05-10 23:01:57 --> Could not find the language line "subcategorys input first name"
ERROR - 2017-05-10 23:02:00 --> Could not find the language line "subcategorys input first name"
ERROR - 2017-05-10 23:02:04 --> Could not find the language line "subcategorys input first name"
ERROR - 2017-05-10 23:02:05 --> Could not find the language line "subcategorys input first name"
ERROR - 2017-05-10 23:11:28 --> Could not find the language line "subcategorys input first name"
