ERROR - 2017-04-10 14:00:39 --> 404 Page Not Found: Themes/admin
ERROR - 2017-04-10 14:01:28 --> 404 Page Not Found: Themes/admin
ERROR - 2017-04-10 14:24:16 --> 404 Page Not Found: Themes/admin
ERROR - 2017-04-10 14:26:22 --> 404 Page Not Found: Themes/admin
ERROR - 2017-04-10 15:27:51 --> The upload path does not appear to be valid.
ERROR - 2017-04-10 15:28:47 --> Severity: Notice --> Undefined index: importresume C:\wamp64\www\myopeneyes\application\controllers\admin\Candidates.php 187
ERROR - 2017-04-10 15:30:00 --> Severity: Notice --> Undefined index: importresume C:\wamp64\www\myopeneyes\application\controllers\admin\Candidates.php 187
ERROR - 2017-04-10 14:30:07 --> 404 Page Not Found: Themes/admin
ERROR - 2017-04-10 14:31:43 --> 404 Page Not Found: Themes/admin
ERROR - 2017-04-10 15:31:53 --> The upload path does not appear to be valid.
ERROR - 2017-04-10 14:51:19 --> 404 Page Not Found: Themes/admin
ERROR - 2017-04-10 15:55:17 --> Severity: Error --> Call to undefined function upload_image() C:\wamp64\www\myopeneyes\application\controllers\admin\Candidates.php 251
ERROR - 2017-04-10 15:55:38 --> Severity: Notice --> Undefined index: userfile C:\wamp64\www\myopeneyes\application\controllers\admin\Candidates.php 189
ERROR - 2017-04-10 15:55:38 --> Severity: Notice --> Undefined index: userfile C:\wamp64\www\myopeneyes\application\controllers\admin\Candidates.php 196
ERROR - 2017-04-10 15:55:38 --> Severity: Notice --> Undefined variable: key C:\wamp64\www\myopeneyes\application\controllers\admin\Candidates.php 196
ERROR - 2017-04-10 15:55:38 --> Severity: Notice --> Undefined index: userfile C:\wamp64\www\myopeneyes\application\controllers\admin\Candidates.php 197
ERROR - 2017-04-10 15:55:38 --> Severity: Notice --> Undefined variable: key C:\wamp64\www\myopeneyes\application\controllers\admin\Candidates.php 197
ERROR - 2017-04-10 15:55:38 --> Severity: Notice --> Undefined index: userfile C:\wamp64\www\myopeneyes\application\controllers\admin\Candidates.php 198
ERROR - 2017-04-10 15:55:38 --> Severity: Notice --> Undefined variable: key C:\wamp64\www\myopeneyes\application\controllers\admin\Candidates.php 198
ERROR - 2017-04-10 15:55:38 --> Severity: Notice --> Undefined index: userfile C:\wamp64\www\myopeneyes\application\controllers\admin\Candidates.php 199
ERROR - 2017-04-10 15:55:38 --> Severity: Notice --> Undefined variable: key C:\wamp64\www\myopeneyes\application\controllers\admin\Candidates.php 199
ERROR - 2017-04-10 15:55:38 --> The upload path does not appear to be valid.
ERROR - 2017-04-10 15:56:16 --> Severity: Notice --> Undefined variable: key C:\wamp64\www\myopeneyes\application\controllers\admin\Candidates.php 196
ERROR - 2017-04-10 15:56:16 --> Severity: Notice --> String offset cast occurred C:\wamp64\www\myopeneyes\application\controllers\admin\Candidates.php 196
ERROR - 2017-04-10 15:56:16 --> Severity: Notice --> Undefined variable: key C:\wamp64\www\myopeneyes\application\controllers\admin\Candidates.php 197
ERROR - 2017-04-10 15:56:16 --> Severity: Notice --> String offset cast occurred C:\wamp64\www\myopeneyes\application\controllers\admin\Candidates.php 197
ERROR - 2017-04-10 15:56:16 --> Severity: Notice --> Undefined variable: key C:\wamp64\www\myopeneyes\application\controllers\admin\Candidates.php 198
ERROR - 2017-04-10 15:56:16 --> Severity: Notice --> Undefined variable: key C:\wamp64\www\myopeneyes\application\controllers\admin\Candidates.php 199
ERROR - 2017-04-10 16:14:42 --> Severity: Notice --> Array to string conversion C:\wamp64\www\myopeneyes\application\controllers\admin\Candidates.php 200
ERROR - 2017-04-10 15:42:03 --> 404 Page Not Found: Themes/admin
ERROR - 2017-04-10 15:49:01 --> Severity: Parsing Error --> syntax error, unexpected 'portacted' (T_STRING), expecting function (T_FUNCTION) C:\wamp64\www\myopeneyes\application\controllers\admin\Candidates.php 185
ERROR - 2017-04-10 15:55:42 --> 404 Page Not Found: Themes/admin
ERROR - 2017-04-10 15:55:50 --> 404 Page Not Found: Themes/admin
ERROR - 2017-04-10 15:56:33 --> 404 Page Not Found: Themes/admin
ERROR - 2017-04-10 16:56:37 --> Severity: Notice --> Undefined index: name C:\wamp64\www\myopeneyes\application\controllers\admin\Candidates.php 391
ERROR - 2017-04-10 15:56:37 --> 404 Page Not Found: Themes/admin
ERROR - 2017-04-10 16:56:40 --> Severity: Notice --> Undefined index: name C:\wamp64\www\myopeneyes\application\controllers\admin\Candidates.php 391
ERROR - 2017-04-10 15:56:40 --> 404 Page Not Found: Themes/admin
ERROR - 2017-04-10 15:56:43 --> 404 Page Not Found: Themes/admin
ERROR - 2017-04-10 17:02:59 --> Severity: Parsing Error --> syntax error, unexpected ''.$resumeName .'' (T_CONSTANT_ENCAPSED_STRING) C:\wamp64\www\myopeneyes\application\models\Candidates_model.php 196
ERROR - 2017-04-10 17:03:18 --> Severity: Parsing Error --> syntax error, unexpected ''.$resumeName .'' (T_CONSTANT_ENCAPSED_STRING) C:\wamp64\www\myopeneyes\application\models\Candidates_model.php 196
ERROR - 2017-04-10 16:04:01 --> 404 Page Not Found: Themes/admin
ERROR - 2017-04-10 17:10:24 --> Query error: You have an error in your SQL syntax; check the manual that corresponds to your MySQL server version for the right syntax to use near '
					,					
					'1',
					'Your use of this software is subject to the terms a' at line 12 - Invalid query: 
                INSERT INTO attachment (
                    data_item_id,
					data_item_type,
					original_filename,
					stored_filename,
					site_id,
					text
					
                ) VALUES (
					113,
					'100',
					,
					,					
					'1',
					'Your use of this software is subject to the terms and conditions of the license agreement by which you acquired this software.  If you are a volume license customer, use of this software is subject to your volume license agreement.  You may not use this software if you have not validly acquired a license for the software from Microsoft or its licensed distributors.\r\n\r\nYour use of this software is subject to the terms and conditions of the license agreement by which you acquired this software.  If you are a volume license customer, use of this software is subject to your volume license agreement.  You may not use this software if you have not validly acquired a license for the software from Microsoft or its licensed distributors.' 
                )
            
ERROR - 2017-04-10 16:12:16 --> 404 Page Not Found: Themes/admin
ERROR - 2017-04-10 16:13:12 --> 404 Page Not Found: Themes/admin
ERROR - 2017-04-10 17:13:21 --> Query error: Column 'original_filename' cannot be null - Invalid query: 
                INSERT INTO attachment (
                    data_item_id,
					data_item_type,
					original_filename,
					stored_filename,
					site_id,
					text
					
                ) VALUES (
					114,
					'100',
					NULL,
					NULL,					
					'1',
					'Test' 
                )
            
ERROR - 2017-04-10 17:14:00 --> Query error: Column 'original_filename' cannot be null - Invalid query: 
                INSERT INTO attachment (
                    data_item_id,
					data_item_type,
					original_filename,
					stored_filename,
					site_id,
					text
					
                ) VALUES (
					115,
					'100',
					NULL,
					NULL,					
					'1',
					'Test' 
                )
            
ERROR - 2017-04-10 16:15:30 --> 404 Page Not Found: Themes/admin
ERROR - 2017-04-10 16:23:20 --> 404 Page Not Found: Themes/admin
ERROR - 2017-04-10 16:24:38 --> 404 Page Not Found: Themes/admin
ERROR - 2017-04-10 16:26:00 --> 404 Page Not Found: Themes/admin
ERROR - 2017-04-10 16:26:52 --> 404 Page Not Found: Themes/admin
ERROR - 2017-04-10 16:27:36 --> 404 Page Not Found: Themes/admin
ERROR - 2017-04-10 16:28:12 --> 404 Page Not Found: Themes/admin
ERROR - 2017-04-10 17:30:21 --> Query error: You have an error in your SQL syntax; check the manual that corresponds to your MySQL server version for the right syntax to use near '
					,					
					'1',
					'' 
                )' at line 12 - Invalid query: 
                INSERT INTO attachment (
                    data_item_id,
					data_item_type,
					original_filename,
					stored_filename,
					site_id,
					text
					
                ) VALUES (
					121,
					'100',
					,
					,					
					'1',
					'' 
                )
            
ERROR - 2017-04-10 17:31:27 --> Query error: You have an error in your SQL syntax; check the manual that corresponds to your MySQL server version for the right syntax to use near '
					,					
					'1',
					'' 
                )' at line 12 - Invalid query: 
                INSERT INTO attachment (
                    data_item_id,
					data_item_type,
					original_filename,
					stored_filename,
					site_id,
					text
					
                ) VALUES (
					122,
					'100',
					,
					,					
					'1',
					'' 
                )
            
ERROR - 2017-04-10 17:32:06 --> Severity: Parsing Error --> syntax error, unexpected ''.$resumeName.'' (T_CONSTANT_ENCAPSED_STRING) C:\wamp64\www\myopeneyes\application\models\Candidates_model.php 200
ERROR - 2017-04-10 17:32:31 --> Query error: You have an error in your SQL syntax; check the manual that corresponds to your MySQL server version for the right syntax to use near '
					,					
					'1',
					'' 
                )' at line 12 - Invalid query: 
                INSERT INTO attachment (
                    data_item_id,
					data_item_type,
					original_filename,
					stored_filename,
					site_id,
					text
					
                ) VALUES (
					123,
					'100',
					,
					,					
					'1',
					'' 
                )
            
ERROR - 2017-04-10 17:36:30 --> Severity: Parsing Error --> syntax error, unexpected '$resumeName' (T_VARIABLE) C:\wamp64\www\myopeneyes\application\models\Candidates_model.php 201
ERROR - 2017-04-10 17:36:45 --> Query error: You have an error in your SQL syntax; check the manual that corresponds to your MySQL server version for the right syntax to use near '
					NULL,					
					'1',
					'' 
                )' at line 12 - Invalid query: 
                INSERT INTO attachment (
                    data_item_id,
					data_item_type,
					original_filename,
					stored_filename,
					site_id,
					text
					
                ) VALUES (
					127,
					'100',
					,
					NULL,					
					'1',
					'' 
                )
            
ERROR - 2017-04-10 17:51:18 --> Query error: Column count doesn't match value count at row 1 - Invalid query: 
                INSERT INTO attachment (
                    data_item_id,
					data_item_type,
					original_filename,
					stored_filename,
					site_id,
					text
					
                ) VALUES (
					133,
					'100', 
					'1',
					'',
					''
					'' 
                )
            
ERROR - 2017-04-10 17:58:30 --> Severity: Notice --> Undefined variable: files C:\wamp64\www\myopeneyes\application\controllers\admin\Candidates.php 191
ERROR - 2017-04-10 18:10:35 --> Severity: Parsing Error --> syntax error, unexpected ''.$resumeName.'' (T_CONSTANT_ENCAPSED_STRING) C:\wamp64\www\myopeneyes\application\models\Candidates_model.php 198
ERROR - 2017-04-10 18:12:25 --> Severity: Notice --> Undefined variable: resumeName C:\wamp64\www\myopeneyes\application\controllers\admin\Candidates.php 251
ERROR - 2017-04-10 18:18:34 --> Severity: Notice --> Undefined offset: 2 C:\wamp64\www\myopeneyes\application\controllers\admin\Candidates.php 193
ERROR - 2017-04-10 18:18:54 --> Severity: Notice --> Undefined offset: 2 C:\wamp64\www\myopeneyes\application\controllers\admin\Candidates.php 193
ERROR - 2017-04-10 17:20:42 --> Severity: Parsing Error --> syntax error, unexpected ']' C:\wamp64\www\myopeneyes\application\controllers\admin\Candidates.php 193
ERROR - 2017-04-10 17:20:52 --> Severity: Parsing Error --> syntax error, unexpected ']' C:\wamp64\www\myopeneyes\application\controllers\admin\Candidates.php 195
ERROR - 2017-04-10 17:21:29 --> Severity: Parsing Error --> syntax error, unexpected ')', expecting ']' C:\wamp64\www\myopeneyes\application\controllers\admin\Candidates.php 193
ERROR - 2017-04-10 17:21:40 --> Severity: Parsing Error --> syntax error, unexpected ')', expecting ']' C:\wamp64\www\myopeneyes\application\controllers\admin\Candidates.php 193
ERROR - 2017-04-10 17:21:55 --> Severity: Parsing Error --> syntax error, unexpected ')', expecting ']' C:\wamp64\www\myopeneyes\application\controllers\admin\Candidates.php 193
ERROR - 2017-04-10 17:22:51 --> Severity: Parsing Error --> syntax error, unexpected ']' C:\wamp64\www\myopeneyes\application\controllers\admin\Candidates.php 195
ERROR - 2017-04-10 17:23:17 --> Severity: Parsing Error --> syntax error, unexpected ']' C:\wamp64\www\myopeneyes\application\controllers\admin\Candidates.php 195
ERROR - 2017-04-10 17:25:09 --> 404 Page Not Found: Themes/admin
ERROR - 2017-04-10 17:26:39 --> 404 Page Not Found: Themes/admin
ERROR - 2017-04-10 18:27:07 --> Could not find the language line "users input email"
ERROR - 2017-04-10 17:27:08 --> 404 Page Not Found: Themes/admin
ERROR - 2017-04-10 18:30:42 --> Could not find the language line "users input email"
ERROR - 2017-04-10 17:30:42 --> 404 Page Not Found: Themes/admin
ERROR - 2017-04-10 18:32:28 --> Could not find the language line "users input email"
ERROR - 2017-04-10 17:32:29 --> 404 Page Not Found: Themes/admin
ERROR - 2017-04-10 19:01:17 --> Could not find the language line "users input email"
ERROR - 2017-04-10 18:01:17 --> 404 Page Not Found: Themes/admin
ERROR - 2017-04-10 19:22:37 --> Could not find the language line "users input email"
ERROR - 2017-04-10 18:22:38 --> 404 Page Not Found: Themes/admin
ERROR - 2017-04-10 19:28:55 --> Could not find the language line "users input email"
ERROR - 2017-04-10 18:28:56 --> 404 Page Not Found: Themes/admin
ERROR - 2017-04-10 19:29:15 --> Could not find the language line "users input email"
ERROR - 2017-04-10 18:29:16 --> 404 Page Not Found: Themes/admin
ERROR - 2017-04-10 18:29:33 --> 404 Page Not Found: Themes/admin
ERROR - 2017-04-10 18:29:42 --> 404 Page Not Found: Themes/admin
ERROR - 2017-04-10 18:30:21 --> 404 Page Not Found: Themes/admin
ERROR - 2017-04-10 18:30:21 --> 404 Page Not Found: Themes/admin
ERROR - 2017-04-10 18:30:41 --> 404 Page Not Found: Themes/admin
ERROR - 2017-04-10 19:31:12 --> Could not find the language line "users input email"
ERROR - 2017-04-10 18:31:13 --> 404 Page Not Found: Themes/admin
ERROR - 2017-04-10 18:31:38 --> 404 Page Not Found: Themes/admin
ERROR - 2017-04-10 19:31:58 --> Could not find the language line "users input email"
ERROR - 2017-04-10 18:31:59 --> 404 Page Not Found: Themes/admin
ERROR - 2017-04-10 19:32:10 --> Could not find the language line "users input email"
ERROR - 2017-04-10 19:32:11 --> Could not find the language line "users input email"
ERROR - 2017-04-10 19:32:11 --> Could not find the language line "users input email"
ERROR - 2017-04-10 18:32:12 --> 404 Page Not Found: Themes/admin
ERROR - 2017-04-10 19:32:13 --> Could not find the language line "users input email"
ERROR - 2017-04-10 18:32:13 --> 404 Page Not Found: Themes/admin
ERROR - 2017-04-10 19:33:13 --> Could not find the language line "users input email"
ERROR - 2017-04-10 19:33:16 --> Could not find the language line "users input email"
ERROR - 2017-04-10 18:33:16 --> 404 Page Not Found: Themes/admin
ERROR - 2017-04-10 19:33:17 --> Could not find the language line "users input email"
ERROR - 2017-04-10 18:33:17 --> 404 Page Not Found: Themes/admin
ERROR - 2017-04-10 19:33:31 --> Could not find the language line "users input email"
ERROR - 2017-04-10 18:33:31 --> 404 Page Not Found: Themes/admin
ERROR - 2017-04-10 19:33:32 --> Could not find the language line "users input email"
ERROR - 2017-04-10 18:33:33 --> 404 Page Not Found: Themes/admin
ERROR - 2017-04-10 19:33:50 --> Could not find the language line "users input email"
ERROR - 2017-04-10 18:33:51 --> 404 Page Not Found: Themes/admin
ERROR - 2017-04-10 19:34:33 --> Could not find the language line "users input email"
ERROR - 2017-04-10 18:34:34 --> 404 Page Not Found: Themes/admin
ERROR - 2017-04-10 18:34:45 --> 404 Page Not Found: Themes/admin
ERROR - 2017-04-10 18:39:42 --> 404 Page Not Found: Themes/admin
ERROR - 2017-04-10 18:40:13 --> 404 Page Not Found: Themes/admin
ERROR - 2017-04-10 18:40:16 --> 404 Page Not Found: Themes/admin
ERROR - 2017-04-10 18:40:32 --> 404 Page Not Found: Themes/admin
ERROR - 2017-04-10 18:40:57 --> 404 Page Not Found: Themes/admin
ERROR - 2017-04-10 18:41:42 --> 404 Page Not Found: Themes/admin
ERROR - 2017-04-10 18:46:46 --> 404 Page Not Found: Themes/admin
ERROR - 2017-04-10 18:46:47 --> 404 Page Not Found: Themes/admin
ERROR - 2017-04-10 18:46:53 --> 404 Page Not Found: Themes/admin
ERROR - 2017-04-10 19:49:15 --> Could not find the language line "users input email"
ERROR - 2017-04-10 18:49:16 --> 404 Page Not Found: Themes/admin
ERROR - 2017-04-10 18:49:26 --> 404 Page Not Found: Themes/admin
ERROR - 2017-04-10 19:50:11 --> Could not find the language line "users input email"
ERROR - 2017-04-10 18:50:11 --> 404 Page Not Found: Themes/admin
ERROR - 2017-04-10 19:58:32 --> Could not find the language line "users input email"
ERROR - 2017-04-10 18:58:33 --> 404 Page Not Found: Themes/admin
ERROR - 2017-04-10 19:58:45 --> Could not find the language line "users input email"
ERROR - 2017-04-10 18:58:45 --> 404 Page Not Found: Themes/admin
ERROR - 2017-04-10 19:59:18 --> Could not find the language line "users input email"
ERROR - 2017-04-10 19:59:19 --> Could not find the language line "users input email"
ERROR - 2017-04-10 19:59:19 --> Could not find the language line "users input email"
ERROR - 2017-04-10 19:59:19 --> Could not find the language line "users input email"
ERROR - 2017-04-10 19:59:19 --> Could not find the language line "users input email"
ERROR - 2017-04-10 18:59:20 --> 404 Page Not Found: Themes/admin
ERROR - 2017-04-10 20:02:07 --> Could not find the language line "users input email"
ERROR - 2017-04-10 19:02:07 --> 404 Page Not Found: Themes/admin
ERROR - 2017-04-10 20:02:14 --> Could not find the language line "users input email"
ERROR - 2017-04-10 19:02:14 --> 404 Page Not Found: Themes/admin
ERROR - 2017-04-10 20:07:04 --> Could not find the language line "users input email"
ERROR - 2017-04-10 19:07:05 --> 404 Page Not Found: Themes/admin
ERROR - 2017-04-10 20:07:09 --> Could not find the language line "users input email"
ERROR - 2017-04-10 19:07:09 --> 404 Page Not Found: Themes/admin
ERROR - 2017-04-10 20:10:57 --> Could not find the language line "users input email"
ERROR - 2017-04-10 19:10:58 --> 404 Page Not Found: Themes/admin
ERROR - 2017-04-10 20:11:06 --> Could not find the language line "candidates title"
ERROR - 2017-04-10 20:11:35 --> Could not find the language line "users input email"
ERROR - 2017-04-10 19:11:35 --> 404 Page Not Found: Themes/admin
ERROR - 2017-04-10 20:11:39 --> Severity: Notice --> Undefined property: stdClass::$theme C:\wamp64\www\myopeneyes\application\core\MY_Controller.php 260
ERROR - 2017-04-10 20:11:39 --> Severity: Notice --> Undefined property: stdClass::$theme C:\wamp64\www\myopeneyes\application\core\MY_Controller.php 317
ERROR - 2017-04-10 20:11:39 --> Severity: Notice --> Undefined property: stdClass::$theme C:\wamp64\www\myopeneyes\application\core\MY_Controller.php 371
ERROR - 2017-04-10 20:11:39 --> Could not find the language line "candidates title"
ERROR - 2017-04-10 20:11:41 --> Severity: Notice --> Undefined property: stdClass::$theme C:\wamp64\www\myopeneyes\application\core\MY_Controller.php 260
ERROR - 2017-04-10 20:11:41 --> Severity: Notice --> Undefined property: stdClass::$theme C:\wamp64\www\myopeneyes\application\core\MY_Controller.php 317
ERROR - 2017-04-10 20:11:41 --> Severity: Notice --> Undefined property: stdClass::$theme C:\wamp64\www\myopeneyes\application\core\MY_Controller.php 371
ERROR - 2017-04-10 20:11:41 --> Could not find the language line "candidates title"
ERROR - 2017-04-10 20:11:41 --> Severity: Notice --> Undefined property: stdClass::$theme C:\wamp64\www\myopeneyes\application\core\MY_Controller.php 260
ERROR - 2017-04-10 20:11:41 --> Severity: Notice --> Undefined property: stdClass::$theme C:\wamp64\www\myopeneyes\application\core\MY_Controller.php 317
ERROR - 2017-04-10 20:11:41 --> Severity: Notice --> Undefined property: stdClass::$theme C:\wamp64\www\myopeneyes\application\core\MY_Controller.php 371
ERROR - 2017-04-10 20:11:41 --> Could not find the language line "candidates title"
ERROR - 2017-04-10 20:11:41 --> Severity: Notice --> Undefined property: stdClass::$theme C:\wamp64\www\myopeneyes\application\core\MY_Controller.php 260
ERROR - 2017-04-10 20:11:41 --> Severity: Notice --> Undefined property: stdClass::$theme C:\wamp64\www\myopeneyes\application\core\MY_Controller.php 317
ERROR - 2017-04-10 20:11:41 --> Severity: Notice --> Undefined property: stdClass::$theme C:\wamp64\www\myopeneyes\application\core\MY_Controller.php 371
ERROR - 2017-04-10 20:11:41 --> Could not find the language line "candidates title"
ERROR - 2017-04-10 20:11:42 --> Severity: Notice --> Undefined property: stdClass::$theme C:\wamp64\www\myopeneyes\application\core\MY_Controller.php 260
ERROR - 2017-04-10 20:11:42 --> Severity: Notice --> Undefined property: stdClass::$theme C:\wamp64\www\myopeneyes\application\core\MY_Controller.php 317
ERROR - 2017-04-10 20:11:42 --> Severity: Notice --> Undefined property: stdClass::$theme C:\wamp64\www\myopeneyes\application\core\MY_Controller.php 371
ERROR - 2017-04-10 20:11:42 --> Could not find the language line "candidates title"
ERROR - 2017-04-10 20:11:42 --> Severity: Notice --> Undefined property: stdClass::$theme C:\wamp64\www\myopeneyes\application\core\MY_Controller.php 260
ERROR - 2017-04-10 20:11:42 --> Severity: Notice --> Undefined property: stdClass::$theme C:\wamp64\www\myopeneyes\application\core\MY_Controller.php 317
ERROR - 2017-04-10 20:11:42 --> Severity: Notice --> Undefined property: stdClass::$theme C:\wamp64\www\myopeneyes\application\core\MY_Controller.php 371
ERROR - 2017-04-10 20:11:42 --> Could not find the language line "candidates title"
ERROR - 2017-04-10 20:11:44 --> Could not find the language line "users input email"
ERROR - 2017-04-10 19:11:44 --> 404 Page Not Found: Themes/admin
ERROR - 2017-04-10 20:11:49 --> Severity: Notice --> Undefined property: stdClass::$theme C:\wamp64\www\myopeneyes\application\core\MY_Controller.php 260
ERROR - 2017-04-10 20:11:49 --> Severity: Notice --> Undefined property: stdClass::$theme C:\wamp64\www\myopeneyes\application\core\MY_Controller.php 317
ERROR - 2017-04-10 20:11:49 --> Severity: Notice --> Undefined property: stdClass::$theme C:\wamp64\www\myopeneyes\application\core\MY_Controller.php 371
ERROR - 2017-04-10 20:11:49 --> Could not find the language line "candidates title"
ERROR - 2017-04-10 20:11:52 --> Severity: Notice --> Undefined property: stdClass::$theme C:\wamp64\www\myopeneyes\application\core\MY_Controller.php 260
ERROR - 2017-04-10 20:11:52 --> Severity: Notice --> Undefined property: stdClass::$theme C:\wamp64\www\myopeneyes\application\core\MY_Controller.php 317
ERROR - 2017-04-10 20:11:52 --> Severity: Notice --> Undefined property: stdClass::$theme C:\wamp64\www\myopeneyes\application\core\MY_Controller.php 371
ERROR - 2017-04-10 20:11:52 --> Could not find the language line "candidates title"
ERROR - 2017-04-10 20:11:58 --> Could not find the language line "users input email"
ERROR - 2017-04-10 19:11:59 --> 404 Page Not Found: Themes/admin
ERROR - 2017-04-10 20:12:02 --> Severity: Notice --> Undefined property: stdClass::$theme C:\wamp64\www\myopeneyes\application\core\MY_Controller.php 260
ERROR - 2017-04-10 20:12:02 --> Severity: Notice --> Undefined property: stdClass::$theme C:\wamp64\www\myopeneyes\application\core\MY_Controller.php 317
ERROR - 2017-04-10 20:12:02 --> Severity: Notice --> Undefined property: stdClass::$theme C:\wamp64\www\myopeneyes\application\core\MY_Controller.php 371
ERROR - 2017-04-10 20:12:02 --> Could not find the language line "candidates title"
ERROR - 2017-04-10 20:12:03 --> Severity: Notice --> Undefined property: stdClass::$theme C:\wamp64\www\myopeneyes\application\core\MY_Controller.php 260
ERROR - 2017-04-10 20:12:03 --> Severity: Notice --> Undefined property: stdClass::$theme C:\wamp64\www\myopeneyes\application\core\MY_Controller.php 317
ERROR - 2017-04-10 20:12:03 --> Severity: Notice --> Undefined property: stdClass::$theme C:\wamp64\www\myopeneyes\application\core\MY_Controller.php 371
ERROR - 2017-04-10 20:12:03 --> Could not find the language line "candidates title"
ERROR - 2017-04-10 20:12:03 --> Severity: Notice --> Undefined property: stdClass::$theme C:\wamp64\www\myopeneyes\application\core\MY_Controller.php 260
ERROR - 2017-04-10 20:12:03 --> Severity: Notice --> Undefined property: stdClass::$theme C:\wamp64\www\myopeneyes\application\core\MY_Controller.php 317
ERROR - 2017-04-10 20:12:03 --> Severity: Notice --> Undefined property: stdClass::$theme C:\wamp64\www\myopeneyes\application\core\MY_Controller.php 371
ERROR - 2017-04-10 20:12:03 --> Could not find the language line "candidates title"
ERROR - 2017-04-10 20:12:04 --> Severity: Notice --> Undefined property: stdClass::$theme C:\wamp64\www\myopeneyes\application\core\MY_Controller.php 260
ERROR - 2017-04-10 20:12:04 --> Severity: Notice --> Undefined property: stdClass::$theme C:\wamp64\www\myopeneyes\application\core\MY_Controller.php 317
ERROR - 2017-04-10 20:12:04 --> Severity: Notice --> Undefined property: stdClass::$theme C:\wamp64\www\myopeneyes\application\core\MY_Controller.php 371
ERROR - 2017-04-10 20:12:04 --> Could not find the language line "candidates title"
ERROR - 2017-04-10 20:12:04 --> Severity: Notice --> Undefined property: stdClass::$theme C:\wamp64\www\myopeneyes\application\core\MY_Controller.php 260
ERROR - 2017-04-10 20:12:04 --> Severity: Notice --> Undefined property: stdClass::$theme C:\wamp64\www\myopeneyes\application\core\MY_Controller.php 317
ERROR - 2017-04-10 20:12:04 --> Severity: Notice --> Undefined property: stdClass::$theme C:\wamp64\www\myopeneyes\application\core\MY_Controller.php 371
ERROR - 2017-04-10 20:12:04 --> Could not find the language line "candidates title"
ERROR - 2017-04-10 20:12:04 --> Severity: Notice --> Undefined property: stdClass::$theme C:\wamp64\www\myopeneyes\application\core\MY_Controller.php 260
ERROR - 2017-04-10 20:12:04 --> Severity: Notice --> Undefined property: stdClass::$theme C:\wamp64\www\myopeneyes\application\core\MY_Controller.php 317
ERROR - 2017-04-10 20:12:04 --> Severity: Notice --> Undefined property: stdClass::$theme C:\wamp64\www\myopeneyes\application\core\MY_Controller.php 371
ERROR - 2017-04-10 20:12:04 --> Could not find the language line "candidates title"
ERROR - 2017-04-10 20:12:04 --> Severity: Notice --> Undefined property: stdClass::$theme C:\wamp64\www\myopeneyes\application\core\MY_Controller.php 260
ERROR - 2017-04-10 20:12:04 --> Severity: Notice --> Undefined property: stdClass::$theme C:\wamp64\www\myopeneyes\application\core\MY_Controller.php 317
ERROR - 2017-04-10 20:12:04 --> Severity: Notice --> Undefined property: stdClass::$theme C:\wamp64\www\myopeneyes\application\core\MY_Controller.php 371
ERROR - 2017-04-10 20:12:04 --> Could not find the language line "candidates title"
ERROR - 2017-04-10 20:12:05 --> Severity: Notice --> Undefined property: stdClass::$theme C:\wamp64\www\myopeneyes\application\core\MY_Controller.php 260
ERROR - 2017-04-10 20:12:05 --> Severity: Notice --> Undefined property: stdClass::$theme C:\wamp64\www\myopeneyes\application\core\MY_Controller.php 317
ERROR - 2017-04-10 20:12:05 --> Severity: Notice --> Undefined property: stdClass::$theme C:\wamp64\www\myopeneyes\application\core\MY_Controller.php 371
ERROR - 2017-04-10 20:12:05 --> Could not find the language line "candidates title"
ERROR - 2017-04-10 20:12:05 --> Severity: Notice --> Undefined property: stdClass::$theme C:\wamp64\www\myopeneyes\application\core\MY_Controller.php 260
ERROR - 2017-04-10 20:12:05 --> Severity: Notice --> Undefined property: stdClass::$theme C:\wamp64\www\myopeneyes\application\core\MY_Controller.php 317
ERROR - 2017-04-10 20:12:05 --> Severity: Notice --> Undefined property: stdClass::$theme C:\wamp64\www\myopeneyes\application\core\MY_Controller.php 371
ERROR - 2017-04-10 20:12:05 --> Could not find the language line "candidates title"
ERROR - 2017-04-10 20:12:05 --> Severity: Notice --> Undefined property: stdClass::$theme C:\wamp64\www\myopeneyes\application\core\MY_Controller.php 260
ERROR - 2017-04-10 20:12:05 --> Severity: Notice --> Undefined property: stdClass::$theme C:\wamp64\www\myopeneyes\application\core\MY_Controller.php 317
ERROR - 2017-04-10 20:12:05 --> Severity: Notice --> Undefined property: stdClass::$theme C:\wamp64\www\myopeneyes\application\core\MY_Controller.php 371
ERROR - 2017-04-10 20:12:05 --> Could not find the language line "candidates title"
ERROR - 2017-04-10 20:12:05 --> Severity: Notice --> Undefined property: stdClass::$theme C:\wamp64\www\myopeneyes\application\core\MY_Controller.php 260
ERROR - 2017-04-10 20:12:05 --> Severity: Notice --> Undefined property: stdClass::$theme C:\wamp64\www\myopeneyes\application\core\MY_Controller.php 317
ERROR - 2017-04-10 20:12:05 --> Severity: Notice --> Undefined property: stdClass::$theme C:\wamp64\www\myopeneyes\application\core\MY_Controller.php 371
ERROR - 2017-04-10 20:12:05 --> Could not find the language line "candidates title"
ERROR - 2017-04-10 20:12:05 --> Severity: Notice --> Undefined property: stdClass::$theme C:\wamp64\www\myopeneyes\application\core\MY_Controller.php 260
ERROR - 2017-04-10 20:12:05 --> Severity: Notice --> Undefined property: stdClass::$theme C:\wamp64\www\myopeneyes\application\core\MY_Controller.php 317
ERROR - 2017-04-10 20:12:05 --> Severity: Notice --> Undefined property: stdClass::$theme C:\wamp64\www\myopeneyes\application\core\MY_Controller.php 371
ERROR - 2017-04-10 20:12:05 --> Could not find the language line "candidates title"
ERROR - 2017-04-10 20:12:21 --> Severity: Notice --> Undefined property: stdClass::$theme C:\wamp64\www\myopeneyes\application\core\MY_Controller.php 260
ERROR - 2017-04-10 20:12:21 --> Severity: Notice --> Undefined property: stdClass::$theme C:\wamp64\www\myopeneyes\application\core\MY_Controller.php 317
ERROR - 2017-04-10 20:12:21 --> Severity: Notice --> Undefined property: stdClass::$theme C:\wamp64\www\myopeneyes\application\core\MY_Controller.php 371
ERROR - 2017-04-10 20:12:21 --> Could not find the language line "candidates title"
ERROR - 2017-04-10 20:12:21 --> Severity: Notice --> Undefined property: stdClass::$theme C:\wamp64\www\myopeneyes\application\core\MY_Controller.php 260
ERROR - 2017-04-10 20:12:21 --> Severity: Notice --> Undefined property: stdClass::$theme C:\wamp64\www\myopeneyes\application\core\MY_Controller.php 317
ERROR - 2017-04-10 20:12:21 --> Severity: Notice --> Undefined property: stdClass::$theme C:\wamp64\www\myopeneyes\application\core\MY_Controller.php 371
ERROR - 2017-04-10 20:12:21 --> Could not find the language line "candidates title"
ERROR - 2017-04-10 20:12:22 --> Severity: Notice --> Undefined property: stdClass::$theme C:\wamp64\www\myopeneyes\application\core\MY_Controller.php 260
ERROR - 2017-04-10 20:12:22 --> Severity: Notice --> Undefined property: stdClass::$theme C:\wamp64\www\myopeneyes\application\core\MY_Controller.php 317
ERROR - 2017-04-10 20:12:22 --> Severity: Notice --> Undefined property: stdClass::$theme C:\wamp64\www\myopeneyes\application\core\MY_Controller.php 371
ERROR - 2017-04-10 20:12:22 --> Could not find the language line "candidates title"
ERROR - 2017-04-10 20:12:22 --> Severity: Notice --> Undefined property: stdClass::$theme C:\wamp64\www\myopeneyes\application\core\MY_Controller.php 260
ERROR - 2017-04-10 20:12:22 --> Severity: Notice --> Undefined property: stdClass::$theme C:\wamp64\www\myopeneyes\application\core\MY_Controller.php 317
ERROR - 2017-04-10 20:12:22 --> Severity: Notice --> Undefined property: stdClass::$theme C:\wamp64\www\myopeneyes\application\core\MY_Controller.php 371
ERROR - 2017-04-10 20:12:22 --> Could not find the language line "candidates title"
ERROR - 2017-04-10 20:12:23 --> Could not find the language line "users input email"
ERROR - 2017-04-10 19:12:23 --> 404 Page Not Found: Themes/admin
ERROR - 2017-04-10 20:12:27 --> Severity: Notice --> Undefined property: stdClass::$theme C:\wamp64\www\myopeneyes\application\core\MY_Controller.php 260
ERROR - 2017-04-10 20:12:27 --> Severity: Notice --> Undefined property: stdClass::$theme C:\wamp64\www\myopeneyes\application\core\MY_Controller.php 317
ERROR - 2017-04-10 20:12:27 --> Severity: Notice --> Undefined property: stdClass::$theme C:\wamp64\www\myopeneyes\application\core\MY_Controller.php 371
ERROR - 2017-04-10 20:12:27 --> Could not find the language line "candidates title"
ERROR - 2017-04-10 20:12:37 --> Could not find the language line "users input email"
ERROR - 2017-04-10 19:12:38 --> 404 Page Not Found: Themes/admin
ERROR - 2017-04-10 20:12:41 --> Could not find the language line "candidates title"
ERROR - 2017-04-10 20:12:55 --> Could not find the language line "users input email"
ERROR - 2017-04-10 19:12:56 --> 404 Page Not Found: Themes/admin
ERROR - 2017-04-10 20:12:59 --> Could not find the language line "candidates title"
ERROR - 2017-04-10 20:13:18 --> Could not find the language line "candidates title"
ERROR - 2017-04-10 20:14:05 --> Could not find the language line "users input email"
ERROR - 2017-04-10 19:14:05 --> 404 Page Not Found: Themes/admin
ERROR - 2017-04-10 20:14:10 --> Severity: Notice --> Undefined property: stdClass::$theme C:\wamp64\www\myopeneyes\application\core\MY_Controller.php 260
ERROR - 2017-04-10 20:14:10 --> Severity: Notice --> Undefined property: stdClass::$theme C:\wamp64\www\myopeneyes\application\core\MY_Controller.php 317
ERROR - 2017-04-10 20:14:10 --> Severity: Notice --> Undefined property: stdClass::$theme C:\wamp64\www\myopeneyes\application\core\MY_Controller.php 371
ERROR - 2017-04-10 20:14:10 --> Could not find the language line "candidates title"
ERROR - 2017-04-10 20:14:41 --> Could not find the language line "users input email"
ERROR - 2017-04-10 19:14:42 --> 404 Page Not Found: Themes/admin
ERROR - 2017-04-10 20:22:13 --> Could not find the language line "users input email"
ERROR - 2017-04-10 19:22:14 --> 404 Page Not Found: Themes/admin
ERROR - 2017-04-10 20:22:30 --> Could not find the language line "users input email"
ERROR - 2017-04-10 19:22:30 --> 404 Page Not Found: Themes/admin
ERROR - 2017-04-10 20:22:59 --> Could not find the language line "users input email"
ERROR - 2017-04-10 19:22:59 --> 404 Page Not Found: Themes/admin
ERROR - 2017-04-10 20:23:07 --> Could not find the language line "users input email"
ERROR - 2017-04-10 19:23:07 --> 404 Page Not Found: Themes/admin
ERROR - 2017-04-10 20:24:12 --> Could not find the language line "users input email"
ERROR - 2017-04-10 19:24:12 --> 404 Page Not Found: Themes/admin
ERROR - 2017-04-10 20:25:54 --> Could not find the language line "users input email"
ERROR - 2017-04-10 19:25:54 --> 404 Page Not Found: Themes/admin
ERROR - 2017-04-10 20:27:19 --> Could not find the language line "users input email"
ERROR - 2017-04-10 19:27:20 --> 404 Page Not Found: Themes/admin
ERROR - 2017-04-10 20:27:55 --> Could not find the language line "users input email"
ERROR - 2017-04-10 19:27:56 --> 404 Page Not Found: Themes/admin
ERROR - 2017-04-10 19:38:17 --> 404 Page Not Found: Themes/admin
ERROR - 2017-04-10 20:51:41 --> Could not find the language line "users input email"
ERROR - 2017-04-10 19:51:42 --> 404 Page Not Found: Themes/admin
ERROR - 2017-04-10 19:52:02 --> 404 Page Not Found: Themes/admin
ERROR - 2017-04-10 20:52:05 --> Could not find the language line "users input email"
ERROR - 2017-04-10 20:52:06 --> Could not find the language line "users input email"
ERROR - 2017-04-10 19:52:07 --> 404 Page Not Found: Themes/admin
ERROR - 2017-04-10 19:52:21 --> 404 Page Not Found: Themes/admin
ERROR - 2017-04-10 19:52:24 --> 404 Page Not Found: Themes/admin
ERROR - 2017-04-10 19:52:30 --> 404 Page Not Found: Themes/admin
ERROR - 2017-04-10 20:52:32 --> Could not find the language line "users input email"
ERROR - 2017-04-10 19:52:33 --> 404 Page Not Found: Themes/admin
ERROR - 2017-04-10 21:03:56 --> Could not find the language line "users input email"
ERROR - 2017-04-10 20:03:56 --> 404 Page Not Found: Themes/admin
ERROR - 2017-04-10 21:05:03 --> Could not find the language line "users input email"
ERROR - 2017-04-10 20:05:04 --> 404 Page Not Found: Themes/admin
ERROR - 2017-04-10 21:05:50 --> Could not find the language line "users input email"
ERROR - 2017-04-10 20:05:50 --> 404 Page Not Found: Themes/admin
ERROR - 2017-04-10 21:06:20 --> Could not find the language line "users input email"
ERROR - 2017-04-10 20:06:20 --> 404 Page Not Found: Themes/admin
ERROR - 2017-04-10 21:52:39 --> Could not find the language line "users input email"
ERROR - 2017-04-10 20:52:40 --> 404 Page Not Found: Themes/admin
ERROR - 2017-04-10 21:52:47 --> Query error: You have an error in your SQL syntax; check the manual that corresponds to your MySQL server version for the right syntax to use near '  	data_item_type = 100 ORDER BY attachment_id DESC LIMIT 1' at line 1 - Invalid query: SELECT * FROM attachment WHERE data_item_id = '149' ,  	data_item_type = 100 ORDER BY attachment_id DESC LIMIT 1
ERROR - 2017-04-10 21:55:56 --> Severity: Notice --> Trying to get property of non-object C:\wamp64\www\myopeneyes\application\controllers\Ajax.php 46
ERROR - 2017-04-10 21:55:56 --> Severity: Warning --> unlink(uploads/): Permission denied C:\wamp64\www\myopeneyes\application\controllers\Ajax.php 48
ERROR - 2017-04-10 21:56:13 --> Severity: Notice --> Trying to get property of non-object C:\wamp64\www\myopeneyes\application\controllers\Ajax.php 46
ERROR - 2017-04-10 22:01:50 --> Could not find the language line "users input email"
ERROR - 2017-04-10 21:01:51 --> 404 Page Not Found: Themes/admin
ERROR - 2017-04-10 22:02:03 --> Severity: Notice --> Use of undefined constant sqlUpdate - assumed 'sqlUpdate' C:\wamp64\www\myopeneyes\application\models\Candidates_model.php 364
ERROR - 2017-04-10 22:02:03 --> Query error: You have an error in your SQL syntax; check the manual that corresponds to your MySQL server version for the right syntax to use near 'sqlUpdate' at line 1 - Invalid query: sqlUpdate
ERROR - 2017-04-10 22:02:34 --> Severity: Notice --> Use of undefined constant sqlUpdate - assumed 'sqlUpdate' C:\wamp64\www\myopeneyes\application\models\Candidates_model.php 364
ERROR - 2017-04-10 22:02:34 --> Query error: You have an error in your SQL syntax; check the manual that corresponds to your MySQL server version for the right syntax to use near 'sqlUpdate' at line 1 - Invalid query: sqlUpdate
ERROR - 2017-04-10 22:03:08 --> Query error: You have an error in your SQL syntax; check the manual that corresponds to your MySQL server version for the right syntax to use near ' data_item_type = 100 ORDER BY attachment_id DESC LIMIT 1' at line 5 - Invalid query: 
                UPDATE attachment
                SET
                    original_filename = '',
                    stored_filename = ''
                WHERE data_item_id = '149' , data_item_type = 100 ORDER BY attachment_id DESC LIMIT 1
            
ERROR - 2017-04-10 22:05:34 --> Could not find the language line "users input email"
ERROR - 2017-04-10 22:05:35 --> Severity: Parsing Error --> syntax error, unexpected '=>' (T_DOUBLE_ARROW) C:\wamp64\www\myopeneyes\application\views\admin\candidates\form.php 91
ERROR - 2017-04-10 22:05:53 --> Could not find the language line "users input email"
ERROR - 2017-04-10 22:05:53 --> Severity: Parsing Error --> syntax error, unexpected '=>' (T_DOUBLE_ARROW) C:\wamp64\www\myopeneyes\application\views\admin\candidates\form.php 91
ERROR - 2017-04-10 22:06:56 --> Could not find the language line "users input email"
ERROR - 2017-04-10 22:06:56 --> Severity: Parsing Error --> syntax error, unexpected '=>' (T_DOUBLE_ARROW) C:\wamp64\www\myopeneyes\application\views\admin\candidates\form.php 91
ERROR - 2017-04-10 22:07:05 --> Could not find the language line "users input email"
ERROR - 2017-04-10 22:07:05 --> Severity: Parsing Error --> syntax error, unexpected '=>' (T_DOUBLE_ARROW) C:\wamp64\www\myopeneyes\application\views\admin\candidates\form.php 94
ERROR - 2017-04-10 22:07:13 --> Could not find the language line "users input email"
ERROR - 2017-04-10 21:07:14 --> 404 Page Not Found: Themes/admin
ERROR - 2017-04-10 22:16:30 --> Could not find the language line "users input email"
ERROR - 2017-04-10 21:16:31 --> 404 Page Not Found: Themes/admin
ERROR - 2017-04-10 22:22:39 --> Could not find the language line "users input email"
ERROR - 2017-04-10 21:22:39 --> 404 Page Not Found: Themes/admin
ERROR - 2017-04-10 22:29:37 --> Could not find the language line "users input email"
ERROR - 2017-04-10 21:29:38 --> 404 Page Not Found: Themes/admin
ERROR - 2017-04-10 22:31:28 --> Could not find the language line "users input email"
ERROR - 2017-04-10 21:31:29 --> 404 Page Not Found: Themes/admin
ERROR - 2017-04-10 22:33:07 --> Could not find the language line "users input email"
ERROR - 2017-04-10 22:33:07 --> Query error: You have an error in your SQL syntax; check the manual that corresponds to your MySQL server version for the right syntax to use near 'WHERE data_item_id = '149'  AND data_item_type = 100' at line 5 - Invalid query: UPDATE attachment SET 
			text =  'This is test data..\r\nAdded new' ,
			original_filename = '1491859987_.jpg',
			stored_filename = '1491859987_.jpg',					
			WHERE data_item_id = '149'  AND data_item_type = 100 
ERROR - 2017-04-10 22:33:44 --> Could not find the language line "users input email"
ERROR - 2017-04-10 22:33:44 --> Could not find the language line "candidates msg edit_client_success"
ERROR - 2017-04-10 21:33:45 --> 404 Page Not Found: Themes/admin
ERROR - 2017-04-10 22:33:48 --> Could not find the language line "users input email"
ERROR - 2017-04-10 21:33:49 --> 404 Page Not Found: Themes/admin
ERROR - 2017-04-10 22:34:16 --> Could not find the language line "users input email"
ERROR - 2017-04-10 22:34:16 --> Could not find the language line "candidates msg edit_client_success"
ERROR - 2017-04-10 21:34:17 --> 404 Page Not Found: Themes/admin
ERROR - 2017-04-10 22:34:19 --> Could not find the language line "users input email"
ERROR - 2017-04-10 21:34:19 --> 404 Page Not Found: Themes/admin
ERROR - 2017-04-10 22:34:33 --> Could not find the language line "users input email"
ERROR - 2017-04-10 22:34:33 --> Could not find the language line "candidates msg edit_client_success"
ERROR - 2017-04-10 21:34:34 --> 404 Page Not Found: Themes/admin
ERROR - 2017-04-10 22:34:36 --> Could not find the language line "users input email"
ERROR - 2017-04-10 21:34:37 --> 404 Page Not Found: Themes/admin
ERROR - 2017-04-10 22:34:48 --> Could not find the language line "users input email"
ERROR - 2017-04-10 22:34:48 --> Could not find the language line "candidates msg edit_client_success"
ERROR - 2017-04-10 21:34:49 --> 404 Page Not Found: Themes/admin
ERROR - 2017-04-10 22:34:51 --> Could not find the language line "users input email"
ERROR - 2017-04-10 21:34:52 --> 404 Page Not Found: Themes/admin
ERROR - 2017-04-10 22:35:46 --> Could not find the language line "users input email"
ERROR - 2017-04-10 22:35:46 --> Could not find the language line "candidates msg edit_client_success"
ERROR - 2017-04-10 21:35:46 --> 404 Page Not Found: Themes/admin
ERROR - 2017-04-10 22:35:48 --> Could not find the language line "users input email"
ERROR - 2017-04-10 21:35:49 --> 404 Page Not Found: Themes/admin
ERROR - 2017-04-10 21:35:52 --> 404 Page Not Found: Uploads/1491860073_.png
ERROR - 2017-04-10 22:38:04 --> Could not find the language line "users input email"
ERROR - 2017-04-10 21:38:05 --> 404 Page Not Found: Themes/admin
ERROR - 2017-04-10 22:38:42 --> Could not find the language line "users input email"
ERROR - 2017-04-10 21:38:43 --> 404 Page Not Found: Themes/admin
ERROR - 2017-04-10 22:40:10 --> Could not find the language line "users input email"
ERROR - 2017-04-10 21:40:10 --> 404 Page Not Found: Themes/admin
ERROR - 2017-04-10 22:40:36 --> Could not find the language line "users input email"
ERROR - 2017-04-10 21:40:36 --> 404 Page Not Found: Themes/admin
ERROR - 2017-04-10 22:41:03 --> Could not find the language line "users input email"
ERROR - 2017-04-10 21:41:03 --> 404 Page Not Found: Themes/admin
ERROR - 2017-04-10 22:42:22 --> Could not find the language line "users input email"
ERROR - 2017-04-10 21:42:23 --> 404 Page Not Found: Themes/admin
ERROR - 2017-04-10 22:42:35 --> Severity: Notice --> Undefined variable: attachmentData C:\wamp64\www\myopeneyes\application\controllers\Ajax.php 45
ERROR - 2017-04-10 22:43:58 --> Could not find the language line "users input email"
ERROR - 2017-04-10 21:43:58 --> 404 Page Not Found: Themes/admin
ERROR - 2017-04-10 22:46:30 --> Could not find the language line "users input email"
ERROR - 2017-04-10 21:46:31 --> 404 Page Not Found: Themes/admin
ERROR - 2017-04-10 22:47:11 --> Could not find the language line "users input email"
ERROR - 2017-04-10 21:47:11 --> 404 Page Not Found: Themes/admin
ERROR - 2017-04-10 21:47:27 --> 404 Page Not Found: Uploads/1491860073_.png
ERROR - 2017-04-10 22:47:45 --> Severity: Notice --> Undefined variable: attachmentData C:\wamp64\www\myopeneyes\application\controllers\Ajax.php 45
ERROR - 2017-04-10 22:47:52 --> Could not find the language line "users input email"
ERROR - 2017-04-10 22:47:52 --> Could not find the language line "candidates msg edit_client_success"
ERROR - 2017-04-10 21:47:53 --> 404 Page Not Found: Themes/admin
ERROR - 2017-04-10 22:47:56 --> Could not find the language line "users input email"
ERROR - 2017-04-10 21:47:56 --> 404 Page Not Found: Themes/admin
ERROR - 2017-04-10 22:48:35 --> Could not find the language line "users input email"
ERROR - 2017-04-10 22:48:35 --> Could not find the language line "candidates msg edit_client_success"
ERROR - 2017-04-10 21:48:36 --> 404 Page Not Found: Themes/admin
ERROR - 2017-04-10 22:48:38 --> Could not find the language line "users input email"
ERROR - 2017-04-10 21:48:39 --> 404 Page Not Found: Themes/admin
ERROR - 2017-04-10 22:49:28 --> Could not find the language line "users input email"
ERROR - 2017-04-10 21:49:29 --> 404 Page Not Found: Themes/admin
ERROR - 2017-04-10 22:50:02 --> Could not find the language line "users input email"
ERROR - 2017-04-10 21:50:03 --> 404 Page Not Found: Themes/admin
ERROR - 2017-04-10 22:50:36 --> Could not find the language line "users input email"
ERROR - 2017-04-10 21:50:37 --> 404 Page Not Found: Themes/admin
ERROR - 2017-04-10 22:51:05 --> Could not find the language line "users input email"
ERROR - 2017-04-10 21:51:06 --> 404 Page Not Found: Themes/admin
ERROR - 2017-04-10 22:51:30 --> Could not find the language line "users input email"
ERROR - 2017-04-10 22:51:30 --> Could not find the language line "candidates msg edit_client_success"
ERROR - 2017-04-10 21:51:31 --> 404 Page Not Found: Themes/admin
ERROR - 2017-04-10 22:51:33 --> Could not find the language line "users input email"
ERROR - 2017-04-10 21:51:34 --> 404 Page Not Found: Themes/admin
ERROR - 2017-04-10 22:52:33 --> Could not find the language line "users input email"
ERROR - 2017-04-10 21:52:34 --> 404 Page Not Found: Themes/admin
ERROR - 2017-04-10 22:52:45 --> Could not find the language line "users input email"
ERROR - 2017-04-10 22:52:45 --> Could not find the language line "candidates msg edit_client_success"
ERROR - 2017-04-10 21:52:46 --> 404 Page Not Found: Themes/admin
ERROR - 2017-04-10 22:52:48 --> Could not find the language line "users input email"
ERROR - 2017-04-10 21:52:48 --> 404 Page Not Found: Themes/admin
ERROR - 2017-04-10 22:53:03 --> Could not find the language line "users input email"
ERROR - 2017-04-10 22:53:03 --> Could not find the language line "candidates msg edit_client_success"
ERROR - 2017-04-10 21:53:04 --> 404 Page Not Found: Themes/admin
ERROR - 2017-04-10 22:53:07 --> Could not find the language line "users input email"
ERROR - 2017-04-10 21:53:07 --> 404 Page Not Found: Themes/admin
ERROR - 2017-04-10 22:53:19 --> Could not find the language line "users input email"
ERROR - 2017-04-10 22:53:19 --> Could not find the language line "candidates msg edit_client_success"
ERROR - 2017-04-10 21:53:20 --> 404 Page Not Found: Themes/admin
ERROR - 2017-04-10 22:53:22 --> Could not find the language line "users input email"
ERROR - 2017-04-10 21:53:23 --> 404 Page Not Found: Themes/admin
ERROR - 2017-04-10 22:53:55 --> Could not find the language line "users input email"
ERROR - 2017-04-10 22:53:56 --> Could not find the language line "candidates msg edit_client_success"
ERROR - 2017-04-10 21:53:56 --> 404 Page Not Found: Themes/admin
ERROR - 2017-04-10 22:53:59 --> Could not find the language line "users input email"
ERROR - 2017-04-10 21:53:59 --> 404 Page Not Found: Themes/admin
ERROR - 2017-04-10 21:54:21 --> 404 Page Not Found: Themes/admin
ERROR - 2017-04-10 21:54:29 --> 404 Page Not Found: Themes/admin
ERROR - 2017-04-10 21:54:33 --> 404 Page Not Found: Themes/admin
ERROR - 2017-04-10 21:54:36 --> 404 Page Not Found: Themes/admin
ERROR - 2017-04-10 21:54:42 --> 404 Page Not Found: Themes/admin
ERROR - 2017-04-10 21:54:52 --> 404 Page Not Found: Themes/admin
ERROR - 2017-04-10 22:54:54 --> Could not find the language line "users input email"
ERROR - 2017-04-10 21:54:55 --> 404 Page Not Found: Themes/admin
ERROR - 2017-04-10 22:56:00 --> Could not find the language line "users input email"
ERROR - 2017-04-10 22:56:00 --> Could not find the language line "candidates msg edit_client_success"
ERROR - 2017-04-10 21:56:00 --> 404 Page Not Found: Themes/admin
ERROR - 2017-04-10 22:56:04 --> Could not find the language line "users input email"
ERROR - 2017-04-10 21:56:05 --> 404 Page Not Found: Themes/admin
ERROR - 2017-04-10 22:57:20 --> Could not find the language line "users input email"
ERROR - 2017-04-10 21:57:21 --> 404 Page Not Found: Themes/admin
ERROR - 2017-04-10 22:05:24 --> 404 Page Not Found: Themes/admin
ERROR - 2017-04-10 22:05:26 --> 404 Page Not Found: Themes/admin
ERROR - 2017-04-10 22:08:11 --> 404 Page Not Found: Themes/admin
ERROR - 2017-04-10 22:08:31 --> 404 Page Not Found: Themes/admin
ERROR - 2017-04-10 22:10:52 --> 404 Page Not Found: Themes/admin
ERROR - 2017-04-10 22:11:02 --> 404 Page Not Found: Themes/admin
ERROR - 2017-04-10 22:12:07 --> 404 Page Not Found: Themes/admin
ERROR - 2017-04-10 22:12:21 --> 404 Page Not Found: Themes/admin
ERROR - 2017-04-10 22:13:25 --> 404 Page Not Found: Themes/admin
ERROR - 2017-04-10 22:22:42 --> 404 Page Not Found: Themes/admin
ERROR - 2017-04-10 22:25:32 --> 404 Page Not Found: Themes/admin
ERROR - 2017-04-10 23:25:46 --> Query error: Column count doesn't match value count at row 1 - Invalid query: 
                INSERT INTO candidate (
                    site_id,
					last_name,
					first_name,
					middle_name,
					phone_home,
                    phone_cell,
					phone_work,
                    address,
                    city,
                    state,
                    zip, 
                    source,
                    date_available,
					can_relocate,
					notes,
                    key_skills,
					current_employer,
                    date_created,
                    date_modified,
					entered_by,
					owner,
					email1,
					email2,
					web_site,
					desired_pay,
					current_pay,
					best_time_to_call,
					work_authorization,
					date_of_birth,
					ssn
                ) VALUES (
					'1',
                    'ccc',
					'abv',
					'b',
					'8140342881',
					'8140342882',
					'8140342883',
					'Wagodeya road',
                    'Barda',
                    'Guajrat',
                    '390019', 
                    'New Pa',
                    '2017-04-27',
					0,
					'But added ',
                    'NO Skills',
					'Post',                    
                    '2017-04-10 23:25:46',
                    '2017-04-10 23:25:46',
					'1',
					'1',
					'raj1@gmail.com',
					'raj2@gmail.com',
					'www.youmewebs.com',
					'29000',
					'25000',
					'After 11 OC',
					
					'PR'
					'2017-04-28'
					'123456789'
                )
            
ERROR - 2017-04-10 23:29:18 --> Query error: Column count doesn't match value count at row 1 - Invalid query: 
                INSERT INTO candidate (
                    site_id,
					last_name,
					first_name,
					middle_name,
					phone_home,
                    phone_cell,
					phone_work,
                    address,
                    city,
                    state,
                    zip, 
                    source,
                    date_available,
					can_relocate,
					notes,
                    key_skills,
					current_employer,
                    date_created,
                    date_modified,
					entered_by,
					owner,
					email1,
					email2,
					web_site,
					desired_pay,
					current_pay,
					best_time_to_call,
					work_authorization,
					date_of_birth,
					ssn
                ) VALUES (
					'1',
                    'ccc',
					'abv',
					'b',
					'8140342881',
					'8140342882',
					'8140342883',
					'Wagodeya road',
                    'Barda',
                    'Guajrat',
                    '390019', 
                    'New Pa',
                    '2017-04-27',
					0,
					'But added ',
                    'NO Skills',
					'Post',                    
                    '2017-04-10 23:29:18',
                    '2017-04-10 23:29:18',
					'1',
					'1',
					'raj1@gmail.com',
					'raj2@gmail.com',
					'www.youmewebs.com',
					'29000',
					'25000',
					'After 11 OC',
					
					'PR'
					'2017-04-28'
					'123456789'
                )
            
ERROR - 2017-04-10 22:30:14 --> 404 Page Not Found: Themes/admin
ERROR - 2017-04-10 22:30:46 --> 404 Page Not Found: Themes/admin
ERROR - 2017-04-10 23:32:06 --> Query error: Column count doesn't match value count at row 1 - Invalid query: 
                INSERT INTO candidate (
                    site_id,
					last_name,
					first_name,
					middle_name,
					phone_home,
                    phone_cell,
					phone_work,
                    address,
                    city,
                    state,
                    zip, 
                    source,
                    date_available,
					can_relocate,
					notes,
                    key_skills,
					current_employer,
                    date_created,
                    date_modified,
					entered_by,
					owner,
					email1,
					email2,
					web_site,
					desired_pay,
					current_pay,
					best_time_to_call,
					work_authorization,
					date_of_birth,
					ssn
                ) VALUES (
					'1',
                    'cba',
					'abc',
					'P',
					'8140342881',
					'8140342882',
					'8140342883',
					'Wagpdeya road',
                    'Baroda',
                    'Guajrat',
                    '390019', 
                    'New Pa',
                    '2017-04-20',
					0,
					'Test',
                    'NO Skills',
					'Post',                    
                    '2017-04-10 23:32:06',
                    '2017-04-10 23:32:06',
					'1',
					'1',
					'raj1@gmail.com',
					'raj2@gmail.com',
					'www.youmewebs.com',
					'29000',
					'25000',
					'After 11 OC',
					
					'PR'
					'2017-04-29'
					'123456789'
                )
            
ERROR - 2017-04-10 23:40:25 --> Query error: You have an error in your SQL syntax; check the manual that corresponds to your MySQL server version for the right syntax to use near '1491864025_.jpg'',
					''1491864025_.jpg'',
					'1',
					'Test' 
            ' at line 12 - Invalid query: 
                INSERT INTO attachment (
                    data_item_id,
					data_item_type,
					original_filename,
					stored_filename,
					site_id,
					text
					
                ) VALUES (
					150,
					'100',  
					''1491864025_.jpg'',
					''1491864025_.jpg'',
					'1',
					'Test' 
                )
            
ERROR - 2017-04-10 22:41:08 --> 404 Page Not Found: Themes/admin
ERROR - 2017-04-10 22:41:11 --> 404 Page Not Found: Themes/admin
ERROR - 2017-04-10 23:41:14 --> Could not find the language line "users input email"
ERROR - 2017-04-10 22:41:15 --> 404 Page Not Found: Themes/admin
ERROR - 2017-04-10 23:41:47 --> Could not find the language line "users input email"
ERROR - 2017-04-10 23:41:47 --> Could not find the language line "candidates msg edit_client_success"
ERROR - 2017-04-10 22:41:48 --> 404 Page Not Found: Themes/admin
ERROR - 2017-04-10 23:41:50 --> Could not find the language line "users input email"
ERROR - 2017-04-10 22:41:50 --> 404 Page Not Found: Themes/admin
ERROR - 2017-04-10 23:42:04 --> Could not find the language line "users input email"
ERROR - 2017-04-10 23:42:05 --> Could not find the language line "candidates msg edit_client_success"
ERROR - 2017-04-10 22:42:05 --> 404 Page Not Found: Themes/admin
ERROR - 2017-04-10 23:42:09 --> Could not find the language line "users input email"
ERROR - 2017-04-10 22:42:10 --> 404 Page Not Found: Themes/admin
ERROR - 2017-04-10 22:42:59 --> 404 Page Not Found: Themes/admin
