ERROR - 2017-05-08 15:13:32 --> Could not find the language line "users input status"
ERROR - 2017-05-08 15:13:44 --> Could not find the language line "clients col client_id"
ERROR - 2017-05-08 15:13:50 --> Could not find the language line "contacts col contact_id"
ERROR - 2017-05-08 15:13:52 --> Could not find the language line "contacts col owner"
ERROR - 2017-05-08 15:13:52 --> Could not find the language line "contacts col title"
ERROR - 2017-05-08 15:14:17 --> Could not find the language line "users input status"
ERROR - 2017-05-08 14:29:48 --> 404 Page Not Found: admin/Menus/index
ERROR - 2017-05-08 14:29:57 --> 404 Page Not Found: admin/Menus/index
ERROR - 2017-05-08 14:32:08 --> 404 Page Not Found: admin/Menu/index
ERROR - 2017-05-08 14:32:13 --> 404 Page Not Found: admin/Menus/index
ERROR - 2017-05-08 14:33:30 --> 404 Page Not Found: admin/Menus/index
ERROR - 2017-05-08 14:34:22 --> 404 Page Not Found: Themes/admin
ERROR - 2017-05-08 14:34:26 --> 404 Page Not Found: admin/Menus/index
ERROR - 2017-05-08 14:39:28 --> 404 Page Not Found: admin/Menus/index
ERROR - 2017-05-08 14:39:30 --> 404 Page Not Found: admin/Menus/index
ERROR - 2017-05-08 14:50:32 --> 404 Page Not Found: admin/Menus/addd
ERROR - 2017-05-08 15:50:35 --> Could not find the language line "menus input name"
ERROR - 2017-05-08 15:50:56 --> Could not find the language line "menus input name"
ERROR - 2017-05-08 15:56:52 --> Could not find the language line "menus input name"
ERROR - 2017-05-08 14:56:58 --> 404 Page Not Found: Ajax/menu_list
ERROR - 2017-05-08 14:57:00 --> 404 Page Not Found: Ajax/menu_list
ERROR - 2017-05-08 14:57:15 --> 404 Page Not Found: Ajax/menu_list
ERROR - 2017-05-08 15:59:16 --> Could not find the language line "menus input name"
ERROR - 2017-05-08 15:59:20 --> Query error: Table 'myopeneyes.user_access' doesn't exist - Invalid query: SELECT UAP.*
                FROM user_access as UA  RIGHT JOIN 
				user_access_permission as UAP ON
				UA.user_access_id = UAP.user_access_id  
                WHERE UA.access_level_id = 1
                    
            
ERROR - 2017-05-08 15:59:22 --> Query error: Table 'myopeneyes.user_access' doesn't exist - Invalid query: SELECT UAP.*
                FROM user_access as UA  RIGHT JOIN 
				user_access_permission as UAP ON
				UA.user_access_id = UAP.user_access_id  
                WHERE UA.access_level_id = 3
                    
            
ERROR - 2017-05-08 16:08:37 --> Could not find the language line "menus input name"
ERROR - 2017-05-08 16:10:04 --> Could not find the language line "menus input name"
ERROR - 2017-05-08 16:10:11 --> Severity: Notice --> Undefined offset: 9 C:\wamp64\www\myopeneyes\application\views\admin\menus\ajax_menu.php 29
ERROR - 2017-05-08 16:10:11 --> Severity: Notice --> Undefined offset: 9 C:\wamp64\www\myopeneyes\application\views\admin\menus\ajax_menu.php 30
ERROR - 2017-05-08 16:10:11 --> Severity: Notice --> Undefined offset: 9 C:\wamp64\www\myopeneyes\application\views\admin\menus\ajax_menu.php 31
ERROR - 2017-05-08 16:10:11 --> Severity: Notice --> Undefined offset: 9 C:\wamp64\www\myopeneyes\application\views\admin\menus\ajax_menu.php 32
ERROR - 2017-05-08 16:12:38 --> Could not find the language line "menus input name"
ERROR - 2017-05-08 16:14:23 --> Could not find the language line "menus input name"
ERROR - 2017-05-08 16:14:27 --> Could not find the language line "users input status"
ERROR - 2017-05-08 16:14:34 --> Could not find the language line "users input status"
ERROR - 2017-05-08 16:14:50 --> Could not find the language line "users input status"
ERROR - 2017-05-08 16:15:07 --> Could not find the language line "users input status"
ERROR - 2017-05-08 16:15:18 --> Could not find the language line "users input status"
ERROR - 2017-05-08 16:15:33 --> Could not find the language line "menus input name"
ERROR - 2017-05-08 16:15:45 --> Could not find the language line "menus input name"
ERROR - 2017-05-08 15:31:47 --> 404 Page Not Found: Themes/admin
ERROR - 2017-05-08 16:49:36 --> Severity: Error --> Call to undefined method Users_model::accessPermission() C:\wamp64\www\myopeneyes\application\core\Admin_Controller.php 55
ERROR - 2017-05-08 16:52:21 --> Severity: Warning --> Missing argument 1 for Admin_Controller::checkAuth(), called in C:\wamp64\www\myopeneyes\application\controllers\admin\Candidates.php on line 48 and defined C:\wamp64\www\myopeneyes\application\core\Admin_Controller.php 50
ERROR - 2017-05-08 16:52:21 --> Severity: Warning --> Missing argument 2 for Admin_Controller::checkAuth(), called in C:\wamp64\www\myopeneyes\application\controllers\admin\Candidates.php on line 48 and defined C:\wamp64\www\myopeneyes\application\core\Admin_Controller.php 50
ERROR - 2017-05-08 16:52:21 --> Severity: Notice --> Undefined variable: menuId C:\wamp64\www\myopeneyes\application\core\Admin_Controller.php 55
ERROR - 2017-05-08 16:52:21 --> Severity: Notice --> Undefined variable: actionType C:\wamp64\www\myopeneyes\application\core\Admin_Controller.php 55
ERROR - 2017-05-08 16:52:21 --> Query error: You have an error in your SQL syntax; check the manual that corresponds to your MySQL server version for the right syntax to use near 'as permission
                FROM user_access as UA  RIGHT JOIN 
				user_acces' at line 1 - Invalid query: SELECT  as permission
                FROM user_access as UA  RIGHT JOIN 
				user_access_permission as UAP ON
				UA.user_access_id = UAP.user_access_id  
                WHERE 
				UA.access_level_id = 1 AND
				UAP.menu_id =  
            
ERROR - 2017-05-08 16:52:31 --> Severity: Warning --> Missing argument 1 for Admin_Controller::checkAuth(), called in C:\wamp64\www\myopeneyes\application\controllers\admin\Clients.php on line 43 and defined C:\wamp64\www\myopeneyes\application\core\Admin_Controller.php 50
ERROR - 2017-05-08 16:52:31 --> Severity: Warning --> Missing argument 2 for Admin_Controller::checkAuth(), called in C:\wamp64\www\myopeneyes\application\controllers\admin\Clients.php on line 43 and defined C:\wamp64\www\myopeneyes\application\core\Admin_Controller.php 50
ERROR - 2017-05-08 16:52:31 --> Severity: Notice --> Undefined variable: menuId C:\wamp64\www\myopeneyes\application\core\Admin_Controller.php 55
ERROR - 2017-05-08 16:52:31 --> Severity: Notice --> Undefined variable: actionType C:\wamp64\www\myopeneyes\application\core\Admin_Controller.php 55
ERROR - 2017-05-08 16:52:31 --> Query error: You have an error in your SQL syntax; check the manual that corresponds to your MySQL server version for the right syntax to use near 'as permission
                FROM user_access as UA  RIGHT JOIN 
				user_acces' at line 1 - Invalid query: SELECT  as permission
                FROM user_access as UA  RIGHT JOIN 
				user_access_permission as UAP ON
				UA.user_access_id = UAP.user_access_id  
                WHERE 
				UA.access_level_id = 1 AND
				UAP.menu_id =  
            
ERROR - 2017-05-08 16:00:01 --> Severity: Parsing Error --> syntax error, unexpected '/', expecting function (T_FUNCTION) C:\wamp64\www\myopeneyes\application\controllers\admin\Users.php 50
ERROR - 2017-05-08 17:02:38 --> Could not find the language line "menus input name"
ERROR - 2017-05-08 17:02:50 --> Query error: You have an error in your SQL syntax; check the manual that corresponds to your MySQL server version for the right syntax to use near '' at line 5 - Invalid query: SELECT UAP.*
                FROM user_access as UA  RIGHT JOIN 
				user_access_permission as UAP ON
				UA.user_access_id = UAP.user_access_id  
                WHERE UA.access_level_id = 
                    
            
ERROR - 2017-05-08 17:03:28 --> Could not find the language line "menus input name"
ERROR - 2017-05-08 17:03:43 --> Could not find the language line "menus input name"
ERROR - 2017-05-08 17:04:04 --> Severity: Warning --> Missing argument 1 for Admin_Controller::checkAuth(), called in C:\wamp64\www\myopeneyes\application\controllers\admin\Users.php on line 280 and defined C:\wamp64\www\myopeneyes\application\core\Admin_Controller.php 50
ERROR - 2017-05-08 17:04:04 --> Severity: Warning --> Missing argument 2 for Admin_Controller::checkAuth(), called in C:\wamp64\www\myopeneyes\application\controllers\admin\Users.php on line 280 and defined C:\wamp64\www\myopeneyes\application\core\Admin_Controller.php 50
ERROR - 2017-05-08 17:04:04 --> Severity: Notice --> Undefined variable: menuId C:\wamp64\www\myopeneyes\application\core\Admin_Controller.php 57
ERROR - 2017-05-08 17:04:04 --> Severity: Notice --> Undefined variable: actionType C:\wamp64\www\myopeneyes\application\core\Admin_Controller.php 57
ERROR - 2017-05-08 17:04:04 --> Query error: You have an error in your SQL syntax; check the manual that corresponds to your MySQL server version for the right syntax to use near 'as permission
                FROM user_access as UA  RIGHT JOIN 
				user_acces' at line 1 - Invalid query: SELECT  as permission
                FROM user_access as UA  RIGHT JOIN 
				user_access_permission as UAP ON
				UA.user_access_id = UAP.user_access_id  
                WHERE 
				UA.access_level_id = 1 AND
				UAP.menu_id =  
            
ERROR - 2017-05-08 17:06:15 --> Could not find the language line "users input status"
ERROR - 2017-05-08 17:06:19 --> Could not find the language line "users input status"
ERROR - 2017-05-08 17:08:42 --> Could not find the language line "users input status"
ERROR - 2017-05-08 17:09:14 --> Severity: Warning --> Missing argument 1 for Admin_Controller::checkAuth(), called in C:\wamp64\www\myopeneyes\application\controllers\admin\Joborders.php on line 54 and defined C:\wamp64\www\myopeneyes\application\core\Admin_Controller.php 50
ERROR - 2017-05-08 17:09:14 --> Severity: Warning --> Missing argument 2 for Admin_Controller::checkAuth(), called in C:\wamp64\www\myopeneyes\application\controllers\admin\Joborders.php on line 54 and defined C:\wamp64\www\myopeneyes\application\core\Admin_Controller.php 50
ERROR - 2017-05-08 17:09:14 --> Severity: Notice --> Undefined variable: menuId C:\wamp64\www\myopeneyes\application\core\Admin_Controller.php 57
ERROR - 2017-05-08 17:09:14 --> Severity: Notice --> Undefined variable: actionType C:\wamp64\www\myopeneyes\application\core\Admin_Controller.php 57
ERROR - 2017-05-08 17:09:14 --> Query error: You have an error in your SQL syntax; check the manual that corresponds to your MySQL server version for the right syntax to use near 'as permission
                FROM user_access as UA  RIGHT JOIN 
				user_acces' at line 1 - Invalid query: SELECT  as permission
                FROM user_access as UA  RIGHT JOIN 
				user_access_permission as UAP ON
				UA.user_access_id = UAP.user_access_id  
                WHERE 
				UA.access_level_id = 1 AND
				UAP.menu_id =  
            
ERROR - 2017-05-08 17:12:56 --> Severity: Warning --> Missing argument 1 for Admin_Controller::checkAuth(), called in C:\wamp64\www\myopeneyes\application\controllers\admin\Clients.php on line 43 and defined C:\wamp64\www\myopeneyes\application\core\Admin_Controller.php 50
ERROR - 2017-05-08 17:12:56 --> Severity: Warning --> Missing argument 2 for Admin_Controller::checkAuth(), called in C:\wamp64\www\myopeneyes\application\controllers\admin\Clients.php on line 43 and defined C:\wamp64\www\myopeneyes\application\core\Admin_Controller.php 50
ERROR - 2017-05-08 17:12:56 --> Severity: Notice --> Undefined variable: menuId C:\wamp64\www\myopeneyes\application\core\Admin_Controller.php 55
ERROR - 2017-05-08 17:12:56 --> Severity: Notice --> Undefined variable: actionType C:\wamp64\www\myopeneyes\application\core\Admin_Controller.php 55
ERROR - 2017-05-08 17:12:56 --> Query error: You have an error in your SQL syntax; check the manual that corresponds to your MySQL server version for the right syntax to use near 'as permission
                FROM user_access as UA  RIGHT JOIN 
				user_acces' at line 1 - Invalid query: SELECT  as permission
                FROM user_access as UA  RIGHT JOIN 
				user_access_permission as UAP ON
				UA.user_access_id = UAP.user_access_id  
                WHERE 
				UA.access_level_id = 1 AND
				UAP.menu_id =  
            
ERROR - 2017-05-08 17:19:00 --> Could not find the language line "clients col client_id"
ERROR - 2017-05-08 17:19:03 --> Could not find the language line "clients col client_id"
ERROR - 2017-05-08 17:19:13 --> Could not find the language line "clients col client_id"
ERROR - 2017-05-08 17:19:18 --> Could not find the language line "clients col client_id"
ERROR - 2017-05-08 17:19:25 --> Severity: Warning --> Missing argument 1 for Admin_Controller::checkAuth(), called in C:\wamp64\www\myopeneyes\application\controllers\admin\Contacts.php on line 43 and defined C:\wamp64\www\myopeneyes\application\core\Admin_Controller.php 50
ERROR - 2017-05-08 17:19:25 --> Severity: Warning --> Missing argument 2 for Admin_Controller::checkAuth(), called in C:\wamp64\www\myopeneyes\application\controllers\admin\Contacts.php on line 43 and defined C:\wamp64\www\myopeneyes\application\core\Admin_Controller.php 50
ERROR - 2017-05-08 17:19:25 --> Severity: Notice --> Undefined variable: menuId C:\wamp64\www\myopeneyes\application\core\Admin_Controller.php 55
ERROR - 2017-05-08 17:19:25 --> Severity: Notice --> Undefined variable: actionType C:\wamp64\www\myopeneyes\application\core\Admin_Controller.php 55
ERROR - 2017-05-08 17:19:25 --> Query error: You have an error in your SQL syntax; check the manual that corresponds to your MySQL server version for the right syntax to use near 'as permission
                FROM user_access as UA  RIGHT JOIN 
				user_acces' at line 1 - Invalid query: SELECT  as permission
                FROM user_access as UA  RIGHT JOIN 
				user_access_permission as UAP ON
				UA.user_access_id = UAP.user_access_id  
                WHERE 
				UA.access_level_id = 1 AND
				UAP.menu_id =  
            
ERROR - 2017-05-08 17:19:27 --> Could not find the language line "clients col client_id"
ERROR - 2017-05-08 17:19:31 --> Could not find the language line "clients col client_id"
ERROR - 2017-05-08 17:19:37 --> Could not find the language line "clients col client_id"
ERROR - 2017-05-08 17:19:45 --> Severity: Warning --> Missing argument 1 for Admin_Controller::checkAuth(), called in C:\wamp64\www\myopeneyes\application\controllers\admin\Contacts.php on line 43 and defined C:\wamp64\www\myopeneyes\application\core\Admin_Controller.php 50
ERROR - 2017-05-08 17:19:45 --> Severity: Warning --> Missing argument 2 for Admin_Controller::checkAuth(), called in C:\wamp64\www\myopeneyes\application\controllers\admin\Contacts.php on line 43 and defined C:\wamp64\www\myopeneyes\application\core\Admin_Controller.php 50
ERROR - 2017-05-08 17:19:45 --> Severity: Notice --> Undefined variable: menuId C:\wamp64\www\myopeneyes\application\core\Admin_Controller.php 55
ERROR - 2017-05-08 17:19:45 --> Severity: Notice --> Undefined variable: actionType C:\wamp64\www\myopeneyes\application\core\Admin_Controller.php 55
ERROR - 2017-05-08 17:19:45 --> Query error: You have an error in your SQL syntax; check the manual that corresponds to your MySQL server version for the right syntax to use near 'as permission
                FROM user_access as UA  RIGHT JOIN 
				user_acces' at line 1 - Invalid query: SELECT  as permission
                FROM user_access as UA  RIGHT JOIN 
				user_access_permission as UAP ON
				UA.user_access_id = UAP.user_access_id  
                WHERE 
				UA.access_level_id = 1 AND
				UAP.menu_id =  
            
ERROR - 2017-05-08 17:22:56 --> Severity: Warning --> Missing argument 1 for Admin_Controller::checkAuth(), called in C:\wamp64\www\myopeneyes\application\controllers\admin\Joborders.php on line 54 and defined C:\wamp64\www\myopeneyes\application\core\Admin_Controller.php 50
ERROR - 2017-05-08 17:22:56 --> Severity: Warning --> Missing argument 2 for Admin_Controller::checkAuth(), called in C:\wamp64\www\myopeneyes\application\controllers\admin\Joborders.php on line 54 and defined C:\wamp64\www\myopeneyes\application\core\Admin_Controller.php 50
ERROR - 2017-05-08 17:22:56 --> Severity: Notice --> Undefined variable: menuId C:\wamp64\www\myopeneyes\application\core\Admin_Controller.php 55
ERROR - 2017-05-08 17:22:56 --> Severity: Notice --> Undefined variable: actionType C:\wamp64\www\myopeneyes\application\core\Admin_Controller.php 55
ERROR - 2017-05-08 17:22:56 --> Query error: You have an error in your SQL syntax; check the manual that corresponds to your MySQL server version for the right syntax to use near 'as permission
                FROM user_access as UA  RIGHT JOIN 
				user_acces' at line 1 - Invalid query: SELECT  as permission
                FROM user_access as UA  RIGHT JOIN 
				user_access_permission as UAP ON
				UA.user_access_id = UAP.user_access_id  
                WHERE 
				UA.access_level_id = 1 AND
				UAP.menu_id =  
            
ERROR - 2017-05-08 17:24:42 --> Severity: Warning --> Missing argument 1 for Admin_Controller::checkAuth(), called in C:\wamp64\www\myopeneyes\application\controllers\admin\Joborders.php on line 54 and defined C:\wamp64\www\myopeneyes\application\core\Admin_Controller.php 50
ERROR - 2017-05-08 17:24:42 --> Severity: Warning --> Missing argument 2 for Admin_Controller::checkAuth(), called in C:\wamp64\www\myopeneyes\application\controllers\admin\Joborders.php on line 54 and defined C:\wamp64\www\myopeneyes\application\core\Admin_Controller.php 50
ERROR - 2017-05-08 17:24:42 --> Severity: Notice --> Undefined variable: menuId C:\wamp64\www\myopeneyes\application\core\Admin_Controller.php 55
ERROR - 2017-05-08 17:24:42 --> Severity: Notice --> Undefined variable: actionType C:\wamp64\www\myopeneyes\application\core\Admin_Controller.php 55
ERROR - 2017-05-08 17:24:42 --> Query error: You have an error in your SQL syntax; check the manual that corresponds to your MySQL server version for the right syntax to use near 'as permission
                FROM user_access as UA  RIGHT JOIN 
				user_acces' at line 1 - Invalid query: SELECT  as permission
                FROM user_access as UA  RIGHT JOIN 
				user_access_permission as UAP ON
				UA.user_access_id = UAP.user_access_id  
                WHERE 
				UA.access_level_id = 1 AND
				UAP.menu_id =  
            
ERROR - 2017-05-08 17:28:53 --> Severity: Warning --> Missing argument 1 for Admin_Controller::checkAuth(), called in C:\wamp64\www\myopeneyes\application\controllers\admin\Joborders.php on line 54 and defined C:\wamp64\www\myopeneyes\application\core\Admin_Controller.php 50
ERROR - 2017-05-08 17:28:53 --> Severity: Warning --> Missing argument 2 for Admin_Controller::checkAuth(), called in C:\wamp64\www\myopeneyes\application\controllers\admin\Joborders.php on line 54 and defined C:\wamp64\www\myopeneyes\application\core\Admin_Controller.php 50
ERROR - 2017-05-08 17:28:53 --> Severity: Notice --> Undefined variable: menuId C:\wamp64\www\myopeneyes\application\core\Admin_Controller.php 55
ERROR - 2017-05-08 17:28:53 --> Severity: Notice --> Undefined variable: actionType C:\wamp64\www\myopeneyes\application\core\Admin_Controller.php 55
ERROR - 2017-05-08 17:28:53 --> Query error: You have an error in your SQL syntax; check the manual that corresponds to your MySQL server version for the right syntax to use near 'as permission
                FROM user_access as UA  RIGHT JOIN 
				user_acces' at line 1 - Invalid query: SELECT  as permission
                FROM user_access as UA  RIGHT JOIN 
				user_access_permission as UAP ON
				UA.user_access_id = UAP.user_access_id  
                WHERE 
				UA.access_level_id = 1 AND
				UAP.menu_id =  
            
ERROR - 2017-05-08 17:40:34 --> Could not find the language line "contacts col contact_id"
ERROR - 2017-05-08 17:40:42 --> Could not find the language line "contacts col contact_id"
ERROR - 2017-05-08 17:40:46 --> Could not find the language line "contacts col owner"
ERROR - 2017-05-08 17:40:46 --> Could not find the language line "contacts col title"
ERROR - 2017-05-08 17:40:48 --> Could not find the language line "contacts col contact_id"
ERROR - 2017-05-08 17:41:02 --> Could not find the language line "contacts col contact_id"
ERROR - 2017-05-08 17:41:04 --> Could not find the language line "contacts col owner"
ERROR - 2017-05-08 17:41:04 --> Could not find the language line "contacts col title"
ERROR - 2017-05-08 17:41:06 --> Could not find the language line "contacts col contact_id"
ERROR - 2017-05-08 17:41:23 --> Could not find the language line "contacts col contact_id"
ERROR - 2017-05-08 17:41:25 --> Severity: Warning --> Missing argument 1 for Admin_Controller::checkAuth(), called in C:\wamp64\www\myopeneyes\application\controllers\admin\Joborders.php on line 54 and defined C:\wamp64\www\myopeneyes\application\core\Admin_Controller.php 50
ERROR - 2017-05-08 17:41:25 --> Severity: Warning --> Missing argument 2 for Admin_Controller::checkAuth(), called in C:\wamp64\www\myopeneyes\application\controllers\admin\Joborders.php on line 54 and defined C:\wamp64\www\myopeneyes\application\core\Admin_Controller.php 50
ERROR - 2017-05-08 17:41:25 --> Severity: Notice --> Undefined variable: menuId C:\wamp64\www\myopeneyes\application\core\Admin_Controller.php 55
ERROR - 2017-05-08 17:41:25 --> Severity: Notice --> Undefined variable: actionType C:\wamp64\www\myopeneyes\application\core\Admin_Controller.php 55
ERROR - 2017-05-08 17:41:25 --> Query error: You have an error in your SQL syntax; check the manual that corresponds to your MySQL server version for the right syntax to use near 'as permission
                FROM user_access as UA  RIGHT JOIN 
				user_acces' at line 1 - Invalid query: SELECT  as permission
                FROM user_access as UA  RIGHT JOIN 
				user_access_permission as UAP ON
				UA.user_access_id = UAP.user_access_id  
                WHERE 
				UA.access_level_id = 1 AND
				UAP.menu_id =  
            
ERROR - 2017-05-08 17:48:20 --> Severity: Warning --> Missing argument 1 for Admin_Controller::checkAuth(), called in C:\wamp64\www\myopeneyes\application\controllers\admin\Joborders.php on line 54 and defined C:\wamp64\www\myopeneyes\application\core\Admin_Controller.php 50
ERROR - 2017-05-08 17:48:20 --> Severity: Warning --> Missing argument 2 for Admin_Controller::checkAuth(), called in C:\wamp64\www\myopeneyes\application\controllers\admin\Joborders.php on line 54 and defined C:\wamp64\www\myopeneyes\application\core\Admin_Controller.php 50
ERROR - 2017-05-08 17:48:20 --> Severity: Notice --> Undefined variable: menuId C:\wamp64\www\myopeneyes\application\core\Admin_Controller.php 55
ERROR - 2017-05-08 17:48:20 --> Severity: Notice --> Undefined variable: actionType C:\wamp64\www\myopeneyes\application\core\Admin_Controller.php 55
ERROR - 2017-05-08 17:48:20 --> Query error: You have an error in your SQL syntax; check the manual that corresponds to your MySQL server version for the right syntax to use near 'as permission
                FROM user_access as UA  RIGHT JOIN 
				user_acces' at line 1 - Invalid query: SELECT  as permission
                FROM user_access as UA  RIGHT JOIN 
				user_access_permission as UAP ON
				UA.user_access_id = UAP.user_access_id  
                WHERE 
				UA.access_level_id = 1 AND
				UAP.menu_id =  
            
ERROR - 2017-05-08 17:53:00 --> Severity: Warning --> Missing argument 1 for Admin_Controller::checkAuth(), called in C:\wamp64\www\myopeneyes\application\controllers\admin\Joborders.php on line 54 and defined C:\wamp64\www\myopeneyes\application\core\Admin_Controller.php 50
ERROR - 2017-05-08 17:53:00 --> Severity: Warning --> Missing argument 2 for Admin_Controller::checkAuth(), called in C:\wamp64\www\myopeneyes\application\controllers\admin\Joborders.php on line 54 and defined C:\wamp64\www\myopeneyes\application\core\Admin_Controller.php 50
ERROR - 2017-05-08 17:53:00 --> Severity: Notice --> Undefined variable: menuId C:\wamp64\www\myopeneyes\application\core\Admin_Controller.php 55
ERROR - 2017-05-08 17:53:00 --> Severity: Notice --> Undefined variable: actionType C:\wamp64\www\myopeneyes\application\core\Admin_Controller.php 55
ERROR - 2017-05-08 17:53:00 --> Query error: You have an error in your SQL syntax; check the manual that corresponds to your MySQL server version for the right syntax to use near 'as permission
                FROM user_access as UA  RIGHT JOIN 
				user_acces' at line 1 - Invalid query: SELECT  as permission
                FROM user_access as UA  RIGHT JOIN 
				user_access_permission as UAP ON
				UA.user_access_id = UAP.user_access_id  
                WHERE 
				UA.access_level_id = 1 AND
				UAP.menu_id =  
            
ERROR - 2017-05-08 17:55:49 --> Could not find the language line "contacts col contact_id"
ERROR - 2017-05-08 17:55:50 --> Could not find the language line "menus input name"
ERROR - 2017-05-08 17:55:52 --> Could not find the language line "contacts col contact_id"
ERROR - 2017-05-08 17:55:53 --> Severity: Warning --> Missing argument 1 for Admin_Controller::checkAuth(), called in C:\wamp64\www\myopeneyes\application\controllers\admin\Joborders.php on line 54 and defined C:\wamp64\www\myopeneyes\application\core\Admin_Controller.php 50
ERROR - 2017-05-08 17:55:53 --> Severity: Warning --> Missing argument 2 for Admin_Controller::checkAuth(), called in C:\wamp64\www\myopeneyes\application\controllers\admin\Joborders.php on line 54 and defined C:\wamp64\www\myopeneyes\application\core\Admin_Controller.php 50
ERROR - 2017-05-08 17:55:53 --> Severity: Notice --> Undefined variable: menuId C:\wamp64\www\myopeneyes\application\core\Admin_Controller.php 55
ERROR - 2017-05-08 17:55:53 --> Severity: Notice --> Undefined variable: actionType C:\wamp64\www\myopeneyes\application\core\Admin_Controller.php 55
ERROR - 2017-05-08 17:55:53 --> Query error: You have an error in your SQL syntax; check the manual that corresponds to your MySQL server version for the right syntax to use near 'as permission
                FROM user_access as UA  RIGHT JOIN 
				user_acces' at line 1 - Invalid query: SELECT  as permission
                FROM user_access as UA  RIGHT JOIN 
				user_access_permission as UAP ON
				UA.user_access_id = UAP.user_access_id  
                WHERE 
				UA.access_level_id = 1 AND
				UAP.menu_id =  
            
ERROR - 2017-05-08 18:05:09 --> Severity: Warning --> Missing argument 1 for Admin_Controller::checkAuth(), called in C:\wamp64\www\myopeneyes\application\controllers\admin\Candidates.php on line 48 and defined C:\wamp64\www\myopeneyes\application\core\Admin_Controller.php 50
ERROR - 2017-05-08 18:05:09 --> Severity: Warning --> Missing argument 2 for Admin_Controller::checkAuth(), called in C:\wamp64\www\myopeneyes\application\controllers\admin\Candidates.php on line 48 and defined C:\wamp64\www\myopeneyes\application\core\Admin_Controller.php 50
ERROR - 2017-05-08 18:05:09 --> Severity: Notice --> Undefined variable: menuId C:\wamp64\www\myopeneyes\application\core\Admin_Controller.php 55
ERROR - 2017-05-08 18:05:09 --> Severity: Notice --> Undefined variable: actionType C:\wamp64\www\myopeneyes\application\core\Admin_Controller.php 55
ERROR - 2017-05-08 18:05:09 --> Query error: You have an error in your SQL syntax; check the manual that corresponds to your MySQL server version for the right syntax to use near 'as permission
                FROM user_access as UA  RIGHT JOIN 
				user_acces' at line 1 - Invalid query: SELECT  as permission
                FROM user_access as UA  RIGHT JOIN 
				user_access_permission as UAP ON
				UA.user_access_id = UAP.user_access_id  
                WHERE 
				UA.access_level_id = 1 AND
				UAP.menu_id =  
            
ERROR - 2017-05-08 18:12:32 --> Could not find the language line "menus input name"
ERROR - 2017-05-08 18:14:11 --> Could not find the language line "menus input name"
ERROR - 2017-05-08 18:16:17 --> Could not find the language line "menus input name"
ERROR - 2017-05-08 18:16:21 --> Could not find the language line "menus input name"
ERROR - 2017-05-08 18:19:02 --> Could not find the language line "clients col client_id"
ERROR - 2017-05-08 18:24:09 --> Could not find the language line "clients col client_id"
ERROR - 2017-05-08 18:35:03 --> Could not find the language line "users input status"
ERROR - 2017-05-08 18:35:11 --> Could not find the language line "clients col client_id"
ERROR - 2017-05-08 18:35:13 --> Could not find the language line "contacts col contact_id"
ERROR - 2017-05-08 18:35:14 --> Could not find the language line "contacts col owner"
ERROR - 2017-05-08 18:35:14 --> Could not find the language line "contacts col title"
ERROR - 2017-05-08 18:35:21 --> Could not find the language line "users input status"
ERROR - 2017-05-08 18:35:50 --> Could not find the language line "menus input name"
ERROR - 2017-05-08 18:35:53 --> Could not find the language line "clients col client_id"
ERROR - 2017-05-08 18:42:32 --> Could not find the language line "clients col client_id"
ERROR - 2017-05-08 18:43:09 --> Could not find the language line "contacts col contact_id"
ERROR - 2017-05-08 23:08:45 --> Could not find the language line "menus input name"
ERROR - 2017-05-08 23:55:54 --> Could not find the language line "menus input name"
ERROR - 2017-05-08 23:55:57 --> Could not find the language line "menus input name"
