ERROR - 2017-04-04 21:48:00 --> 404 Page Not Found: Login/index
ERROR - 2017-04-04 21:48:42 --> 404 Page Not Found: Login/index
ERROR - 2017-04-04 21:49:57 --> 404 Page Not Found: Login/index
ERROR - 2017-04-04 21:50:32 --> 404 Page Not Found: Login/index
ERROR - 2017-04-04 23:41:24 --> Could not find the language line "admin button dashboard"
ERROR - 2017-04-04 23:41:24 --> Could not find the language line "admin button users"
ERROR - 2017-04-04 23:41:24 --> Could not find the language line "admin button users_list"
ERROR - 2017-04-04 23:41:24 --> Could not find the language line "admin button users_add"
ERROR - 2017-04-04 23:41:24 --> Could not find the language line "admin button messages"
ERROR - 2017-04-04 23:41:24 --> Could not find the language line "admin button settings"
ERROR - 2017-04-04 23:42:09 --> Could not find the language line "admin button dashboard"
ERROR - 2017-04-04 23:42:09 --> Could not find the language line "admin button users"
ERROR - 2017-04-04 23:42:09 --> Could not find the language line "admin button users_list"
ERROR - 2017-04-04 23:42:09 --> Could not find the language line "admin button users_add"
ERROR - 2017-04-04 23:42:09 --> Could not find the language line "admin button messages"
ERROR - 2017-04-04 23:42:10 --> Could not find the language line "admin button settings"
ERROR - 2017-04-04 23:42:43 --> Could not find the language line "admin button dashboard"
ERROR - 2017-04-04 23:42:43 --> Could not find the language line "admin button users"
ERROR - 2017-04-04 23:42:43 --> Could not find the language line "admin button users_list"
ERROR - 2017-04-04 23:42:43 --> Could not find the language line "admin button users_add"
ERROR - 2017-04-04 23:42:43 --> Could not find the language line "admin button messages"
ERROR - 2017-04-04 23:42:43 --> Could not find the language line "admin button settings"
ERROR - 2017-04-04 23:44:38 --> Could not find the language line "admin button dashboard"
ERROR - 2017-04-04 23:44:38 --> Could not find the language line "admin button users"
ERROR - 2017-04-04 23:44:38 --> Could not find the language line "admin button users_list"
ERROR - 2017-04-04 23:44:38 --> Could not find the language line "admin button users_add"
ERROR - 2017-04-04 23:44:38 --> Could not find the language line "admin button messages"
ERROR - 2017-04-04 23:44:38 --> Could not find the language line "admin button settings"
ERROR - 2017-04-04 23:45:08 --> Could not find the language line "admin button dashboard"
ERROR - 2017-04-04 23:45:08 --> Could not find the language line "admin button users"
ERROR - 2017-04-04 23:45:08 --> Could not find the language line "admin button users_list"
ERROR - 2017-04-04 23:45:08 --> Could not find the language line "admin button users_add"
ERROR - 2017-04-04 23:45:08 --> Could not find the language line "admin button messages"
ERROR - 2017-04-04 23:45:08 --> Could not find the language line "admin button settings"
ERROR - 2017-04-04 23:45:35 --> Could not find the language line "admin button dashboard"
ERROR - 2017-04-04 23:45:35 --> Could not find the language line "admin button users"
ERROR - 2017-04-04 23:45:35 --> Could not find the language line "admin button users_list"
ERROR - 2017-04-04 23:45:35 --> Could not find the language line "admin button users_add"
ERROR - 2017-04-04 23:45:35 --> Could not find the language line "admin button messages"
ERROR - 2017-04-04 23:45:35 --> Could not find the language line "admin button settings"
