ERROR - 2017-05-04 14:12:53 --> 404 Page Not Found: Themes/admin
ERROR - 2017-05-04 15:13:00 --> Could not find the language line "clients col client_id"
ERROR - 2017-05-04 15:13:12 --> Could not find the language line "contacts col contact_id"
ERROR - 2017-05-04 15:13:19 --> Could not find the language line "users input status"
ERROR - 2017-05-04 15:13:22 --> Could not find the language line "contacts col contact_id"
ERROR - 2017-05-04 15:13:29 --> Could not find the language line "clients col client_id"
ERROR - 2017-05-04 15:13:46 --> Could not find the language line "clients col client_id"
ERROR - 2017-05-04 15:14:49 --> Could not find the language line "clients col client_id"
ERROR - 2017-05-04 15:16:25 --> Could not find the language line "clients col client_id"
ERROR - 2017-05-04 15:16:27 --> Could not find the language line "contacts col contact_id"
ERROR - 2017-05-04 15:16:28 --> Could not find the language line "contacts col owner"
ERROR - 2017-05-04 15:16:28 --> Could not find the language line "contacts col title"
ERROR - 2017-05-04 15:16:32 --> Could not find the language line "contacts col owner"
ERROR - 2017-05-04 15:16:32 --> Could not find the language line "contacts col title"
ERROR - 2017-05-04 15:21:40 --> Could not find the language line "clients col client_id"
ERROR - 2017-05-04 15:21:42 --> Could not find the language line "contacts col contact_id"
ERROR - 2017-05-04 15:22:11 --> Could not find the language line "clients col client_id"
ERROR - 2017-05-04 15:22:43 --> Could not find the language line "clients col client_id"
ERROR - 2017-05-04 15:22:47 --> Could not find the language line "contacts col contact_id"
ERROR - 2017-05-04 15:23:29 --> Could not find the language line "contacts col contact_id"
ERROR - 2017-05-04 15:26:47 --> Could not find the language line "clients col client_id"
ERROR - 2017-05-04 15:26:51 --> Could not find the language line "clients col client_id"
ERROR - 2017-05-04 15:26:54 --> Could not find the language line "clients col client_id"
ERROR - 2017-05-04 15:26:58 --> Could not find the language line "clients col client_id"
ERROR - 2017-05-04 15:27:04 --> Could not find the language line "clients col client_id"
ERROR - 2017-05-04 15:27:06 --> Could not find the language line "clients col client_id"
ERROR - 2017-05-04 15:27:10 --> Could not find the language line "clients col client_id"
ERROR - 2017-05-04 15:27:14 --> Could not find the language line "clients col client_id"
ERROR - 2017-05-04 15:27:18 --> Could not find the language line "clients col client_id"
ERROR - 2017-05-04 15:27:21 --> Could not find the language line "clients col client_id"
ERROR - 2017-05-04 15:27:56 --> Could not find the language line "clients col client_id"
ERROR - 2017-05-04 15:27:58 --> Could not find the language line "clients col client_id"
ERROR - 2017-05-04 15:28:02 --> Query error: Unknown column 'industries' in 'where clause' - Invalid query: 
            SELECT SQL_CALC_FOUND_ROWS * , I.title as title
            FROM clients as C LEFT JOIN industries as I ON
			I.industrie_id = C.industrie_id 
            WHERE deleted = '0'
         AND industries LIKE '%4%' ORDER BY client_id desc LIMIT 0, 10
ERROR - 2017-05-04 15:29:50 --> Could not find the language line "clients col client_id"
ERROR - 2017-05-04 15:29:55 --> Query error: Column 'industrie_id' in where clause is ambiguous - Invalid query: 
            SELECT SQL_CALC_FOUND_ROWS * , I.title as title
            FROM clients as C LEFT JOIN industries as I ON
			I.industrie_id = C.industrie_id 
            WHERE deleted = '0'
         AND industrie_id LIKE '%4%' ORDER BY client_id desc LIMIT 0, 10
ERROR - 2017-05-04 15:32:21 --> Could not find the language line "clients col client_id"
ERROR - 2017-05-04 15:32:25 --> Could not find the language line "clients col client_id"
ERROR - 2017-05-04 15:32:28 --> Could not find the language line "clients col client_id"
ERROR - 2017-05-04 15:32:30 --> Could not find the language line "clients col client_id"
ERROR - 2017-05-04 15:32:32 --> Could not find the language line "contacts col contact_id"
ERROR - 2017-05-04 15:32:36 --> Could not find the language line "contacts col contact_id"
ERROR - 2017-05-04 15:32:39 --> Could not find the language line "contacts col contact_id"
ERROR - 2017-05-04 15:32:43 --> Could not find the language line "contacts col contact_id"
ERROR - 2017-05-04 15:32:47 --> Could not find the language line "contacts col contact_id"
ERROR - 2017-05-04 15:32:50 --> Could not find the language line "contacts col contact_id"
ERROR - 2017-05-04 15:32:52 --> Could not find the language line "contacts col contact_id"
ERROR - 2017-05-04 15:32:56 --> Could not find the language line "contacts col contact_id"
ERROR - 2017-05-04 15:32:59 --> Could not find the language line "contacts col contact_id"
ERROR - 2017-05-04 15:33:02 --> Could not find the language line "contacts col contact_id"
ERROR - 2017-05-04 15:33:04 --> Could not find the language line "contacts col contact_id"
ERROR - 2017-05-04 15:33:07 --> Could not find the language line "contacts col contact_id"
ERROR - 2017-05-04 15:33:11 --> Could not find the language line "contacts col contact_id"
ERROR - 2017-05-04 15:33:47 --> Could not find the language line "contacts col contact_id"
ERROR - 2017-05-04 15:34:01 --> Could not find the language line "contacts col contact_id"
ERROR - 2017-05-04 15:34:06 --> Could not find the language line "contacts col contact_id"
ERROR - 2017-05-04 15:36:09 --> Could not find the language line "contacts col owner"
ERROR - 2017-05-04 15:36:09 --> Could not find the language line "contacts col title"
ERROR - 2017-05-04 15:36:13 --> Could not find the language line "contacts col owner"
ERROR - 2017-05-04 15:36:13 --> Could not find the language line "contacts col title"
ERROR - 2017-05-04 15:36:13 --> Could not find the language line "contacts col contact_id"
ERROR - 2017-05-04 15:38:00 --> Could not find the language line "contacts title client_list"
ERROR - 2017-05-04 15:38:00 --> Could not find the language line "contacts col contact_id"
ERROR - 2017-05-04 15:38:05 --> Could not find the language line "contacts title client_list"
ERROR - 2017-05-04 15:38:05 --> Could not find the language line "contacts col contact_id"
ERROR - 2017-05-04 15:38:54 --> Could not find the language line "contacts col contact_id"
ERROR - 2017-05-04 15:39:17 --> Could not find the language line "contacts col contact_id"
ERROR - 2017-05-04 15:39:31 --> Could not find the language line "contacts col contact_id"
ERROR - 2017-05-04 15:40:55 --> Could not find the language line "contacts col contact_id"
ERROR - 2017-05-04 15:45:34 --> Could not find the language line "contacts col contact_id"
ERROR - 2017-05-04 15:45:37 --> Could not find the language line "contacts col contact_id"
ERROR - 2017-05-04 15:47:01 --> Could not find the language line "contacts col contact_id"
ERROR - 2017-05-04 15:47:01 --> Severity: Notice --> Undefined variable: client C:\wamp64\www\myopeneyes\application\views\admin\contacts\list.php 135
ERROR - 2017-05-04 15:47:01 --> Severity: Notice --> Undefined variable: client C:\wamp64\www\myopeneyes\application\views\admin\contacts\list.php 135
ERROR - 2017-05-04 15:47:13 --> Could not find the language line "contacts col contact_id"
ERROR - 2017-05-04 15:49:55 --> Could not find the language line "clients col client_id"
ERROR - 2017-05-04 15:49:59 --> Could not find the language line "clients col client_id"
ERROR - 2017-05-04 15:50:02 --> Could not find the language line "clients col client_id"
ERROR - 2017-05-04 15:50:17 --> Could not find the language line "contacts col contact_id"
ERROR - 2017-05-04 15:50:53 --> Could not find the language line "contacts col contact_id"
ERROR - 2017-05-04 15:51:01 --> Could not find the language line "contacts col contact_id"
ERROR - 2017-05-04 15:51:07 --> Could not find the language line "contacts col contact_id"
ERROR - 2017-05-04 15:51:09 --> Could not find the language line "contacts col contact_id"
ERROR - 2017-05-04 15:51:21 --> Severity: Notice --> Undefined index: status C:\wamp64\www\myopeneyes\application\controllers\admin\Users.php 495
ERROR - 2017-05-04 15:51:21 --> Severity: Notice --> Undefined index: status C:\wamp64\www\myopeneyes\application\controllers\admin\Users.php 495
ERROR - 2017-05-04 15:51:21 --> Severity: Notice --> Undefined index: status C:\wamp64\www\myopeneyes\application\controllers\admin\Users.php 495
ERROR - 2017-05-04 15:51:21 --> Severity: Notice --> Undefined index: status C:\wamp64\www\myopeneyes\application\controllers\admin\Users.php 495
ERROR - 2017-05-04 15:51:21 --> Severity: Notice --> Undefined index: status C:\wamp64\www\myopeneyes\application\controllers\admin\Users.php 495
ERROR - 2017-05-04 15:51:21 --> Severity: Notice --> Undefined index: status C:\wamp64\www\myopeneyes\application\controllers\admin\Users.php 495
ERROR - 2017-05-04 15:51:21 --> Severity: Notice --> Undefined index: status C:\wamp64\www\myopeneyes\application\controllers\admin\Users.php 495
ERROR - 2017-05-04 15:51:21 --> Severity: Notice --> Undefined index: status C:\wamp64\www\myopeneyes\application\controllers\admin\Users.php 495
ERROR - 2017-05-04 15:51:21 --> Severity: Warning --> Cannot modify header information - headers already sent by (output started at C:\wamp64\www\myopeneyes\system\core\Exceptions.php:271) C:\wamp64\www\myopeneyes\application\helpers\core_helper.php 125
ERROR - 2017-05-04 15:51:21 --> Severity: Warning --> Cannot modify header information - headers already sent by (output started at C:\wamp64\www\myopeneyes\system\core\Exceptions.php:271) C:\wamp64\www\myopeneyes\application\helpers\core_helper.php 126
ERROR - 2017-05-04 15:51:21 --> Severity: Warning --> Cannot modify header information - headers already sent by (output started at C:\wamp64\www\myopeneyes\system\core\Exceptions.php:271) C:\wamp64\www\myopeneyes\application\helpers\core_helper.php 127
ERROR - 2017-05-04 15:51:21 --> Severity: Warning --> Cannot modify header information - headers already sent by (output started at C:\wamp64\www\myopeneyes\system\core\Exceptions.php:271) C:\wamp64\www\myopeneyes\application\helpers\core_helper.php 128
ERROR - 2017-05-04 15:51:21 --> Severity: Warning --> Cannot modify header information - headers already sent by (output started at C:\wamp64\www\myopeneyes\system\core\Exceptions.php:271) C:\wamp64\www\myopeneyes\application\helpers\core_helper.php 129
ERROR - 2017-05-04 15:51:21 --> Severity: Warning --> Cannot modify header information - headers already sent by (output started at C:\wamp64\www\myopeneyes\system\core\Exceptions.php:271) C:\wamp64\www\myopeneyes\application\helpers\core_helper.php 130
ERROR - 2017-05-04 15:51:21 --> Severity: Warning --> Cannot modify header information - headers already sent by (output started at C:\wamp64\www\myopeneyes\system\core\Exceptions.php:271) C:\wamp64\www\myopeneyes\application\helpers\core_helper.php 131
ERROR - 2017-05-04 15:51:50 --> Severity: Notice --> Undefined index: status C:\wamp64\www\myopeneyes\application\controllers\admin\Users.php 495
ERROR - 2017-05-04 15:51:51 --> Severity: Notice --> Undefined index: status C:\wamp64\www\myopeneyes\application\controllers\admin\Users.php 495
ERROR - 2017-05-04 15:51:51 --> Severity: Notice --> Undefined index: status C:\wamp64\www\myopeneyes\application\controllers\admin\Users.php 495
ERROR - 2017-05-04 15:51:51 --> Severity: Notice --> Undefined index: status C:\wamp64\www\myopeneyes\application\controllers\admin\Users.php 495
ERROR - 2017-05-04 15:51:51 --> Severity: Notice --> Undefined index: status C:\wamp64\www\myopeneyes\application\controllers\admin\Users.php 495
ERROR - 2017-05-04 15:51:51 --> Severity: Notice --> Undefined index: status C:\wamp64\www\myopeneyes\application\controllers\admin\Users.php 495
ERROR - 2017-05-04 15:51:51 --> Severity: Notice --> Undefined index: status C:\wamp64\www\myopeneyes\application\controllers\admin\Users.php 495
ERROR - 2017-05-04 15:51:51 --> Severity: Notice --> Undefined index: status C:\wamp64\www\myopeneyes\application\controllers\admin\Users.php 495
ERROR - 2017-05-04 15:51:51 --> Severity: Warning --> Cannot modify header information - headers already sent by (output started at C:\wamp64\www\myopeneyes\system\core\Exceptions.php:271) C:\wamp64\www\myopeneyes\application\helpers\core_helper.php 125
ERROR - 2017-05-04 15:51:51 --> Severity: Warning --> Cannot modify header information - headers already sent by (output started at C:\wamp64\www\myopeneyes\system\core\Exceptions.php:271) C:\wamp64\www\myopeneyes\application\helpers\core_helper.php 126
ERROR - 2017-05-04 15:51:51 --> Severity: Warning --> Cannot modify header information - headers already sent by (output started at C:\wamp64\www\myopeneyes\system\core\Exceptions.php:271) C:\wamp64\www\myopeneyes\application\helpers\core_helper.php 127
ERROR - 2017-05-04 15:51:51 --> Severity: Warning --> Cannot modify header information - headers already sent by (output started at C:\wamp64\www\myopeneyes\system\core\Exceptions.php:271) C:\wamp64\www\myopeneyes\application\helpers\core_helper.php 128
ERROR - 2017-05-04 15:51:51 --> Severity: Warning --> Cannot modify header information - headers already sent by (output started at C:\wamp64\www\myopeneyes\system\core\Exceptions.php:271) C:\wamp64\www\myopeneyes\application\helpers\core_helper.php 129
ERROR - 2017-05-04 15:51:51 --> Severity: Warning --> Cannot modify header information - headers already sent by (output started at C:\wamp64\www\myopeneyes\system\core\Exceptions.php:271) C:\wamp64\www\myopeneyes\application\helpers\core_helper.php 130
ERROR - 2017-05-04 15:51:51 --> Severity: Warning --> Cannot modify header information - headers already sent by (output started at C:\wamp64\www\myopeneyes\system\core\Exceptions.php:271) C:\wamp64\www\myopeneyes\application\helpers\core_helper.php 131
ERROR - 2017-05-04 15:57:26 --> Could not find the language line "clients col client_id"
ERROR - 2017-05-04 15:57:31 --> Could not find the language line "contacts col contact_id"
ERROR - 2017-05-04 15:57:33 --> Could not find the language line "contacts col owner"
ERROR - 2017-05-04 15:57:33 --> Could not find the language line "contacts col title"
ERROR - 2017-05-04 15:57:36 --> Could not find the language line "contacts col contact_id"
ERROR - 2017-05-04 15:57:46 --> Could not find the language line "contacts col owner"
ERROR - 2017-05-04 15:57:46 --> Could not find the language line "contacts col title"
ERROR - 2017-05-04 15:57:58 --> Could not find the language line "contacts col owner"
ERROR - 2017-05-04 15:57:58 --> Could not find the language line "contacts col title"
ERROR - 2017-05-04 15:58:04 --> Could not find the language line "clients col client_id"
ERROR - 2017-05-04 15:58:15 --> Could not find the language line "clients col client_id"
ERROR - 2017-05-04 15:58:23 --> Could not find the language line "contacts col contact_id"
ERROR - 2017-05-04 15:10:00 --> 404 Page Not Found: Themes/admin
ERROR - 2017-05-04 15:11:28 --> 404 Page Not Found: Themes/admin
ERROR - 2017-05-04 15:11:40 --> 404 Page Not Found: Themes/admin
ERROR - 2017-05-04 16:11:42 --> Query error: Table 'myopeneyes.company' doesn't exist - Invalid query: 
            SELECT SQL_CALC_FOUND_ROWS j.* , c.name as 'company_name'
            FROM joborder as j LEFT JOIN company as c ON 
			j.company_id = c.company_id 
            WHERE c.deleted = '0'
         ORDER BY joborder_id asc LIMIT 0, 10
ERROR - 2017-05-04 16:12:44 --> Query error: Table 'myopeneyes.company' doesn't exist - Invalid query: 
            SELECT SQL_CALC_FOUND_ROWS j.* , c.name as 'company_name'
            FROM joborder as j LEFT JOIN company as c ON 
			j.company_id = c.company_id 
            WHERE c.deleted = '0'
         ORDER BY joborder_id asc LIMIT 0, 10
ERROR - 2017-05-04 15:39:10 --> 404 Page Not Found: admin/User/admin
ERROR - 2017-05-04 16:06:17 --> 404 Page Not Found: admin/User/admin
ERROR - 2017-05-04 16:18:41 --> 404 Page Not Found: Themes/admin
ERROR - 2017-05-04 17:18:45 --> Could not find the language line "users input status"
ERROR - 2017-05-04 17:18:47 --> Could not find the language line "users input status"
ERROR - 2017-05-04 16:20:37 --> 404 Page Not Found: Themes/admin
ERROR - 2017-05-04 16:22:28 --> 404 Page Not Found: Themes/admin
ERROR - 2017-05-04 17:22:36 --> Could not find the language line "users input status"
ERROR - 2017-05-04 17:22:42 --> Could not find the language line "users input status"
ERROR - 2017-05-04 17:23:25 --> Could not find the language line "users input status"
ERROR - 2017-05-04 17:24:23 --> Could not find the language line "users input status"
ERROR - 2017-05-04 17:24:27 --> Could not find the language line "users input status"
ERROR - 2017-05-04 17:25:30 --> Could not find the language line "users input status"
ERROR - 2017-05-04 17:25:35 --> Could not find the language line "users input status"
ERROR - 2017-05-04 17:25:55 --> Could not find the language line "users input status"
ERROR - 2017-05-04 16:26:43 --> 404 Page Not Found: Themes/admin
ERROR - 2017-05-04 17:26:54 --> Could not find the language line "clients col client_id"
ERROR - 2017-05-04 17:26:56 --> Could not find the language line "contacts col contact_id"
ERROR - 2017-05-04 17:32:33 --> Could not find the language line "users input status"
ERROR - 2017-05-04 17:46:33 --> Query error: Table 'myopeneyes.company' doesn't exist - Invalid query: 
            SELECT SQL_CALC_FOUND_ROWS j.* , c.name as 'company_name'
            FROM joborder as j LEFT JOIN company as c ON 
			j.company_id = c.company_id 
            WHERE c.deleted = '0'
         ORDER BY joborder_id asc LIMIT 0, 10
ERROR - 2017-05-04 17:47:26 --> Query error: Unknown column 'c.company_id' in 'on clause' - Invalid query: 
            SELECT SQL_CALC_FOUND_ROWS j.* , c.name as 'company_name'
            FROM joborder as j LEFT JOIN clients as c ON 
			j.company_id = c.company_id 
            WHERE c.deleted = '0'
         ORDER BY joborder_id asc LIMIT 0, 10
ERROR - 2017-05-04 17:47:44 --> Could not find the language line "joborders input company date created"
ERROR - 2017-05-04 17:47:44 --> Could not find the language line "joborders input company date created"
ERROR - 2017-05-04 17:47:47 --> Could not find the language line "joborders input title"
ERROR - 2017-05-04 17:47:47 --> Could not find the language line "joborders input company_id"
ERROR - 2017-05-04 17:47:47 --> Could not find the language line "joborders input city"
ERROR - 2017-05-04 17:47:47 --> Could not find the language line "joborders input state"
ERROR - 2017-05-04 17:47:47 --> Could not find the language line "joborders input recruiter"
ERROR - 2017-05-04 17:47:47 --> Could not find the language line "joborders input owner"
ERROR - 2017-05-04 17:48:18 --> Could not find the language line "joborders input title"
ERROR - 2017-05-04 17:48:18 --> Could not find the language line "joborders input company_id"
ERROR - 2017-05-04 17:48:18 --> Could not find the language line "joborders input city"
ERROR - 2017-05-04 17:48:18 --> Could not find the language line "joborders input state"
ERROR - 2017-05-04 17:48:18 --> Could not find the language line "joborders input recruiter"
ERROR - 2017-05-04 17:48:18 --> Could not find the language line "joborders input owner"
ERROR - 2017-05-04 17:52:58 --> Could not find the language line "joborders input title"
ERROR - 2017-05-04 17:52:58 --> Could not find the language line "joborders input company_id"
ERROR - 2017-05-04 18:27:55 --> Could not find the language line "joborders input company date created"
ERROR - 2017-05-04 18:27:55 --> Could not find the language line "joborders input company date created"
ERROR - 2017-05-04 18:27:55 --> Severity: Notice --> Undefined index: company_id C:\wamp64\www\myopeneyes\application\views\admin\joborders\list.php 182
ERROR - 2017-05-04 18:27:55 --> Severity: Notice --> Undefined index: company_id C:\wamp64\www\myopeneyes\application\views\admin\joborders\list.php 182
ERROR - 2017-05-04 18:27:55 --> Severity: Notice --> Undefined index: company_id C:\wamp64\www\myopeneyes\application\views\admin\joborders\list.php 182
ERROR - 2017-05-04 18:27:55 --> Severity: Notice --> Undefined index: company_id C:\wamp64\www\myopeneyes\application\views\admin\joborders\list.php 182
ERROR - 2017-05-04 18:27:55 --> Severity: Notice --> Undefined index: company_id C:\wamp64\www\myopeneyes\application\views\admin\joborders\list.php 182
ERROR - 2017-05-04 18:27:55 --> Severity: Notice --> Undefined index: company_id C:\wamp64\www\myopeneyes\application\views\admin\joborders\list.php 182
ERROR - 2017-05-04 18:38:55 --> Could not find the language line "joborders input company date created"
ERROR - 2017-05-04 18:38:55 --> Could not find the language line "joborders input company date created"
ERROR - 2017-05-04 18:38:55 --> Severity: Notice --> Undefined index: company_id C:\wamp64\www\myopeneyes\application\views\admin\joborders\list.php 182
ERROR - 2017-05-04 18:38:55 --> Severity: Notice --> Undefined index: company_id C:\wamp64\www\myopeneyes\application\views\admin\joborders\list.php 182
ERROR - 2017-05-04 18:38:55 --> Severity: Notice --> Undefined index: company_id C:\wamp64\www\myopeneyes\application\views\admin\joborders\list.php 182
ERROR - 2017-05-04 18:38:55 --> Severity: Notice --> Undefined index: company_id C:\wamp64\www\myopeneyes\application\views\admin\joborders\list.php 182
ERROR - 2017-05-04 18:38:55 --> Severity: Notice --> Undefined index: company_id C:\wamp64\www\myopeneyes\application\views\admin\joborders\list.php 182
ERROR - 2017-05-04 18:38:55 --> Severity: Notice --> Undefined index: company_id C:\wamp64\www\myopeneyes\application\views\admin\joborders\list.php 182
ERROR - 2017-05-04 19:38:41 --> Could not find the language line "users input status"
ERROR - 2017-05-04 19:38:47 --> Could not find the language line "clients col client_id"
ERROR - 2017-05-04 19:39:32 --> Could not find the language line "clients input client default_company"
ERROR - 2017-05-04 19:39:32 --> Severity: Notice --> Undefined variable: client C:\wamp64\www\myopeneyes\application\views\admin\joborders\form.php 155
ERROR - 2017-05-04 19:39:32 --> Could not find the language line "clients input client hot client"
ERROR - 2017-05-04 19:39:32 --> Severity: Notice --> Undefined variable: client C:\wamp64\www\myopeneyes\application\views\admin\joborders\form.php 161
ERROR - 2017-05-04 19:39:32 --> Could not find the language line "clients input is_active"
ERROR - 2017-05-04 19:42:09 --> Severity: Notice --> Undefined variable: client C:\wamp64\www\myopeneyes\application\views\admin\joborders\form.php 161
ERROR - 2017-05-04 19:42:09 --> Could not find the language line "clients input is_active"
ERROR - 2017-05-04 19:43:01 --> Could not find the language line "clients input is_active"
ERROR - 2017-05-04 18:56:25 --> Severity: Parsing Error --> syntax error, unexpected 'if' (T_IF) C:\wamp64\www\myopeneyes\application\controllers\admin\Joborders.php 56
ERROR - 2017-05-04 19:56:53 --> Severity: Notice --> Undefined variable: visaType C:\wamp64\www\myopeneyes\application\controllers\admin\Joborders.php 300
ERROR - 2017-05-04 19:59:03 --> Could not find the language line "clients col client_id"
ERROR - 2017-05-04 19:59:09 --> Could not find the language line "joborders input company date created"
ERROR - 2017-05-04 19:59:09 --> Could not find the language line "joborders input company date created"
ERROR - 2017-05-04 20:00:22 --> Could not find the language line "joborders input company date created"
ERROR - 2017-05-04 20:00:22 --> Could not find the language line "joborders input company date created"
ERROR - 2017-05-04 20:07:56 --> Could not find the language line "joborders input company date created"
ERROR - 2017-05-04 20:07:56 --> Could not find the language line "joborders input company date created"
ERROR - 2017-05-04 20:07:56 --> Severity: Notice --> Undefined index: type C:\wamp64\www\myopeneyes\application\views\admin\joborders\list.php 112
ERROR - 2017-05-04 20:07:56 --> Severity: Notice --> Undefined index: status C:\wamp64\www\myopeneyes\application\views\admin\joborders\list.php 115
ERROR - 2017-05-04 20:07:56 --> Severity: Notice --> Undefined index: date_created C:\wamp64\www\myopeneyes\application\views\admin\joborders\list.php 118
ERROR - 2017-05-04 20:07:56 --> Severity: Notice --> Undefined index: company_id C:\wamp64\www\myopeneyes\application\views\admin\joborders\list.php 182
ERROR - 2017-05-04 20:07:56 --> Severity: Notice --> Undefined index: type C:\wamp64\www\myopeneyes\application\views\admin\joborders\list.php 182
ERROR - 2017-05-04 20:10:21 --> Could not find the language line "joborders input company date created"
ERROR - 2017-05-04 20:10:21 --> Could not find the language line "joborders input company date created"
ERROR - 2017-05-04 20:10:21 --> Severity: Notice --> Undefined index: type C:\wamp64\www\myopeneyes\application\views\admin\joborders\list.php 112
ERROR - 2017-05-04 20:10:21 --> Severity: Notice --> Undefined index: status C:\wamp64\www\myopeneyes\application\views\admin\joborders\list.php 115
ERROR - 2017-05-04 20:10:21 --> Severity: Notice --> Undefined index: date_created C:\wamp64\www\myopeneyes\application\views\admin\joborders\list.php 118
ERROR - 2017-05-04 20:10:21 --> Severity: Notice --> Undefined index: type C:\wamp64\www\myopeneyes\application\views\admin\joborders\list.php 182
ERROR - 2017-05-04 20:10:38 --> Could not find the language line "joborders input company date created"
ERROR - 2017-05-04 20:10:38 --> Could not find the language line "joborders input company date created"
ERROR - 2017-05-04 20:10:38 --> Severity: Notice --> Undefined index: type C:\wamp64\www\myopeneyes\application\views\admin\joborders\list.php 112
ERROR - 2017-05-04 20:10:38 --> Severity: Notice --> Undefined index: status C:\wamp64\www\myopeneyes\application\views\admin\joborders\list.php 115
ERROR - 2017-05-04 20:10:38 --> Severity: Notice --> Undefined index: date_created C:\wamp64\www\myopeneyes\application\views\admin\joborders\list.php 118
ERROR - 2017-05-04 20:10:38 --> Severity: Notice --> Undefined index: type C:\wamp64\www\myopeneyes\application\views\admin\joborders\list.php 182
ERROR - 2017-05-04 20:11:46 --> Could not find the language line "joborders col position_type"
ERROR - 2017-05-04 20:11:46 --> Could not find the language line "joborders input company date created"
ERROR - 2017-05-04 20:11:46 --> Could not find the language line "joborders col position_type"
ERROR - 2017-05-04 20:11:46 --> Could not find the language line "joborders input company date created"
ERROR - 2017-05-04 20:11:46 --> Severity: Notice --> Undefined index: status C:\wamp64\www\myopeneyes\application\views\admin\joborders\list.php 115
ERROR - 2017-05-04 20:11:46 --> Severity: Notice --> Undefined index: date_created C:\wamp64\www\myopeneyes\application\views\admin\joborders\list.php 118
ERROR - 2017-05-04 20:12:42 --> Could not find the language line "joborders input company date created"
ERROR - 2017-05-04 20:12:42 --> Could not find the language line "joborders input company date created"
ERROR - 2017-05-04 20:12:42 --> Severity: Notice --> Undefined index: status C:\wamp64\www\myopeneyes\application\views\admin\joborders\list.php 115
ERROR - 2017-05-04 20:12:42 --> Severity: Notice --> Undefined index: date_created C:\wamp64\www\myopeneyes\application\views\admin\joborders\list.php 118
ERROR - 2017-05-04 20:13:21 --> Could not find the language line "joborders col is_active"
ERROR - 2017-05-04 20:13:21 --> Could not find the language line "joborders input company date created"
ERROR - 2017-05-04 20:13:21 --> Could not find the language line "joborders col is_active"
ERROR - 2017-05-04 20:13:21 --> Could not find the language line "joborders input company date created"
ERROR - 2017-05-04 20:13:21 --> Severity: Notice --> Undefined index: date_created C:\wamp64\www\myopeneyes\application\views\admin\joborders\list.php 118
ERROR - 2017-05-04 20:14:09 --> Could not find the language line "joborders col is_active"
ERROR - 2017-05-04 20:14:09 --> Could not find the language line "joborders col is_active"
ERROR - 2017-05-04 20:16:00 --> Severity: Notice --> Undefined variable: user C:\wamp64\www\myopeneyes\application\views\admin\joborders\list.php 106
ERROR - 2017-05-04 20:28:18 --> Severity: Notice --> Undefined variable: visaType C:\wamp64\www\myopeneyes\application\views\admin\joborders\form.php 103
