ERROR - 2017-04-17 15:28:21 --> Could not find the language line "joborders input company date created"
ERROR - 2017-04-17 15:28:21 --> Could not find the language line "joborders input company date created"
ERROR - 2017-04-17 14:28:34 --> 404 Page Not Found: Themes/admin
ERROR - 2017-04-17 15:30:52 --> Could not find the language line "joborders input company date created"
ERROR - 2017-04-17 15:30:52 --> Could not find the language line "joborders input company date created"
ERROR - 2017-04-17 14:31:08 --> 404 Page Not Found: Themes/admin
ERROR - 2017-04-17 15:31:28 --> Could not find the language line "joborders input company date created"
ERROR - 2017-04-17 15:31:28 --> Could not find the language line "joborders input company date created"
ERROR - 2017-04-17 15:31:30 --> Could not find the language line "joborders input title"
ERROR - 2017-04-17 15:31:30 --> Could not find the language line "joborders input company_id"
ERROR - 2017-04-17 15:31:30 --> Could not find the language line "joborders input city"
ERROR - 2017-04-17 15:31:30 --> Could not find the language line "joborders input state"
ERROR - 2017-04-17 15:31:30 --> Could not find the language line "joborders input recruiter"
ERROR - 2017-04-17 15:31:30 --> Could not find the language line "joborders input owner"
ERROR - 2017-04-17 15:33:31 --> Could not find the language line "joborders input title"
ERROR - 2017-04-17 15:33:31 --> Could not find the language line "joborders input company_id"
ERROR - 2017-04-17 15:33:31 --> Could not find the language line "joborders input city"
ERROR - 2017-04-17 15:33:31 --> Could not find the language line "joborders input state"
ERROR - 2017-04-17 15:33:31 --> Could not find the language line "joborders input recruiter"
ERROR - 2017-04-17 15:33:31 --> Could not find the language line "joborders input owner"
ERROR - 2017-04-17 15:37:09 --> Could not find the language line "joborders input title"
ERROR - 2017-04-17 15:37:09 --> Could not find the language line "joborders input company_id"
ERROR - 2017-04-17 15:37:09 --> Could not find the language line "joborders input city"
ERROR - 2017-04-17 15:37:09 --> Could not find the language line "joborders input state"
ERROR - 2017-04-17 15:37:09 --> Could not find the language line "joborders input recruiter"
ERROR - 2017-04-17 15:37:09 --> Could not find the language line "joborders input owner"
ERROR - 2017-04-17 15:38:09 --> Could not find the language line "joborders input title"
ERROR - 2017-04-17 15:38:09 --> Could not find the language line "joborders input company_id"
ERROR - 2017-04-17 15:38:09 --> Could not find the language line "joborders input city"
ERROR - 2017-04-17 15:38:09 --> Could not find the language line "joborders input state"
ERROR - 2017-04-17 15:38:09 --> Could not find the language line "joborders input recruiter"
ERROR - 2017-04-17 15:38:09 --> Could not find the language line "joborders input owner"
ERROR - 2017-04-17 15:38:33 --> Could not find the language line "joborders input title"
ERROR - 2017-04-17 15:38:33 --> Could not find the language line "joborders input company_id"
ERROR - 2017-04-17 15:38:33 --> Could not find the language line "joborders input city"
ERROR - 2017-04-17 15:38:33 --> Could not find the language line "joborders input state"
ERROR - 2017-04-17 15:38:33 --> Could not find the language line "joborders input recruiter"
ERROR - 2017-04-17 15:38:33 --> Could not find the language line "joborders input owner"
ERROR - 2017-04-17 15:39:08 --> Could not find the language line "joborders input title"
ERROR - 2017-04-17 15:39:08 --> Could not find the language line "joborders input company_id"
ERROR - 2017-04-17 15:39:08 --> Could not find the language line "joborders input city"
ERROR - 2017-04-17 15:39:08 --> Could not find the language line "joborders input state"
ERROR - 2017-04-17 15:39:08 --> Could not find the language line "joborders input recruiter"
ERROR - 2017-04-17 15:39:08 --> Could not find the language line "joborders input owner"
ERROR - 2017-04-17 15:39:52 --> Could not find the language line "joborders input title"
ERROR - 2017-04-17 15:39:52 --> Could not find the language line "joborders input company_id"
ERROR - 2017-04-17 15:39:52 --> Could not find the language line "joborders input city"
ERROR - 2017-04-17 15:39:52 --> Could not find the language line "joborders input state"
ERROR - 2017-04-17 15:39:52 --> Could not find the language line "joborders input recruiter"
ERROR - 2017-04-17 15:39:52 --> Could not find the language line "joborders input owner"
ERROR - 2017-04-17 15:40:21 --> Could not find the language line "joborders input title"
ERROR - 2017-04-17 15:40:21 --> Could not find the language line "joborders input company_id"
ERROR - 2017-04-17 15:40:21 --> Could not find the language line "joborders input city"
ERROR - 2017-04-17 15:40:21 --> Could not find the language line "joborders input state"
ERROR - 2017-04-17 15:40:21 --> Could not find the language line "joborders input recruiter"
ERROR - 2017-04-17 15:40:21 --> Could not find the language line "joborders input owner"
ERROR - 2017-04-17 15:40:37 --> Could not find the language line "joborders input title"
ERROR - 2017-04-17 15:40:37 --> Could not find the language line "joborders input company_id"
ERROR - 2017-04-17 15:40:37 --> Could not find the language line "joborders input city"
ERROR - 2017-04-17 15:40:37 --> Could not find the language line "joborders input state"
ERROR - 2017-04-17 15:40:37 --> Could not find the language line "joborders input recruiter"
ERROR - 2017-04-17 15:40:37 --> Could not find the language line "joborders input owner"
ERROR - 2017-04-17 15:41:49 --> Could not find the language line "joborders input title"
ERROR - 2017-04-17 15:41:49 --> Could not find the language line "joborders input company_id"
ERROR - 2017-04-17 15:41:49 --> Could not find the language line "joborders input city"
ERROR - 2017-04-17 15:41:49 --> Could not find the language line "joborders input state"
ERROR - 2017-04-17 15:41:49 --> Could not find the language line "joborders input recruiter"
ERROR - 2017-04-17 15:41:49 --> Could not find the language line "joborders input owner"
ERROR - 2017-04-17 15:41:55 --> Could not find the language line "joborders input company date created"
ERROR - 2017-04-17 15:41:55 --> Could not find the language line "joborders input company date created"
ERROR - 2017-04-17 14:42:07 --> 404 Page Not Found: Themes/admin
ERROR - 2017-04-17 15:45:25 --> Could not find the language line "joborders input title"
ERROR - 2017-04-17 15:45:25 --> Could not find the language line "joborders input company_id"
ERROR - 2017-04-17 15:45:25 --> Could not find the language line "joborders input city"
ERROR - 2017-04-17 15:45:25 --> Could not find the language line "joborders input state"
ERROR - 2017-04-17 15:45:25 --> Could not find the language line "joborders input recruiter"
ERROR - 2017-04-17 15:45:25 --> Could not find the language line "joborders input owner"
ERROR - 2017-04-17 15:46:58 --> Could not find the language line "joborders input title"
ERROR - 2017-04-17 15:46:58 --> Could not find the language line "joborders input company_id"
ERROR - 2017-04-17 15:46:58 --> Could not find the language line "joborders input city"
ERROR - 2017-04-17 15:46:58 --> Could not find the language line "joborders input state"
ERROR - 2017-04-17 15:46:58 --> Could not find the language line "joborders input recruiter"
ERROR - 2017-04-17 15:46:58 --> Could not find the language line "joborders input owner"
ERROR - 2017-04-17 15:47:56 --> Could not find the language line "joborders input title"
ERROR - 2017-04-17 15:47:56 --> Could not find the language line "joborders input company_id"
ERROR - 2017-04-17 15:47:56 --> Could not find the language line "joborders input city"
ERROR - 2017-04-17 15:47:56 --> Could not find the language line "joborders input state"
ERROR - 2017-04-17 15:47:56 --> Could not find the language line "joborders input recruiter"
ERROR - 2017-04-17 15:47:56 --> Could not find the language line "joborders input owner"
ERROR - 2017-04-17 15:48:29 --> Could not find the language line "joborders input title"
ERROR - 2017-04-17 15:48:29 --> Could not find the language line "joborders input company_id"
ERROR - 2017-04-17 15:48:29 --> Could not find the language line "joborders input city"
ERROR - 2017-04-17 15:48:29 --> Could not find the language line "joborders input state"
ERROR - 2017-04-17 15:48:29 --> Could not find the language line "joborders input recruiter"
ERROR - 2017-04-17 15:48:29 --> Could not find the language line "joborders input owner"
ERROR - 2017-04-17 15:51:30 --> Could not find the language line "joborders input title"
ERROR - 2017-04-17 15:51:30 --> Could not find the language line "joborders input company_id"
ERROR - 2017-04-17 15:51:30 --> Could not find the language line "joborders input city"
ERROR - 2017-04-17 15:51:30 --> Could not find the language line "joborders input state"
ERROR - 2017-04-17 15:51:30 --> Could not find the language line "joborders input recruiter"
ERROR - 2017-04-17 15:51:30 --> Could not find the language line "joborders input owner"
ERROR - 2017-04-17 15:53:04 --> Could not find the language line "joborders input title"
ERROR - 2017-04-17 15:53:04 --> Could not find the language line "joborders input company_id"
ERROR - 2017-04-17 15:53:04 --> Could not find the language line "joborders input city"
ERROR - 2017-04-17 15:53:04 --> Could not find the language line "joborders input state"
ERROR - 2017-04-17 15:53:04 --> Could not find the language line "joborders input recruiter"
ERROR - 2017-04-17 15:53:04 --> Could not find the language line "joborders input owner"
ERROR - 2017-04-17 15:53:25 --> Could not find the language line "joborders input title"
ERROR - 2017-04-17 15:53:25 --> Could not find the language line "joborders input company_id"
ERROR - 2017-04-17 15:53:25 --> Could not find the language line "joborders input city"
ERROR - 2017-04-17 15:53:25 --> Could not find the language line "joborders input state"
ERROR - 2017-04-17 15:53:25 --> Could not find the language line "joborders input recruiter"
ERROR - 2017-04-17 15:53:25 --> Could not find the language line "joborders input owner"
ERROR - 2017-04-17 15:54:21 --> Could not find the language line "joborders input title"
ERROR - 2017-04-17 15:54:21 --> Could not find the language line "joborders input company_id"
ERROR - 2017-04-17 15:54:21 --> Could not find the language line "joborders input city"
ERROR - 2017-04-17 15:54:21 --> Could not find the language line "joborders input state"
ERROR - 2017-04-17 15:54:21 --> Could not find the language line "joborders input recruiter"
ERROR - 2017-04-17 15:54:21 --> Could not find the language line "joborders input owner"
ERROR - 2017-04-17 15:55:14 --> Could not find the language line "joborders input title"
ERROR - 2017-04-17 15:55:14 --> Could not find the language line "joborders input company_id"
ERROR - 2017-04-17 15:55:14 --> Could not find the language line "joborders input city"
ERROR - 2017-04-17 15:55:14 --> Could not find the language line "joborders input state"
ERROR - 2017-04-17 15:55:14 --> Could not find the language line "joborders input recruiter"
ERROR - 2017-04-17 15:55:14 --> Could not find the language line "joborders input owner"
ERROR - 2017-04-17 15:55:58 --> Could not find the language line "joborders input title"
ERROR - 2017-04-17 15:55:58 --> Could not find the language line "joborders input company_id"
ERROR - 2017-04-17 15:55:58 --> Could not find the language line "joborders input city"
ERROR - 2017-04-17 15:55:58 --> Could not find the language line "joborders input state"
ERROR - 2017-04-17 15:55:58 --> Could not find the language line "joborders input recruiter"
ERROR - 2017-04-17 15:55:58 --> Could not find the language line "joborders input owner"
ERROR - 2017-04-17 15:56:07 --> Could not find the language line "joborders input title"
ERROR - 2017-04-17 15:56:07 --> Could not find the language line "joborders input company_id"
ERROR - 2017-04-17 15:56:07 --> Could not find the language line "joborders input city"
ERROR - 2017-04-17 15:56:07 --> Could not find the language line "joborders input state"
ERROR - 2017-04-17 15:56:07 --> Could not find the language line "joborders input recruiter"
ERROR - 2017-04-17 15:56:07 --> Could not find the language line "joborders input owner"
ERROR - 2017-04-17 15:56:22 --> Could not find the language line "joborders input title"
ERROR - 2017-04-17 15:56:22 --> Could not find the language line "joborders input company_id"
ERROR - 2017-04-17 15:56:22 --> Could not find the language line "joborders input city"
ERROR - 2017-04-17 15:56:22 --> Could not find the language line "joborders input state"
ERROR - 2017-04-17 15:56:22 --> Could not find the language line "joborders input recruiter"
ERROR - 2017-04-17 15:56:22 --> Could not find the language line "joborders input owner"
ERROR - 2017-04-17 15:56:38 --> Could not find the language line "joborders input title"
ERROR - 2017-04-17 15:56:38 --> Could not find the language line "joborders input company_id"
ERROR - 2017-04-17 15:56:38 --> Could not find the language line "joborders input city"
ERROR - 2017-04-17 15:56:38 --> Could not find the language line "joborders input state"
ERROR - 2017-04-17 15:56:38 --> Could not find the language line "joborders input recruiter"
ERROR - 2017-04-17 15:56:38 --> Could not find the language line "joborders input owner"
ERROR - 2017-04-17 15:57:22 --> Could not find the language line "joborders input title"
ERROR - 2017-04-17 15:57:22 --> Could not find the language line "joborders input company_id"
ERROR - 2017-04-17 15:57:22 --> Could not find the language line "joborders input city"
ERROR - 2017-04-17 15:57:22 --> Could not find the language line "joborders input state"
ERROR - 2017-04-17 15:57:22 --> Could not find the language line "joborders input recruiter"
ERROR - 2017-04-17 15:57:22 --> Could not find the language line "joborders input owner"
ERROR - 2017-04-17 15:57:26 --> Could not find the language line "joborders input title"
ERROR - 2017-04-17 15:57:26 --> Could not find the language line "joborders input company_id"
ERROR - 2017-04-17 15:57:26 --> Could not find the language line "joborders input city"
ERROR - 2017-04-17 15:57:26 --> Could not find the language line "joborders input state"
ERROR - 2017-04-17 15:57:26 --> Could not find the language line "joborders input recruiter"
ERROR - 2017-04-17 15:57:26 --> Could not find the language line "joborders input owner"
ERROR - 2017-04-17 15:59:46 --> Could not find the language line "joborders input title"
ERROR - 2017-04-17 15:59:46 --> Could not find the language line "joborders input company_id"
ERROR - 2017-04-17 15:59:46 --> Could not find the language line "joborders input city"
ERROR - 2017-04-17 15:59:46 --> Could not find the language line "joborders input state"
ERROR - 2017-04-17 15:59:46 --> Could not find the language line "joborders input recruiter"
ERROR - 2017-04-17 15:59:46 --> Could not find the language line "joborders input owner"
ERROR - 2017-04-17 16:00:36 --> Could not find the language line "joborders input title"
ERROR - 2017-04-17 16:00:36 --> Could not find the language line "joborders input company_id"
ERROR - 2017-04-17 16:00:36 --> Could not find the language line "joborders input city"
ERROR - 2017-04-17 16:00:36 --> Could not find the language line "joborders input state"
ERROR - 2017-04-17 16:00:36 --> Could not find the language line "joborders input recruiter"
ERROR - 2017-04-17 16:00:36 --> Could not find the language line "joborders input owner"
ERROR - 2017-04-17 16:06:24 --> Could not find the language line "joborders input title"
ERROR - 2017-04-17 16:06:24 --> Could not find the language line "joborders input company_id"
ERROR - 2017-04-17 16:06:24 --> Could not find the language line "joborders input city"
ERROR - 2017-04-17 16:06:24 --> Could not find the language line "joborders input state"
ERROR - 2017-04-17 16:06:24 --> Could not find the language line "joborders input recruiter"
ERROR - 2017-04-17 16:06:24 --> Could not find the language line "joborders input owner"
ERROR - 2017-04-17 16:07:01 --> Could not find the language line "joborders input title"
ERROR - 2017-04-17 16:07:01 --> Could not find the language line "joborders input company_id"
ERROR - 2017-04-17 16:07:01 --> Could not find the language line "joborders input city"
ERROR - 2017-04-17 16:07:01 --> Could not find the language line "joborders input state"
ERROR - 2017-04-17 16:07:01 --> Could not find the language line "joborders input recruiter"
ERROR - 2017-04-17 16:07:01 --> Could not find the language line "joborders input owner"
ERROR - 2017-04-17 15:07:52 --> 404 Page Not Found: Themes/admin
ERROR - 2017-04-17 16:08:05 --> Could not find the language line "joborders input title"
ERROR - 2017-04-17 16:08:05 --> Could not find the language line "joborders input company_id"
ERROR - 2017-04-17 16:08:05 --> Could not find the language line "joborders input city"
ERROR - 2017-04-17 16:08:05 --> Could not find the language line "joborders input state"
ERROR - 2017-04-17 16:08:05 --> Could not find the language line "joborders input recruiter"
ERROR - 2017-04-17 16:08:05 --> Could not find the language line "joborders input owner"
ERROR - 2017-04-17 16:08:56 --> Could not find the language line "joborders input title"
ERROR - 2017-04-17 16:08:56 --> Could not find the language line "joborders input company_id"
ERROR - 2017-04-17 16:08:56 --> Could not find the language line "joborders input city"
ERROR - 2017-04-17 16:08:56 --> Could not find the language line "joborders input state"
ERROR - 2017-04-17 16:08:56 --> Could not find the language line "joborders input recruiter"
ERROR - 2017-04-17 16:08:56 --> Could not find the language line "joborders input owner"
ERROR - 2017-04-17 16:09:21 --> Could not find the language line "joborders input title"
ERROR - 2017-04-17 16:09:21 --> Could not find the language line "joborders input company_id"
ERROR - 2017-04-17 16:09:21 --> Could not find the language line "joborders input city"
ERROR - 2017-04-17 16:09:21 --> Could not find the language line "joborders input state"
ERROR - 2017-04-17 16:09:21 --> Could not find the language line "joborders input recruiter"
ERROR - 2017-04-17 16:09:21 --> Could not find the language line "joborders input owner"
ERROR - 2017-04-17 16:10:19 --> Could not find the language line "joborders input title"
ERROR - 2017-04-17 16:10:19 --> Could not find the language line "joborders input company_id"
ERROR - 2017-04-17 16:10:19 --> Could not find the language line "joborders input city"
ERROR - 2017-04-17 16:10:19 --> Could not find the language line "joborders input state"
ERROR - 2017-04-17 16:10:19 --> Could not find the language line "joborders input recruiter"
ERROR - 2017-04-17 16:10:19 --> Could not find the language line "joborders input owner"
ERROR - 2017-04-17 16:10:46 --> Could not find the language line "joborders input title"
ERROR - 2017-04-17 16:10:46 --> Could not find the language line "joborders input company_id"
ERROR - 2017-04-17 16:10:46 --> Could not find the language line "joborders input city"
ERROR - 2017-04-17 16:10:46 --> Could not find the language line "joborders input state"
ERROR - 2017-04-17 16:10:46 --> Could not find the language line "joborders input recruiter"
ERROR - 2017-04-17 16:10:46 --> Could not find the language line "joborders input owner"
ERROR - 2017-04-17 16:11:30 --> Could not find the language line "joborders input title"
ERROR - 2017-04-17 16:11:30 --> Could not find the language line "joborders input company_id"
ERROR - 2017-04-17 16:11:30 --> Could not find the language line "joborders input city"
ERROR - 2017-04-17 16:11:30 --> Could not find the language line "joborders input state"
ERROR - 2017-04-17 16:11:30 --> Could not find the language line "joborders input recruiter"
ERROR - 2017-04-17 16:11:30 --> Could not find the language line "joborders input owner"
ERROR - 2017-04-17 16:12:02 --> Could not find the language line "joborders input title"
ERROR - 2017-04-17 16:12:02 --> Could not find the language line "joborders input company_id"
ERROR - 2017-04-17 16:12:02 --> Could not find the language line "joborders input city"
ERROR - 2017-04-17 16:12:02 --> Could not find the language line "joborders input state"
ERROR - 2017-04-17 16:12:02 --> Could not find the language line "joborders input recruiter"
ERROR - 2017-04-17 16:12:02 --> Could not find the language line "joborders input owner"
ERROR - 2017-04-17 16:12:23 --> Could not find the language line "joborders input title"
ERROR - 2017-04-17 16:12:23 --> Could not find the language line "joborders input company_id"
ERROR - 2017-04-17 16:12:23 --> Could not find the language line "joborders input city"
ERROR - 2017-04-17 16:12:23 --> Could not find the language line "joborders input state"
ERROR - 2017-04-17 16:12:23 --> Could not find the language line "joborders input recruiter"
ERROR - 2017-04-17 16:12:23 --> Could not find the language line "joborders input owner"
ERROR - 2017-04-17 16:14:17 --> Could not find the language line "joborders input title"
ERROR - 2017-04-17 16:14:17 --> Could not find the language line "joborders input company_id"
ERROR - 2017-04-17 16:14:17 --> Could not find the language line "joborders input city"
ERROR - 2017-04-17 16:14:17 --> Could not find the language line "joborders input state"
ERROR - 2017-04-17 16:14:17 --> Could not find the language line "joborders input recruiter"
ERROR - 2017-04-17 16:14:17 --> Could not find the language line "joborders input owner"
ERROR - 2017-04-17 16:14:43 --> Could not find the language line "joborders input title"
ERROR - 2017-04-17 16:14:43 --> Could not find the language line "joborders input company_id"
ERROR - 2017-04-17 16:14:43 --> Could not find the language line "joborders input city"
ERROR - 2017-04-17 16:14:43 --> Could not find the language line "joborders input state"
ERROR - 2017-04-17 16:14:43 --> Could not find the language line "joborders input recruiter"
ERROR - 2017-04-17 16:14:43 --> Could not find the language line "joborders input owner"
ERROR - 2017-04-17 16:15:42 --> Could not find the language line "joborders input title"
ERROR - 2017-04-17 16:15:42 --> Could not find the language line "joborders input company_id"
ERROR - 2017-04-17 16:15:42 --> Could not find the language line "joborders input city"
ERROR - 2017-04-17 16:15:42 --> Could not find the language line "joborders input state"
ERROR - 2017-04-17 16:15:42 --> Could not find the language line "joborders input recruiter"
ERROR - 2017-04-17 16:15:42 --> Could not find the language line "joborders input owner"
ERROR - 2017-04-17 16:16:05 --> Could not find the language line "joborders input title"
ERROR - 2017-04-17 16:16:05 --> Could not find the language line "joborders input company_id"
ERROR - 2017-04-17 16:16:05 --> Could not find the language line "joborders input city"
ERROR - 2017-04-17 16:16:05 --> Could not find the language line "joborders input state"
ERROR - 2017-04-17 16:16:05 --> Could not find the language line "joborders input recruiter"
ERROR - 2017-04-17 16:16:05 --> Could not find the language line "joborders input owner"
ERROR - 2017-04-17 16:16:44 --> Could not find the language line "joborders input title"
ERROR - 2017-04-17 16:16:45 --> Could not find the language line "joborders input company_id"
ERROR - 2017-04-17 16:16:45 --> Could not find the language line "joborders input city"
ERROR - 2017-04-17 16:16:45 --> Could not find the language line "joborders input state"
ERROR - 2017-04-17 16:16:45 --> Could not find the language line "joborders input recruiter"
ERROR - 2017-04-17 16:16:45 --> Could not find the language line "joborders input owner"
ERROR - 2017-04-17 16:16:45 --> Could not find the language line "joborders input title"
ERROR - 2017-04-17 16:16:45 --> Could not find the language line "joborders input company_id"
ERROR - 2017-04-17 16:16:45 --> Could not find the language line "joborders input city"
ERROR - 2017-04-17 16:16:45 --> Could not find the language line "joborders input state"
ERROR - 2017-04-17 16:16:45 --> Could not find the language line "joborders input recruiter"
ERROR - 2017-04-17 16:16:45 --> Could not find the language line "joborders input owner"
ERROR - 2017-04-17 16:16:46 --> Could not find the language line "joborders input title"
ERROR - 2017-04-17 16:16:46 --> Could not find the language line "joborders input company_id"
ERROR - 2017-04-17 16:16:46 --> Could not find the language line "joborders input city"
ERROR - 2017-04-17 16:16:46 --> Could not find the language line "joborders input state"
ERROR - 2017-04-17 16:16:46 --> Could not find the language line "joborders input recruiter"
ERROR - 2017-04-17 16:16:46 --> Could not find the language line "joborders input owner"
ERROR - 2017-04-17 16:16:46 --> Could not find the language line "joborders input title"
ERROR - 2017-04-17 16:16:46 --> Could not find the language line "joborders input company_id"
ERROR - 2017-04-17 16:16:46 --> Could not find the language line "joborders input city"
ERROR - 2017-04-17 16:16:46 --> Could not find the language line "joborders input state"
ERROR - 2017-04-17 16:16:46 --> Could not find the language line "joborders input recruiter"
ERROR - 2017-04-17 16:16:46 --> Could not find the language line "joborders input owner"
ERROR - 2017-04-17 16:16:46 --> Could not find the language line "joborders input title"
ERROR - 2017-04-17 16:16:46 --> Could not find the language line "joborders input company_id"
ERROR - 2017-04-17 16:16:46 --> Could not find the language line "joborders input city"
ERROR - 2017-04-17 16:16:46 --> Could not find the language line "joborders input state"
ERROR - 2017-04-17 16:16:46 --> Could not find the language line "joborders input recruiter"
ERROR - 2017-04-17 16:16:46 --> Could not find the language line "joborders input owner"
ERROR - 2017-04-17 16:16:46 --> Could not find the language line "joborders input title"
ERROR - 2017-04-17 16:16:46 --> Could not find the language line "joborders input company_id"
ERROR - 2017-04-17 16:16:46 --> Could not find the language line "joborders input city"
ERROR - 2017-04-17 16:16:46 --> Could not find the language line "joborders input state"
ERROR - 2017-04-17 16:16:46 --> Could not find the language line "joborders input recruiter"
ERROR - 2017-04-17 16:16:46 --> Could not find the language line "joborders input owner"
ERROR - 2017-04-17 16:17:37 --> Could not find the language line "joborders input title"
ERROR - 2017-04-17 16:17:37 --> Could not find the language line "joborders input company_id"
ERROR - 2017-04-17 16:17:37 --> Could not find the language line "joborders input city"
ERROR - 2017-04-17 16:17:37 --> Could not find the language line "joborders input state"
ERROR - 2017-04-17 16:17:37 --> Could not find the language line "joborders input recruiter"
ERROR - 2017-04-17 16:17:37 --> Could not find the language line "joborders input owner"
ERROR - 2017-04-17 16:17:50 --> Could not find the language line "joborders input title"
ERROR - 2017-04-17 16:17:50 --> Could not find the language line "joborders input company_id"
ERROR - 2017-04-17 16:17:50 --> Could not find the language line "joborders input city"
ERROR - 2017-04-17 16:17:50 --> Could not find the language line "joborders input state"
ERROR - 2017-04-17 16:17:50 --> Could not find the language line "joborders input recruiter"
ERROR - 2017-04-17 16:17:50 --> Could not find the language line "joborders input owner"
ERROR - 2017-04-17 21:48:12 --> 404 Page Not Found: Themes/admin
ERROR - 2017-04-17 22:48:15 --> Could not find the language line "joborders input company date created"
ERROR - 2017-04-17 22:48:15 --> Could not find the language line "joborders input company date created"
ERROR - 2017-04-17 22:48:18 --> Could not find the language line "joborders input title"
ERROR - 2017-04-17 22:48:18 --> Could not find the language line "joborders input company_id"
ERROR - 2017-04-17 22:48:18 --> Could not find the language line "joborders input city"
ERROR - 2017-04-17 22:48:18 --> Could not find the language line "joborders input state"
ERROR - 2017-04-17 22:48:18 --> Could not find the language line "joborders input recruiter"
ERROR - 2017-04-17 22:48:18 --> Could not find the language line "joborders input owner"
